#
# There is insufficient memory for the Java Runtime Environment to continue.
# Native memory allocation (malloc) failed to allocate 889376 bytes for Chunk::new
# Possible reasons:
#   The system is out of physical RAM or swap space
#   The process is running with CompressedOops enabled, and the Java Heap may be blocking the growth of the native heap
# Possible solutions:
#   Reduce memory load on the system
#   Increase physical memory or swap space
#   Check if swap backing store is full
#   Decrease Java heap size (-Xmx/-Xms)
#   Decrease number of Java threads
#   Decrease Java thread stack sizes (-Xss)
#   Set larger code cache with -XX:ReservedCodeCacheSize=
#   JVM is running with Unscaled Compressed Oops mode in which the Java heap is
#     placed in the first 4GB address space. The Java Heap base address is the
#     maximum limit for the native heap growth. Please use -XX:HeapBaseMinAddress
#     to set the Java Heap base and to place the Java Heap above 4GB virtual address.
# This output file may be truncated or incomplete.
#
#  Out of Memory Error (t:/workspace/open/src/hotspot/share/memory/arena.cpp:196), pid=16860, tid=3136
#
# JRE version: Java(TM) SE Runtime Environment (13.0.2+8) (build 13.0.2+8)
# Java VM: Java HotSpot(TM) 64-Bit Server VM (13.0.2+8, mixed mode, sharing, tiered, compressed oops, g1 gc, windows-amd64)
# No core dump will be written. Minidumps are not enabled by default on client versions of Windows
#

---------------  S U M M A R Y ------------

Command Line: -Dclassworlds.conf=X:\ALL\Private Software\NetBeans\NetBeans-12.3\netbeans\java\maven\bin\..\bin\m2.conf -Dmaven.home=X:\ALL\Private Software\NetBeans\NetBeans-12.3\netbeans\java\maven\bin\.. -Dlibrary.jansi.path=X:\ALL\Private Software\NetBeans\NetBeans-12.3\netbeans\java\maven\bin\..\lib\jansi-native -Dmaven.multiModuleProjectDirectory=C:\Users\User\Documents\NetBeansProjects\MonsterSpirit org.codehaus.plexus.classworlds.launcher.Launcher -Dmaven.ext.class.path=X:\ALL\Private Software\NetBeans\NetBeans-12.3\netbeans\java\maven-nblib\netbeans-eventspy.jar -Dfile.encoding=UTF-8 clean install

Host: AMD A9-9420 RADEON R5, 5 COMPUTE CORES 2C+3G   , 2 cores, 7G,  Windows 10 , 64 bit Build 19041 (10.0.19041.928)
Time: Sun Jul  4 20:19:16 2021 SE Asia Standard Time elapsed time: 6 seconds (0d 0h 0m 6s)

---------------  T H R E A D  ---------------

Current thread (0x0000013840b81800):  JavaThread "C2 CompilerThread0" daemon [_thread_in_native, id=3136, stack(0x0000003177500000,0x0000003177600000)]


Current CompileTask:
C2:   6387 1812   !   4       java.net.URL::<init> (543 bytes)

Stack: [0x0000003177500000,0x0000003177600000]
Native frames: (J=compiled Java code, j=interpreted, Vv=VM code, C=native code)
V  [jvm.dll+0x624f9a]
V  [jvm.dll+0x770cfa]
V  [jvm.dll+0x7724af]
V  [jvm.dll+0x772ab3]
V  [jvm.dll+0x24bf08]
V  [jvm.dll+0xc1e47]
V  [jvm.dll+0xc23cc]
V  [jvm.dll+0x2bdbf4]
V  [jvm.dll+0x5441fd]
V  [jvm.dll+0x20e00a]
V  [jvm.dll+0x207ace]
V  [jvm.dll+0x204d1d]
V  [jvm.dll+0x189c2c]
V  [jvm.dll+0x213e6d]
V  [jvm.dll+0x2120bb]
V  [jvm.dll+0x736bb6]
V  [jvm.dll+0x72fcaa]
V  [jvm.dll+0x623ea6]
C  [ucrtbase.dll+0x21bb2]
C  [KERNEL32.DLL+0x17034]
C  [ntdll.dll+0x52651]


---------------  P R O C E S S  ---------------

Threads class SMR info:
_java_thread_list=0x00000138415adfb0, length=10, elements={
0x000001382267e000, 0x0000013840b5c800, 0x0000013840b62000, 0x0000013840b7f000,
0x0000013840b80000, 0x0000013840b81800, 0x0000013840b8a800, 0x0000013840b98800,
0x00000138415d5000, 0x00000138415e0000
}

Java Threads: ( => current thread )
  0x000001382267e000 JavaThread "main" [_thread_in_vm, id=13932, stack(0x0000003176a00000,0x0000003176b00000)]
  0x0000013840b5c800 JavaThread "Reference Handler" daemon [_thread_blocked, id=13000, stack(0x0000003177100000,0x0000003177200000)]
  0x0000013840b62000 JavaThread "Finalizer" daemon [_thread_blocked, id=2984, stack(0x0000003177200000,0x0000003177300000)]
  0x0000013840b7f000 JavaThread "Signal Dispatcher" daemon [_thread_blocked, id=11164, stack(0x0000003177300000,0x0000003177400000)]
  0x0000013840b80000 JavaThread "Attach Listener" daemon [_thread_blocked, id=11856, stack(0x0000003177400000,0x0000003177500000)]
=>0x0000013840b81800 JavaThread "C2 CompilerThread0" daemon [_thread_in_native, id=3136, stack(0x0000003177500000,0x0000003177600000)]
  0x0000013840b8a800 JavaThread "C1 CompilerThread0" daemon [_thread_in_native, id=12956, stack(0x0000003177600000,0x0000003177700000)]
  0x0000013840b98800 JavaThread "Sweeper thread" daemon [_thread_blocked, id=10556, stack(0x0000003177700000,0x0000003177800000)]
  0x00000138415d5000 JavaThread "Service Thread" daemon [_thread_blocked, id=2488, stack(0x0000003177800000,0x0000003177900000)]
  0x00000138415e0000 JavaThread "Common-Cleaner" daemon [_thread_blocked, id=18580, stack(0x0000003177a00000,0x0000003177b00000)]

Other Threads:
  0x000001382275e800 VMThread "VM Thread" [stack: 0x0000003177000000,0x0000003177100000] [id=9276]
  0x00000138415da800 WatcherThread [stack: 0x0000003177900000,0x0000003177a00000] [id=6384]
  0x00000138226be000 GCTaskThread "GC Thread#0" [stack: 0x0000003176b00000,0x0000003176c00000] [id=12668]
  0x00000138415d7000 GCTaskThread "GC Thread#1" [stack: 0x0000003177b00000,0x0000003177c00000] [id=13392]
  0x00000138226cf000 ConcurrentGCThread "G1 Main Marker" [stack: 0x0000003176c00000,0x0000003176d00000] [id=916]
  0x00000138226d0800 ConcurrentGCThread "G1 Conc#0" [stack: 0x0000003176d00000,0x0000003176e00000] [id=14036]
  0x0000013822746000 ConcurrentGCThread "G1 Refine#0" [stack: 0x0000003176e00000,0x0000003176f00000] [id=10300]
  0x0000013822748000 ConcurrentGCThread "G1 Young RemSet Sampling" [stack: 0x0000003176f00000,0x0000003177000000] [id=12016]

Threads with active compile tasks:
C2 CompilerThread0     6459 1812   !   4       java.net.URL::<init> (543 bytes)
C1 CompilerThread0     6459 1903   !   3       com.google.inject.spi.InjectionPoint::forConstructorOf (241 bytes)

VM state:not at safepoint (normal execution)

VM Mutex/Monitor currently owned by a thread:  ([mutex/lock_event])
[0x0000013822677800] CodeCache_lock - owner thread: 0x0000013840b8a800
[0x000001382267a280] Compile_lock - owner thread: 0x0000013840b8a800
[0x0000013822679980] MethodCompileQueue_lock - owner thread: 0x0000013840b8a800

Heap address: 0x0000000088a00000, size: 1910 MB, Compressed Oops mode: 32-bit
Narrow klass base: 0x0000000800000000, Narrow klass shift: 3
Compressed class space size: 1073741824 Address: 0x0000000800b40000

Heap:
 garbage-first heap   total 122880K, used 25681K [0x0000000088a00000, 0x0000000100000000)
  region size 1024K, 24 young (24576K), 2 survivors (2048K)
 Metaspace       used 10522K, capacity 12729K, committed 12928K, reserved 1060864K
  class space    used 1278K, capacity 1575K, committed 1664K, reserved 1048576K
Heap Regions: E=young(eden), S=young(survivor), O=old, HS=humongous(starts), HC=humongous(continues), CS=collection set, F=free, A=archive, TAMS=top-at-mark-start (previous, next)
|   0|0x0000000088a00000, 0x0000000088b00000, 0x0000000088b00000|100%| O|  |TAMS 0x0000000088a00000, 0x0000000088a00000| Untracked 
|   1|0x0000000088b00000, 0x0000000088c00000, 0x0000000088c00000|100%| O|  |TAMS 0x0000000088b00000, 0x0000000088b00000| Untracked 
|   2|0x0000000088c00000, 0x0000000088c1c000, 0x0000000088d00000| 10%| O|  |TAMS 0x0000000088c00000, 0x0000000088c00000| Untracked 
|   3|0x0000000088d00000, 0x0000000088d00000, 0x0000000088e00000|  0%| F|  |TAMS 0x0000000088d00000, 0x0000000088d00000| Untracked 
|   4|0x0000000088e00000, 0x0000000088e00000, 0x0000000088f00000|  0%| F|  |TAMS 0x0000000088e00000, 0x0000000088e00000| Untracked 
|   5|0x0000000088f00000, 0x0000000088f00000, 0x0000000089000000|  0%| F|  |TAMS 0x0000000088f00000, 0x0000000088f00000| Untracked 
|   6|0x0000000089000000, 0x0000000089000000, 0x0000000089100000|  0%| F|  |TAMS 0x0000000089000000, 0x0000000089000000| Untracked 
|   7|0x0000000089100000, 0x0000000089100000, 0x0000000089200000|  0%| F|  |TAMS 0x0000000089100000, 0x0000000089100000| Untracked 
|   8|0x0000000089200000, 0x0000000089200000, 0x0000000089300000|  0%| F|  |TAMS 0x0000000089200000, 0x0000000089200000| Untracked 
|   9|0x0000000089300000, 0x0000000089300000, 0x0000000089400000|  0%| F|  |TAMS 0x0000000089300000, 0x0000000089300000| Untracked 
|  10|0x0000000089400000, 0x0000000089400000, 0x0000000089500000|  0%| F|  |TAMS 0x0000000089400000, 0x0000000089400000| Untracked 
|  11|0x0000000089500000, 0x0000000089500000, 0x0000000089600000|  0%| F|  |TAMS 0x0000000089500000, 0x0000000089500000| Untracked 
|  12|0x0000000089600000, 0x0000000089600000, 0x0000000089700000|  0%| F|  |TAMS 0x0000000089600000, 0x0000000089600000| Untracked 
|  13|0x0000000089700000, 0x0000000089700000, 0x0000000089800000|  0%| F|  |TAMS 0x0000000089700000, 0x0000000089700000| Untracked 
|  14|0x0000000089800000, 0x0000000089800000, 0x0000000089900000|  0%| F|  |TAMS 0x0000000089800000, 0x0000000089800000| Untracked 
|  15|0x0000000089900000, 0x0000000089900000, 0x0000000089a00000|  0%| F|  |TAMS 0x0000000089900000, 0x0000000089900000| Untracked 
|  16|0x0000000089a00000, 0x0000000089a00000, 0x0000000089b00000|  0%| F|  |TAMS 0x0000000089a00000, 0x0000000089a00000| Untracked 
|  17|0x0000000089b00000, 0x0000000089b00000, 0x0000000089c00000|  0%| F|  |TAMS 0x0000000089b00000, 0x0000000089b00000| Untracked 
|  18|0x0000000089c00000, 0x0000000089c00000, 0x0000000089d00000|  0%| F|  |TAMS 0x0000000089c00000, 0x0000000089c00000| Untracked 
|  19|0x0000000089d00000, 0x0000000089d00000, 0x0000000089e00000|  0%| F|  |TAMS 0x0000000089d00000, 0x0000000089d00000| Untracked 
|  20|0x0000000089e00000, 0x0000000089e00000, 0x0000000089f00000|  0%| F|  |TAMS 0x0000000089e00000, 0x0000000089e00000| Untracked 
|  21|0x0000000089f00000, 0x0000000089f00000, 0x000000008a000000|  0%| F|  |TAMS 0x0000000089f00000, 0x0000000089f00000| Untracked 
|  22|0x000000008a000000, 0x000000008a000000, 0x000000008a100000|  0%| F|  |TAMS 0x000000008a000000, 0x000000008a000000| Untracked 
|  23|0x000000008a100000, 0x000000008a100000, 0x000000008a200000|  0%| F|  |TAMS 0x000000008a100000, 0x000000008a100000| Untracked 
|  24|0x000000008a200000, 0x000000008a200000, 0x000000008a300000|  0%| F|  |TAMS 0x000000008a200000, 0x000000008a200000| Untracked 
|  25|0x000000008a300000, 0x000000008a300000, 0x000000008a400000|  0%| F|  |TAMS 0x000000008a300000, 0x000000008a300000| Untracked 
|  26|0x000000008a400000, 0x000000008a400000, 0x000000008a500000|  0%| F|  |TAMS 0x000000008a400000, 0x000000008a400000| Untracked 
|  27|0x000000008a500000, 0x000000008a500000, 0x000000008a600000|  0%| F|  |TAMS 0x000000008a500000, 0x000000008a500000| Untracked 
|  28|0x000000008a600000, 0x000000008a600000, 0x000000008a700000|  0%| F|  |TAMS 0x000000008a600000, 0x000000008a600000| Untracked 
|  29|0x000000008a700000, 0x000000008a700000, 0x000000008a800000|  0%| F|  |TAMS 0x000000008a700000, 0x000000008a700000| Untracked 
|  30|0x000000008a800000, 0x000000008a800000, 0x000000008a900000|  0%| F|  |TAMS 0x000000008a800000, 0x000000008a800000| Untracked 
|  31|0x000000008a900000, 0x000000008a900000, 0x000000008aa00000|  0%| F|  |TAMS 0x000000008a900000, 0x000000008a900000| Untracked 
|  32|0x000000008aa00000, 0x000000008aa00000, 0x000000008ab00000|  0%| F|  |TAMS 0x000000008aa00000, 0x000000008aa00000| Untracked 
|  33|0x000000008ab00000, 0x000000008ab00000, 0x000000008ac00000|  0%| F|  |TAMS 0x000000008ab00000, 0x000000008ab00000| Untracked 
|  34|0x000000008ac00000, 0x000000008ac00000, 0x000000008ad00000|  0%| F|  |TAMS 0x000000008ac00000, 0x000000008ac00000| Untracked 
|  35|0x000000008ad00000, 0x000000008ad00000, 0x000000008ae00000|  0%| F|  |TAMS 0x000000008ad00000, 0x000000008ad00000| Untracked 
|  36|0x000000008ae00000, 0x000000008ae00000, 0x000000008af00000|  0%| F|  |TAMS 0x000000008ae00000, 0x000000008ae00000| Untracked 
|  37|0x000000008af00000, 0x000000008af00000, 0x000000008b000000|  0%| F|  |TAMS 0x000000008af00000, 0x000000008af00000| Untracked 
|  38|0x000000008b000000, 0x000000008b000000, 0x000000008b100000|  0%| F|  |TAMS 0x000000008b000000, 0x000000008b000000| Untracked 
|  39|0x000000008b100000, 0x000000008b100000, 0x000000008b200000|  0%| F|  |TAMS 0x000000008b100000, 0x000000008b100000| Untracked 
|  40|0x000000008b200000, 0x000000008b200000, 0x000000008b300000|  0%| F|  |TAMS 0x000000008b200000, 0x000000008b200000| Untracked 
|  41|0x000000008b300000, 0x000000008b300000, 0x000000008b400000|  0%| F|  |TAMS 0x000000008b300000, 0x000000008b300000| Untracked 
|  42|0x000000008b400000, 0x000000008b400000, 0x000000008b500000|  0%| F|  |TAMS 0x000000008b400000, 0x000000008b400000| Untracked 
|  43|0x000000008b500000, 0x000000008b500000, 0x000000008b600000|  0%| F|  |TAMS 0x000000008b500000, 0x000000008b500000| Untracked 
|  44|0x000000008b600000, 0x000000008b600000, 0x000000008b700000|  0%| F|  |TAMS 0x000000008b600000, 0x000000008b600000| Untracked 
|  45|0x000000008b700000, 0x000000008b700000, 0x000000008b800000|  0%| F|  |TAMS 0x000000008b700000, 0x000000008b700000| Untracked 
|  46|0x000000008b800000, 0x000000008b800000, 0x000000008b900000|  0%| F|  |TAMS 0x000000008b800000, 0x000000008b800000| Untracked 
|  47|0x000000008b900000, 0x000000008b900000, 0x000000008ba00000|  0%| F|  |TAMS 0x000000008b900000, 0x000000008b900000| Untracked 
|  48|0x000000008ba00000, 0x000000008ba00000, 0x000000008bb00000|  0%| F|  |TAMS 0x000000008ba00000, 0x000000008ba00000| Untracked 
|  49|0x000000008bb00000, 0x000000008bb00000, 0x000000008bc00000|  0%| F|  |TAMS 0x000000008bb00000, 0x000000008bb00000| Untracked 
|  50|0x000000008bc00000, 0x000000008bc00000, 0x000000008bd00000|  0%| F|  |TAMS 0x000000008bc00000, 0x000000008bc00000| Untracked 
|  51|0x000000008bd00000, 0x000000008bd00000, 0x000000008be00000|  0%| F|  |TAMS 0x000000008bd00000, 0x000000008bd00000| Untracked 
|  52|0x000000008be00000, 0x000000008be00000, 0x000000008bf00000|  0%| F|  |TAMS 0x000000008be00000, 0x000000008be00000| Untracked 
|  53|0x000000008bf00000, 0x000000008bf00000, 0x000000008c000000|  0%| F|  |TAMS 0x000000008bf00000, 0x000000008bf00000| Untracked 
|  54|0x000000008c000000, 0x000000008c000000, 0x000000008c100000|  0%| F|  |TAMS 0x000000008c000000, 0x000000008c000000| Untracked 
|  55|0x000000008c100000, 0x000000008c100000, 0x000000008c200000|  0%| F|  |TAMS 0x000000008c100000, 0x000000008c100000| Untracked 
|  56|0x000000008c200000, 0x000000008c200000, 0x000000008c300000|  0%| F|  |TAMS 0x000000008c200000, 0x000000008c200000| Untracked 
|  57|0x000000008c300000, 0x000000008c300000, 0x000000008c400000|  0%| F|  |TAMS 0x000000008c300000, 0x000000008c300000| Untracked 
|  58|0x000000008c400000, 0x000000008c400000, 0x000000008c500000|  0%| F|  |TAMS 0x000000008c400000, 0x000000008c400000| Untracked 
|  59|0x000000008c500000, 0x000000008c500000, 0x000000008c600000|  0%| F|  |TAMS 0x000000008c500000, 0x000000008c500000| Untracked 
|  60|0x000000008c600000, 0x000000008c600000, 0x000000008c700000|  0%| F|  |TAMS 0x000000008c600000, 0x000000008c600000| Untracked 
|  61|0x000000008c700000, 0x000000008c700000, 0x000000008c800000|  0%| F|  |TAMS 0x000000008c700000, 0x000000008c700000| Untracked 
|  62|0x000000008c800000, 0x000000008c800000, 0x000000008c900000|  0%| F|  |TAMS 0x000000008c800000, 0x000000008c800000| Untracked 
|  63|0x000000008c900000, 0x000000008c900000, 0x000000008ca00000|  0%| F|  |TAMS 0x000000008c900000, 0x000000008c900000| Untracked 
|  64|0x000000008ca00000, 0x000000008ca00000, 0x000000008cb00000|  0%| F|  |TAMS 0x000000008ca00000, 0x000000008ca00000| Untracked 
|  65|0x000000008cb00000, 0x000000008cb00000, 0x000000008cc00000|  0%| F|  |TAMS 0x000000008cb00000, 0x000000008cb00000| Untracked 
|  66|0x000000008cc00000, 0x000000008cc00000, 0x000000008cd00000|  0%| F|  |TAMS 0x000000008cc00000, 0x000000008cc00000| Untracked 
|  67|0x000000008cd00000, 0x000000008cd00000, 0x000000008ce00000|  0%| F|  |TAMS 0x000000008cd00000, 0x000000008cd00000| Untracked 
|  68|0x000000008ce00000, 0x000000008ce00000, 0x000000008cf00000|  0%| F|  |TAMS 0x000000008ce00000, 0x000000008ce00000| Untracked 
|  69|0x000000008cf00000, 0x000000008cf00000, 0x000000008d000000|  0%| F|  |TAMS 0x000000008cf00000, 0x000000008cf00000| Untracked 
|  70|0x000000008d000000, 0x000000008d000000, 0x000000008d100000|  0%| F|  |TAMS 0x000000008d000000, 0x000000008d000000| Untracked 
|  71|0x000000008d100000, 0x000000008d100000, 0x000000008d200000|  0%| F|  |TAMS 0x000000008d100000, 0x000000008d100000| Untracked 
|  72|0x000000008d200000, 0x000000008d200000, 0x000000008d300000|  0%| F|  |TAMS 0x000000008d200000, 0x000000008d200000| Untracked 
|  73|0x000000008d300000, 0x000000008d300000, 0x000000008d400000|  0%| F|  |TAMS 0x000000008d300000, 0x000000008d300000| Untracked 
|  74|0x000000008d400000, 0x000000008d400000, 0x000000008d500000|  0%| F|  |TAMS 0x000000008d400000, 0x000000008d400000| Untracked 
|  75|0x000000008d500000, 0x000000008d500000, 0x000000008d600000|  0%| F|  |TAMS 0x000000008d500000, 0x000000008d500000| Untracked 
|  76|0x000000008d600000, 0x000000008d600000, 0x000000008d700000|  0%| F|  |TAMS 0x000000008d600000, 0x000000008d600000| Untracked 
|  77|0x000000008d700000, 0x000000008d700000, 0x000000008d800000|  0%| F|  |TAMS 0x000000008d700000, 0x000000008d700000| Untracked 
|  78|0x000000008d800000, 0x000000008d800000, 0x000000008d900000|  0%| F|  |TAMS 0x000000008d800000, 0x000000008d800000| Untracked 
|  79|0x000000008d900000, 0x000000008d900000, 0x000000008da00000|  0%| F|  |TAMS 0x000000008d900000, 0x000000008d900000| Untracked 
|  80|0x000000008da00000, 0x000000008da00000, 0x000000008db00000|  0%| F|  |TAMS 0x000000008da00000, 0x000000008da00000| Untracked 
|  81|0x000000008db00000, 0x000000008db00000, 0x000000008dc00000|  0%| F|  |TAMS 0x000000008db00000, 0x000000008db00000| Untracked 
|  82|0x000000008dc00000, 0x000000008dc00000, 0x000000008dd00000|  0%| F|  |TAMS 0x000000008dc00000, 0x000000008dc00000| Untracked 
|  83|0x000000008dd00000, 0x000000008dd00000, 0x000000008de00000|  0%| F|  |TAMS 0x000000008dd00000, 0x000000008dd00000| Untracked 
|  84|0x000000008de00000, 0x000000008de00000, 0x000000008df00000|  0%| F|  |TAMS 0x000000008de00000, 0x000000008de00000| Untracked 
|  85|0x000000008df00000, 0x000000008df00000, 0x000000008e000000|  0%| F|  |TAMS 0x000000008df00000, 0x000000008df00000| Untracked 
|  86|0x000000008e000000, 0x000000008e000000, 0x000000008e100000|  0%| F|  |TAMS 0x000000008e000000, 0x000000008e000000| Untracked 
|  87|0x000000008e100000, 0x000000008e100000, 0x000000008e200000|  0%| F|  |TAMS 0x000000008e100000, 0x000000008e100000| Untracked 
|  88|0x000000008e200000, 0x000000008e200000, 0x000000008e300000|  0%| F|  |TAMS 0x000000008e200000, 0x000000008e200000| Untracked 
|  89|0x000000008e300000, 0x000000008e300000, 0x000000008e400000|  0%| F|  |TAMS 0x000000008e300000, 0x000000008e300000| Untracked 
|  90|0x000000008e400000, 0x000000008e400000, 0x000000008e500000|  0%| F|  |TAMS 0x000000008e400000, 0x000000008e400000| Untracked 
|  91|0x000000008e500000, 0x000000008e500000, 0x000000008e600000|  0%| F|  |TAMS 0x000000008e500000, 0x000000008e500000| Untracked 
|  92|0x000000008e600000, 0x000000008e600000, 0x000000008e700000|  0%| F|  |TAMS 0x000000008e600000, 0x000000008e600000| Untracked 
|  93|0x000000008e700000, 0x000000008e700000, 0x000000008e800000|  0%| F|  |TAMS 0x000000008e700000, 0x000000008e700000| Untracked 
|  94|0x000000008e800000, 0x000000008e800000, 0x000000008e900000|  0%| F|  |TAMS 0x000000008e800000, 0x000000008e800000| Untracked 
|  95|0x000000008e900000, 0x000000008e900000, 0x000000008ea00000|  0%| F|  |TAMS 0x000000008e900000, 0x000000008e900000| Untracked 
|  96|0x000000008ea00000, 0x000000008ea00800, 0x000000008eb00000|  0%| E|  |TAMS 0x000000008ea00000, 0x000000008ea00000| Complete 
|  97|0x000000008eb00000, 0x000000008ec00000, 0x000000008ec00000|100%| E|CS|TAMS 0x000000008eb00000, 0x000000008eb00000| Complete 
|  98|0x000000008ec00000, 0x000000008ecf84c0, 0x000000008ed00000| 96%| S|CS|TAMS 0x000000008ec00000, 0x000000008ec00000| Complete 
|  99|0x000000008ed00000, 0x000000008ee00000, 0x000000008ee00000|100%| S|CS|TAMS 0x000000008ed00000, 0x000000008ed00000| Complete 
| 100|0x000000008ee00000, 0x000000008ef00000, 0x000000008ef00000|100%| E|CS|TAMS 0x000000008ee00000, 0x000000008ee00000| Complete 
| 101|0x000000008ef00000, 0x000000008f000000, 0x000000008f000000|100%| E|CS|TAMS 0x000000008ef00000, 0x000000008ef00000| Complete 
| 102|0x000000008f000000, 0x000000008f100000, 0x000000008f100000|100%| E|CS|TAMS 0x000000008f000000, 0x000000008f000000| Complete 
| 103|0x000000008f100000, 0x000000008f200000, 0x000000008f200000|100%| E|CS|TAMS 0x000000008f100000, 0x000000008f100000| Complete 
| 104|0x000000008f200000, 0x000000008f300000, 0x000000008f300000|100%| E|CS|TAMS 0x000000008f200000, 0x000000008f200000| Complete 
| 105|0x000000008f300000, 0x000000008f400000, 0x000000008f400000|100%| E|CS|TAMS 0x000000008f300000, 0x000000008f300000| Complete 
| 106|0x000000008f400000, 0x000000008f500000, 0x000000008f500000|100%| E|CS|TAMS 0x000000008f400000, 0x000000008f400000| Complete 
| 107|0x000000008f500000, 0x000000008f600000, 0x000000008f600000|100%| E|CS|TAMS 0x000000008f500000, 0x000000008f500000| Complete 
| 108|0x000000008f600000, 0x000000008f700000, 0x000000008f700000|100%| E|CS|TAMS 0x000000008f600000, 0x000000008f600000| Complete 
| 109|0x000000008f700000, 0x000000008f800000, 0x000000008f800000|100%| E|CS|TAMS 0x000000008f700000, 0x000000008f700000| Complete 
| 110|0x000000008f800000, 0x000000008f900000, 0x000000008f900000|100%| E|CS|TAMS 0x000000008f800000, 0x000000008f800000| Complete 
| 111|0x000000008f900000, 0x000000008fa00000, 0x000000008fa00000|100%| E|CS|TAMS 0x000000008f900000, 0x000000008f900000| Complete 
| 112|0x000000008fa00000, 0x000000008fb00000, 0x000000008fb00000|100%| E|CS|TAMS 0x000000008fa00000, 0x000000008fa00000| Complete 
| 113|0x000000008fb00000, 0x000000008fc00000, 0x000000008fc00000|100%| E|CS|TAMS 0x000000008fb00000, 0x000000008fb00000| Complete 
| 114|0x000000008fc00000, 0x000000008fd00000, 0x000000008fd00000|100%| E|CS|TAMS 0x000000008fc00000, 0x000000008fc00000| Complete 
| 115|0x000000008fd00000, 0x000000008fe00000, 0x000000008fe00000|100%| E|CS|TAMS 0x000000008fd00000, 0x000000008fd00000| Complete 
| 116|0x000000008fe00000, 0x000000008ff00000, 0x000000008ff00000|100%| E|CS|TAMS 0x000000008fe00000, 0x000000008fe00000| Complete 
| 117|0x000000008ff00000, 0x0000000090000000, 0x0000000090000000|100%| E|CS|TAMS 0x000000008ff00000, 0x000000008ff00000| Complete 
| 118|0x0000000090000000, 0x0000000090100000, 0x0000000090100000|100%| E|CS|TAMS 0x0000000090000000, 0x0000000090000000| Complete 
| 119|0x0000000090100000, 0x0000000090200000, 0x0000000090200000|100%| E|CS|TAMS 0x0000000090100000, 0x0000000090100000| Complete 

Card table byte_map: [0x000001383a490000,0x000001383a850000] _byte_map_base: 0x000001383a04b000

Marking Bits (Prev, Next): (CMBitMap*) 0x00000138226bec48, (CMBitMap*) 0x00000138226bec88
 Prev Bits: [0x000001383ac10000, 0x000001383c9e8000)
 Next Bits: [0x000001383c9f0000, 0x000001383e7c8000)

Polling page: 0x0000013820d20000

Metaspace:

Usage:
  Non-class:     10.89 MB capacity,     9.10 MB ( 84%) used,     1.78 MB ( 16%) free+waste,    12.38 KB ( <1%) overhead. 
      Class:      1.54 MB capacity,     1.25 MB ( 82%) used,   284.25 KB ( 18%) free+waste,     5.81 KB ( <1%) overhead. 
       Both:     12.43 MB capacity,    10.36 MB ( 83%) used,     2.06 MB ( 17%) free+waste,    18.19 KB ( <1%) overhead. 

Virtual space:
  Non-class space:       12.00 MB reserved,      11.00 MB ( 92%) committed 
      Class space:        1.00 GB reserved,       1.63 MB ( <1%) committed 
             Both:        1.01 GB reserved,      12.63 MB (  1%) committed 

Chunk freelists:
   Non-Class:  46.00 KB
       Class:  25.00 KB
        Both:  71.00 KB

MaxMetaspaceSize: 17179869184.00 GB
CompressedClassSpaceSize: 1.00 GB

CodeHeap 'non-profiled nmethods': size=120064Kb used=704Kb max_used=704Kb free=119359Kb
 bounds [0x0000013832650000, 0x00000138328c0000, 0x0000013839b90000]
CodeHeap 'profiled nmethods': size=120000Kb used=4197Kb max_used=4197Kb free=115802Kb
 bounds [0x000001382b120000, 0x000001382b540000, 0x0000013832650000]
CodeHeap 'non-nmethods': size=5696Kb used=1175Kb max_used=1198Kb free=4520Kb
 bounds [0x000001382ab90000, 0x000001382ae00000, 0x000001382b120000]
 total_blobs=3045 nmethods=1901 adapters=330
 compilation: enabled
              stopped_count=0, restarted_count=0
 full_count=0

Compilation events (20 events):
Event: 6.270 Thread 0x0000013840b8a800 1844       1       com.google.inject.spi.TypeListenerBinding::getTypeMatcher (5 bytes)
Event: 6.270 Thread 0x0000013840b8a800 nmethod 1844 0x00000138326fd590 code [0x00000138326fd720, 0x00000138326fd858]
Event: 6.272 Thread 0x0000013840b8a800 1845       3       com.google.inject.internal.InternalContext::popStateAndSetDependency (10 bytes)
Event: 6.272 Thread 0x0000013840b8a800 nmethod 1845 0x000001382b513f90 code [0x000001382b514140, 0x000001382b514378]
Event: 6.272 Thread 0x0000013840b8a800 1846       3       jdk.internal.reflect.MagicAccessorImpl::<init> (5 bytes)
Event: 6.273 Thread 0x0000013840b8a800 nmethod 1846 0x000001382b514410 code [0x000001382b5145c0, 0x000001382b514798]
Event: 6.284 Thread 0x0000013840b8a800 1847       3       org.eclipse.sisu.bean.BeanPropertyIterator::isSetter (51 bytes)
Event: 6.286 Thread 0x0000013840b8a800 nmethod 1847 0x000001382b514890 code [0x000001382b514b60, 0x000001382b515b70]
Event: 6.288 Thread 0x0000013840b8a800 1848       3       com.google.inject.Key::<init> (26 bytes)
Event: 6.288 Thread 0x0000013840b8a800 nmethod 1848 0x000001382b516010 code [0x000001382b5161e0, 0x000001382b516620]
Event: 6.289 Thread 0x0000013840b8a800 1849       3       java.lang.reflect.Modifier::isPrivate (12 bytes)
Event: 6.289 Thread 0x0000013840b8a800 nmethod 1849 0x000001382b516790 code [0x000001382b516940, 0x000001382b516ad8]
Event: 6.302 Thread 0x0000013840b8a800 1850       3       org.eclipse.sisu.space.NamedClass::load (14 bytes)
Event: 6.303 Thread 0x0000013840b8a800 nmethod 1850 0x000001382b516b90 code [0x000001382b516d80, 0x000001382b517330]
Event: 6.304 Thread 0x0000013840b8a800 1851       3       org.eclipse.sisu.bean.BeanPropertyIterator::hasNext (126 bytes)
Event: 6.305 Thread 0x0000013840b8a800 nmethod 1851 0x000001382b517590 code [0x000001382b517820, 0x000001382b518a70]
Event: 6.306 Thread 0x0000013840b8a800 1852       3       com.google.inject.internal.InternalContext::pushState (7 bytes)
Event: 6.306 Thread 0x0000013840b8a800 nmethod 1852 0x000001382b518d90 code [0x000001382b518f40, 0x000001382b5190f0]
Event: 6.307 Thread 0x0000013840b8a800 1853   !   3       com.google.inject.internal.Initializer$InjectableReference::get (254 bytes)
Event: 6.310 Thread 0x0000013840b8a800 nmethod 1853 0x000001382b519190 code [0x000001382b519500, 0x000001382b51a950]

GC Heap History (8 events):
Event: 1.046 GC heap before
{Heap before GC invocations=0 (full 0):
 garbage-first heap   total 122880K, used 6144K [0x0000000088a00000, 0x0000000100000000)
  region size 1024K, 7 young (7168K), 0 survivors (0K)
 Metaspace       used 2181K, capacity 5632K, committed 5760K, reserved 1056768K
  class space    used 187K, capacity 538K, committed 640K, reserved 1048576K
}
Event: 1.063 GC heap after
{Heap after GC invocations=1 (full 0):
 garbage-first heap   total 122880K, used 2098K [0x0000000088a00000, 0x0000000100000000)
  region size 1024K, 1 young (1024K), 1 survivors (1024K)
 Metaspace       used 2181K, capacity 5632K, committed 5760K, reserved 1056768K
  class space    used 187K, capacity 538K, committed 640K, reserved 1048576K
}
Event: 1.754 GC heap before
{Heap before GC invocations=1 (full 0):
 garbage-first heap   total 122880K, used 7218K [0x0000000088a00000, 0x0000000100000000)
  region size 1024K, 6 young (6144K), 1 survivors (1024K)
 Metaspace       used 3170K, capacity 6300K, committed 6656K, reserved 1056768K
  class space    used 314K, capacity 657K, committed 768K, reserved 1048576K
}
Event: 1.758 GC heap after
{Heap after GC invocations=2 (full 0):
 garbage-first heap   total 122880K, used 3119K [0x0000000088a00000, 0x0000000100000000)
  region size 1024K, 1 young (1024K), 1 survivors (1024K)
 Metaspace       used 3170K, capacity 6300K, committed 6656K, reserved 1056768K
  class space    used 314K, capacity 657K, committed 768K, reserved 1048576K
}
Event: 3.263 GC heap before
{Heap before GC invocations=2 (full 0):
 garbage-first heap   total 122880K, used 16431K [0x0000000088a00000, 0x0000000100000000)
  region size 1024K, 14 young (14336K), 1 survivors (1024K)
 Metaspace       used 5204K, capacity 7816K, committed 8064K, reserved 1056768K
  class space    used 607K, capacity 885K, committed 896K, reserved 1048576K
}
Event: 3.269 GC heap after
{Heap after GC invocations=3 (full 0):
 garbage-first heap   total 122880K, used 3748K [0x0000000088a00000, 0x0000000100000000)
  region size 1024K, 2 young (2048K), 2 survivors (2048K)
 Metaspace       used 5204K, capacity 7816K, committed 8064K, reserved 1056768K
  class space    used 607K, capacity 885K, committed 896K, reserved 1048576K
}
Event: 4.736 GC heap before
{Heap before GC invocations=3 (full 0):
 garbage-first heap   total 122880K, used 22180K [0x0000000088a00000, 0x0000000100000000)
  region size 1024K, 20 young (20480K), 2 survivors (2048K)
 Metaspace       used 7287K, capacity 9610K, committed 9856K, reserved 1058816K
  class space    used 847K, capacity 1116K, committed 1152K, reserved 1048576K
}
Event: 4.744 GC heap after
{Heap after GC invocations=4 (full 0):
 garbage-first heap   total 122880K, used 4177K [0x0000000088a00000, 0x0000000100000000)
  region size 1024K, 2 young (2048K), 2 survivors (2048K)
 Metaspace       used 7287K, capacity 9610K, committed 9856K, reserved 1058816K
  class space    used 847K, capacity 1116K, committed 1152K, reserved 1048576K
}

Deoptimization events (20 events):
Event: 5.595 Thread 0x000001382267e000 DEOPT PACKING pc=0x000001383268f9a0 sp=0x0000003176afd4c0
Event: 5.595 Thread 0x000001382267e000 DEOPT UNPACKING pc=0x000001382abd942f sp=0x0000003176afd450 mode 2
Event: 5.596 Thread 0x000001382267e000 Uncommon trap: trap_request=0xffffffc6 fr.pc=0x000001383268f9a0 relative=0x00000000000005a0
Event: 5.596 Thread 0x000001382267e000 Uncommon trap: reason=bimorphic_or_optimized_type_check action=maybe_recompile pc=0x000001383268f9a0 method=java.util.concurrent.ConcurrentHashMap.get(Ljava/lang/Object;)Ljava/lang/Object; @ 149 c2
Event: 5.596 Thread 0x000001382267e000 DEOPT PACKING pc=0x000001383268f9a0 sp=0x0000003176afd4c0
Event: 5.596 Thread 0x000001382267e000 DEOPT UNPACKING pc=0x000001382abd942f sp=0x0000003176afd450 mode 2
Event: 5.622 Thread 0x000001382267e000 DEOPT PACKING pc=0x000001382b459094 sp=0x0000003176afdde0
Event: 5.622 Thread 0x000001382267e000 DEOPT UNPACKING pc=0x000001382abd994e sp=0x0000003176afd360 mode 0
Event: 5.699 Thread 0x000001382267e000 Uncommon trap: trap_request=0xffffffc6 fr.pc=0x000001383268f9a0 relative=0x00000000000005a0
Event: 5.699 Thread 0x000001382267e000 Uncommon trap: reason=bimorphic_or_optimized_type_check action=maybe_recompile pc=0x000001383268f9a0 method=java.util.concurrent.ConcurrentHashMap.get(Ljava/lang/Object;)Ljava/lang/Object; @ 149 c2
Event: 5.699 Thread 0x000001382267e000 DEOPT PACKING pc=0x000001383268f9a0 sp=0x0000003176afd480
Event: 5.699 Thread 0x000001382267e000 DEOPT UNPACKING pc=0x000001382abd942f sp=0x0000003176afd410 mode 2
Event: 5.701 Thread 0x000001382267e000 Uncommon trap: trap_request=0xffffffc6 fr.pc=0x00000138326b147c relative=0x00000000000008dc
Event: 5.701 Thread 0x000001382267e000 Uncommon trap: reason=bimorphic_or_optimized_type_check action=maybe_recompile pc=0x00000138326b147c method=java.util.HashMap.putVal(ILjava/lang/Object;Ljava/lang/Object;ZZ)Ljava/lang/Object; @ 203 c2
Event: 5.701 Thread 0x000001382267e000 DEOPT PACKING pc=0x00000138326b147c sp=0x0000003176afd280
Event: 5.701 Thread 0x000001382267e000 DEOPT UNPACKING pc=0x000001382abd942f sp=0x0000003176afd1a0 mode 2
Event: 5.703 Thread 0x000001382267e000 Uncommon trap: trap_request=0xffffffc6 fr.pc=0x00000138326b147c relative=0x00000000000008dc
Event: 5.703 Thread 0x000001382267e000 Uncommon trap: reason=bimorphic_or_optimized_type_check action=maybe_recompile pc=0x00000138326b147c method=java.util.HashMap.putVal(ILjava/lang/Object;Ljava/lang/Object;ZZ)Ljava/lang/Object; @ 203 c2
Event: 5.703 Thread 0x000001382267e000 DEOPT PACKING pc=0x00000138326b147c sp=0x0000003176afd2d0
Event: 5.703 Thread 0x000001382267e000 DEOPT UNPACKING pc=0x000001382abd942f sp=0x0000003176afd1f0 mode 2

Classes unloaded (0 events):
No events

Classes redefined (0 events):
No events

Internal exceptions (3 events):
Event: 0.502 Thread 0x000001382267e000 Exception <a 'java/lang/NoSuchMethodError'{0x000000008ffef1c0}: 'int java.lang.invoke.DirectMethodHandle$Holder.invokeSpecialIFC(java.lang.Object, java.lang.Object, int)'> (0x000000008ffef1c0) 
thrown [t:/workspace/open/src/hotspot/share/interpreter/linkResolver.cpp, line 767]
Event: 6.097 Thread 0x000001382267e000 Exception <a 'java/lang/NoClassDefFoundError'{0x000000008ef5cf88}: com/google/inject/servlet/ServletModuleTargetVisitor> (0x000000008ef5cf88) 
thrown [t:/workspace/open/src/hotspot/share/classfile/systemDictionary.cpp, line 221]
Event: 6.098 Thread 0x000001382267e000 Exception <a 'java/lang/NoClassDefFoundError'{0x000000008ef60360}: javax/annotation/Priority> (0x000000008ef60360) 
thrown [t:/workspace/open/src/hotspot/share/classfile/systemDictionary.cpp, line 221]

Events (20 events):
Event: 6.288 loading class org/apache/maven/repository/legacy/DefaultWagonManager
Event: 6.288 loading class org/apache/maven/repository/legacy/DefaultWagonManager done
Event: 6.289 loading class org/apache/maven/plugin/LegacySupport
Event: 6.289 loading class org/apache/maven/plugin/LegacySupport done
Event: 6.289 loading class org/apache/maven/repository/legacy/UpdateCheckManager
Event: 6.289 loading class org/apache/maven/repository/legacy/UpdateCheckManager done
Event: 6.290 loading class org/codehaus/plexus/PlexusContainer
Event: 6.290 loading class org/codehaus/plexus/PlexusContainer done
Event: 6.291 loading class org/apache/maven/repository/legacy/DefaultUpdateCheckManager
Event: 6.291 loading class org/apache/maven/repository/legacy/DefaultUpdateCheckManager done
Event: 6.292 loading class org/apache/maven/repository/legacy/DefaultUpdateCheckManager
Event: 6.292 loading class org/apache/maven/repository/legacy/DefaultUpdateCheckManager done
Event: 6.302 loading class org/apache/maven/repository/legacy/DefaultUpdateCheckManager
Event: 6.302 loading class org/apache/maven/repository/legacy/DefaultUpdateCheckManager done
Event: 6.307 loading class org/apache/maven/project/artifact/DefaultMavenMetadataCache
Event: 6.307 loading class org/apache/maven/project/artifact/DefaultMavenMetadataCache done
Event: 6.307 loading class org/apache/maven/project/artifact/DefaultMavenMetadataCache
Event: 6.307 loading class org/apache/maven/project/artifact/DefaultMavenMetadataCache done
Event: 6.331 loading class org/apache/maven/project/artifact/DefaultMavenMetadataCache
Event: 6.331 loading class org/apache/maven/project/artifact/DefaultMavenMetadataCache done


Dynamic libraries:
0x00007ff6ab660000 - 0x00007ff6ab66f000 	C:\Program Files\Java\jdk-13.0.2\bin\java.exe
0x00007ffa3a0d0000 - 0x00007ffa3a2c5000 	C:\WINDOWS\SYSTEM32\ntdll.dll
0x00007ffa38140000 - 0x00007ffa381fd000 	C:\WINDOWS\System32\KERNEL32.DLL
0x00007ffa37cd0000 - 0x00007ffa37f98000 	C:\WINDOWS\System32\KERNELBASE.dll
0x00007ffa378b0000 - 0x00007ffa379b0000 	C:\WINDOWS\System32\ucrtbase.dll
0x00007ffa270c0000 - 0x00007ffa270d8000 	C:\Program Files\Java\jdk-13.0.2\bin\jli.dll
0x00007ffa389b0000 - 0x00007ffa38a5c000 	C:\WINDOWS\System32\ADVAPI32.dll
0x00007ffa38c40000 - 0x00007ffa38cde000 	C:\WINDOWS\System32\msvcrt.dll
0x00007ffa39ff0000 - 0x00007ffa3a08b000 	C:\WINDOWS\System32\sechost.dll
0x00007ffa39dd0000 - 0x00007ffa39efb000 	C:\WINDOWS\System32\RPCRT4.dll
0x00007ffa38d00000 - 0x00007ffa38ea0000 	C:\WINDOWS\System32\USER32.dll
0x00007ffa379b0000 - 0x00007ffa379d2000 	C:\WINDOWS\System32\win32u.dll
0x00007ffa387c0000 - 0x00007ffa387ea000 	C:\WINDOWS\System32\GDI32.dll
0x00007ffa38020000 - 0x00007ffa3812b000 	C:\WINDOWS\System32\gdi32full.dll
0x00007ffa37810000 - 0x00007ffa378ad000 	C:\WINDOWS\System32\msvcp_win.dll
0x00007ffa14700000 - 0x00007ffa14715000 	C:\Program Files\Java\jdk-13.0.2\bin\VCRUNTIME140.dll
0x00007ffa364a0000 - 0x00007ffa3673a000 	C:\WINDOWS\WinSxS\amd64_microsoft.windows.common-controls_6595b64144ccf1df_6.0.19041.844_none_ca00b6081b84eb1d\COMCTL32.dll
0x00007ffa2f500000 - 0x00007ffa2f50a000 	C:\WINDOWS\SYSTEM32\VERSION.dll
0x00007ffa39180000 - 0x00007ffa391b0000 	C:\WINDOWS\System32\IMM32.DLL
0x00007ffa0fd20000 - 0x00007ffa0fdbb000 	C:\Program Files\Java\jdk-13.0.2\bin\msvcp140.dll
0x00007ff9f8690000 - 0x00007ff9f91ed000 	C:\Program Files\Java\jdk-13.0.2\bin\server\jvm.dll
0x00007ffa389a0000 - 0x00007ffa389a8000 	C:\WINDOWS\System32\PSAPI.DLL
0x00007ffa24390000 - 0x00007ffa24399000 	C:\WINDOWS\SYSTEM32\WSOCK32.dll
0x00007ffa39f80000 - 0x00007ffa39feb000 	C:\WINDOWS\System32\WS2_32.dll
0x00007ffa2f510000 - 0x00007ffa2f537000 	C:\WINDOWS\SYSTEM32\WINMM.dll
0x00007ffa352f0000 - 0x00007ffa35302000 	C:\WINDOWS\SYSTEM32\kernel.appcore.dll
0x00007ffa2e720000 - 0x00007ffa2e730000 	C:\Program Files\Java\jdk-13.0.2\bin\verify.dll
0x00007ffa371c0000 - 0x00007ffa373a4000 	C:\WINDOWS\SYSTEM32\DBGHELP.DLL
0x00007ffa36c20000 - 0x00007ffa36c4c000 	C:\WINDOWS\SYSTEM32\dbgcore.DLL
0x00007ffa37fa0000 - 0x00007ffa38020000 	C:\WINDOWS\System32\bcryptPrimitives.dll
0x00007ffa146d0000 - 0x00007ffa146f6000 	C:\Program Files\Java\jdk-13.0.2\bin\java.dll
0x00007ffa133b0000 - 0x00007ffa133c7000 	C:\Program Files\Java\jdk-13.0.2\bin\zip.dll
0x00007ffa2e540000 - 0x00007ffa2e54a000 	C:\Program Files\Java\jdk-13.0.2\bin\jimage.dll
0x00007ffa39680000 - 0x00007ffa39dc2000 	C:\WINDOWS\System32\SHELL32.dll
0x00007ffa35310000 - 0x00007ffa35aa0000 	C:\WINDOWS\SYSTEM32\windows.storage.dll
0x00007ffa38200000 - 0x00007ffa38555000 	C:\WINDOWS\System32\combase.dll
0x00007ffa36e80000 - 0x00007ffa36eac000 	C:\WINDOWS\SYSTEM32\Wldp.dll
0x00007ffa38a70000 - 0x00007ffa38b1e000 	C:\WINDOWS\System32\SHCORE.dll
0x00007ffa39620000 - 0x00007ffa39675000 	C:\WINDOWS\System32\shlwapi.dll
0x00007ffa37750000 - 0x00007ffa3776f000 	C:\WINDOWS\SYSTEM32\profapi.dll
0x00007ffa13390000 - 0x00007ffa133a9000 	C:\Program Files\Java\jdk-13.0.2\bin\net.dll
0x00007ffa2bc60000 - 0x00007ffa2bd6b000 	C:\WINDOWS\SYSTEM32\WINHTTP.dll
0x00007ffa36b60000 - 0x00007ffa36bca000 	C:\WINDOWS\system32\mswsock.dll
0x00007ffa13370000 - 0x00007ffa13383000 	C:\Program Files\Java\jdk-13.0.2\bin\nio.dll
0x00007ffa2b130000 - 0x00007ffa2b13a000 	X:\ALL\Private Software\NetBeans\NetBeans-12.3\netbeans\java\maven\lib\jansi-native\windows64\jansi.dll

dbghelp: loaded successfully - version: 4.0.5 - missing functions: none
symbol engine: initialized successfully - sym options: 0x614 - pdb path: .;C:\Program Files\Java\jdk-13.0.2\bin;C:\WINDOWS\SYSTEM32;C:\WINDOWS\WinSxS\amd64_microsoft.windows.common-controls_6595b64144ccf1df_6.0.19041.844_none_ca00b6081b84eb1d;C:\Program Files\Java\jdk-13.0.2\bin\server;X:\ALL\Private Software\NetBeans\NetBeans-12.3\netbeans\java\maven\lib\jansi-native\windows64

VM Arguments:
jvm_args: -Dclassworlds.conf=X:\ALL\Private Software\NetBeans\NetBeans-12.3\netbeans\java\maven\bin\..\bin\m2.conf -Dmaven.home=X:\ALL\Private Software\NetBeans\NetBeans-12.3\netbeans\java\maven\bin\.. -Dlibrary.jansi.path=X:\ALL\Private Software\NetBeans\NetBeans-12.3\netbeans\java\maven\bin\..\lib\jansi-native -Dmaven.multiModuleProjectDirectory=C:\Users\User\Documents\NetBeansProjects\MonsterSpirit 
java_command: org.codehaus.plexus.classworlds.launcher.Launcher -Dmaven.ext.class.path=X:\ALL\Private Software\NetBeans\NetBeans-12.3\netbeans\java\maven-nblib\netbeans-eventspy.jar -Dfile.encoding=UTF-8 clean install
java_class_path (initial): X:\ALL\Private Software\NetBeans\NetBeans-12.3\netbeans\java\maven\bin\..\boot\plexus-classworlds-2.6.0.jar
Launcher Type: SUN_STANDARD

[Global flags]
     intx CICompilerCount                          = 2                                         {product} {ergonomic}
     uint ConcGCThreads                            = 1                                         {product} {ergonomic}
     uint G1ConcRefinementThreads                  = 2                                         {product} {ergonomic}
   size_t G1HeapRegionSize                         = 1048576                                   {product} {ergonomic}
    uintx GCDrainStackTargetSize                   = 64                                        {product} {ergonomic}
   size_t InitialHeapSize                          = 125829120                                 {product} {ergonomic}
   size_t MarkStackSize                            = 4194304                                   {product} {ergonomic}
   size_t MaxHeapSize                              = 2002780160                                {product} {ergonomic}
   size_t MaxNewSize                               = 1201668096                                {product} {ergonomic}
   size_t MinHeapDeltaBytes                        = 1048576                                   {product} {ergonomic}
   size_t MinHeapSize                              = 8388608                                   {product} {ergonomic}
    uintx NonNMethodCodeHeapSize                   = 5826188                                {pd product} {ergonomic}
    uintx NonProfiledCodeHeapSize                  = 122916026                              {pd product} {ergonomic}
    uintx ProfiledCodeHeapSize                     = 122916026                              {pd product} {ergonomic}
    uintx ReservedCodeCacheSize                    = 251658240                              {pd product} {ergonomic}
     bool SegmentedCodeCache                       = true                                      {product} {ergonomic}
   size_t SoftMaxHeapSize                          = 2002780160                             {manageable} {ergonomic}
     bool UseCompressedClassPointers               = true                                 {lp64_product} {ergonomic}
     bool UseCompressedOops                        = true                                 {lp64_product} {ergonomic}
     bool UseG1GC                                  = true                                      {product} {ergonomic}
     bool UseLargePagesIndividualAllocation        = false                                  {pd product} {ergonomic}

Logging:
Log output configuration:
 #0: stdout all=warning uptime,level,tags
 #1: stderr all=off uptime,level,tags

Environment Variables:
JAVA_HOME=C:\Program Files\Java\jdk-13.0.2
PATH=C:\Program Files (x86)\VMware\VMware Workstation\bin\;C:\oraclexe\app\oracle\product\11.2.0\server\bin;;C:\Program Files (x86)\Common Files\Oracle\Java\javapath;C:\ProgramData\Oracle\Java\javapath;C:\WINDOWS\system32;C:\WINDOWS;C:\WINDOWS\System32\Wbem;C:\WINDOWS\System32\WindowsPowerShell\v1.0\;C:\Program Files\Microsoft SQL Server\120\DTS\Binn\;C:\Program Files\Microsoft SQL Server\Client SDK\ODBC\110\Tools\Binn\;C:\Program Files (x86)\Microsoft SQL Server\120\Tools\Binn\;C:\Program Files\Microsoft SQL Server\120\Tools\Binn\;C:\Program Files (x86)\Microsoft SQL Server\120\Tools\Binn\ManagementStudio\;C:\Program Files (x86)\Microsoft SQL Server\120\DTS\Binn\;X:\NODES\;C:\Program Files\Java\jdk1.8.0_152\bin;C:\Program Files\Java\jre1.8.0_152\bin;C:\Users\User\AppData\Local\Android\sdk\platform-tools;C:\Program Files\Git\cmd;C:\Program Files (x86)\GtkSharp\2.12\bin;C:\WINDOWS\System32\OpenSSH\;X:\ALL\Private Software\Putty\;C:\Program Files (x86)\AOMEI Backupper;C:\Program Files\Microsoft VS Code\bin;X:\ALL\Private Software\Pyhton 3.9\Scripts\;X:\ALL\Private Software\Pyhton 3.9\;X:\ALL\Private Software\Python 3.7.8(64)\Scripts\;X:\ALL\Private Software\Python 3.7.8(64)\;C:\Users\User\AppData\Local\Microsoft\WindowsApps;C:\Users\User\AppData\Roaming\npm;;X:\ALL\Private Software\Microsoft VS Code\bin
USERNAME=User
OS=Windows_NT
PROCESSOR_IDENTIFIER=AMD64 Family 21 Model 112 Stepping 0, AuthenticAMD



---------------  S Y S T E M  ---------------

OS: Windows 10 , 64 bit Build 19041 (10.0.19041.928)

CPU:total 2 (initial active 2) (2 cores per cpu, 1 threads per core) family 21 model 112 stepping 0, cmov, cx8, fxsr, mmx, sse, sse2, sse3, ssse3, sse4.1, sse4.2, popcnt, avx, avx2, aes, clmul, mmxext, 3dnowpref, lzcnt, sse4a, tsc, tscinvbit, tscinv, bmi1, bmi2, fma

Memory: 4k page, system-wide physical 7638M (1820M free)
TotalPageFile size 31190M (AvailPageFile size 5M)
current process WorkingSet (physical memory assigned to process): 88M, peak: 88M
current process commit charge ("private bytes"): 220M, peak: 220M

vm_info: Java HotSpot(TM) 64-Bit Server VM (13.0.2+8) for windows-amd64 JRE (13.0.2+8), built on Dec 11 2019 09:20:33 by "mach5one" with unknown MS VC++:1916

END.
