#
# There is insufficient memory for the Java Runtime Environment to continue.
# Native memory allocation (malloc) failed to allocate 847536 bytes for Chunk::new
# Possible reasons:
#   The system is out of physical RAM or swap space
#   The process is running with CompressedOops enabled, and the Java Heap may be blocking the growth of the native heap
# Possible solutions:
#   Reduce memory load on the system
#   Increase physical memory or swap space
#   Check if swap backing store is full
#   Decrease Java heap size (-Xmx/-Xms)
#   Decrease number of Java threads
#   Decrease Java thread stack sizes (-Xss)
#   Set larger code cache with -XX:ReservedCodeCacheSize=
#   JVM is running with Unscaled Compressed Oops mode in which the Java heap is
#     placed in the first 4GB address space. The Java Heap base address is the
#     maximum limit for the native heap growth. Please use -XX:HeapBaseMinAddress
#     to set the Java Heap base and to place the Java Heap above 4GB virtual address.
# This output file may be truncated or incomplete.
#
#  Out of Memory Error (t:/workspace/open/src/hotspot/share/memory/arena.cpp:196), pid=13568, tid=6412
#
# JRE version: Java(TM) SE Runtime Environment (13.0.2+8) (build 13.0.2+8)
# Java VM: Java HotSpot(TM) 64-Bit Server VM (13.0.2+8, mixed mode, sharing, tiered, compressed oops, g1 gc, windows-amd64)
# No core dump will be written. Minidumps are not enabled by default on client versions of Windows
#

---------------  S U M M A R Y ------------

Command Line: -Dclassworlds.conf=X:\ALL\Private Software\NetBeans\NetBeans-12.3\netbeans\java\maven\bin\..\bin\m2.conf -Dmaven.home=X:\ALL\Private Software\NetBeans\NetBeans-12.3\netbeans\java\maven\bin\.. -Dlibrary.jansi.path=X:\ALL\Private Software\NetBeans\NetBeans-12.3\netbeans\java\maven\bin\..\lib\jansi-native -Dmaven.multiModuleProjectDirectory=C:\Users\User\Documents\NetBeansProjects\MonsterSpirit org.codehaus.plexus.classworlds.launcher.Launcher -Dmaven.ext.class.path=X:\ALL\Private Software\NetBeans\NetBeans-12.3\netbeans\java\maven-nblib\netbeans-eventspy.jar -Dfile.encoding=UTF-8 clean install

Host: AMD A9-9420 RADEON R5, 5 COMPUTE CORES 2C+3G   , 2 cores, 7G,  Windows 10 , 64 bit Build 19041 (10.0.19041.928)
Time: Mon Jul  5 11:25:26 2021 SE Asia Standard Time elapsed time: 5 seconds (0d 0h 0m 5s)

---------------  T H R E A D  ---------------

Current thread (0x000001b547901800):  JavaThread "C2 CompilerThread0" daemon [_thread_in_native, id=6412, stack(0x00000005a8000000,0x00000005a8100000)]


Current CompileTask:
C2:   5758 1792   !   4       java.net.URL::<init> (543 bytes)

Stack: [0x00000005a8000000,0x00000005a8100000]
Native frames: (J=compiled Java code, j=interpreted, Vv=VM code, C=native code)
V  [jvm.dll+0x624f9a]
V  [jvm.dll+0x770cfa]
V  [jvm.dll+0x7724af]
V  [jvm.dll+0x772ab3]
V  [jvm.dll+0x24bf08]
V  [jvm.dll+0xc1e47]
V  [jvm.dll+0xc23cc]
V  [jvm.dll+0x2bdbf4]
V  [jvm.dll+0x5441fd]
V  [jvm.dll+0x20e00a]
V  [jvm.dll+0x207ace]
V  [jvm.dll+0x204d1d]
V  [jvm.dll+0x189c2c]
V  [jvm.dll+0x213e6d]
V  [jvm.dll+0x2120bb]
V  [jvm.dll+0x736bb6]
V  [jvm.dll+0x72fcaa]
V  [jvm.dll+0x623ea6]
C  [ucrtbase.dll+0x21bb2]
C  [KERNEL32.DLL+0x17034]
C  [ntdll.dll+0x52651]


---------------  P R O C E S S  ---------------

Threads class SMR info:
_java_thread_list=0x000001b548337f40, length=10, elements={
0x000001b527bcd800, 0x000001b5478dc000, 0x000001b5478df000, 0x000001b5478fd800,
0x000001b547900800, 0x000001b547901800, 0x000001b547902800, 0x000001b548284800,
0x000001b548357800, 0x000001b548362000
}

Java Threads: ( => current thread )
  0x000001b527bcd800 JavaThread "main" [_thread_in_Java, id=5476, stack(0x00000005a7500000,0x00000005a7600000)]
  0x000001b5478dc000 JavaThread "Reference Handler" daemon [_thread_blocked, id=2436, stack(0x00000005a7c00000,0x00000005a7d00000)]
  0x000001b5478df000 JavaThread "Finalizer" daemon [_thread_blocked, id=11476, stack(0x00000005a7d00000,0x00000005a7e00000)]
  0x000001b5478fd800 JavaThread "Signal Dispatcher" daemon [_thread_blocked, id=14596, stack(0x00000005a7e00000,0x00000005a7f00000)]
  0x000001b547900800 JavaThread "Attach Listener" daemon [_thread_blocked, id=8692, stack(0x00000005a7f00000,0x00000005a8000000)]
=>0x000001b547901800 JavaThread "C2 CompilerThread0" daemon [_thread_in_native, id=6412, stack(0x00000005a8000000,0x00000005a8100000)]
  0x000001b547902800 JavaThread "C1 CompilerThread0" daemon [_thread_blocked, id=6360, stack(0x00000005a8100000,0x00000005a8200000)]
  0x000001b548284800 JavaThread "Sweeper thread" daemon [_thread_blocked, id=11136, stack(0x00000005a8200000,0x00000005a8300000)]
  0x000001b548357800 JavaThread "Service Thread" daemon [_thread_blocked, id=10200, stack(0x00000005a8300000,0x00000005a8400000)]
  0x000001b548362000 JavaThread "Common-Cleaner" daemon [_thread_blocked, id=4628, stack(0x00000005a8500000,0x00000005a8600000)]

Other Threads:
  0x000001b5478d7000 VMThread "VM Thread" [stack: 0x00000005a7b00000,0x00000005a7c00000] [id=13384]
  0x000001b54835d800 WatcherThread [stack: 0x00000005a8400000,0x00000005a8500000] [id=14616]
  0x000001b527c0e800 GCTaskThread "GC Thread#0" [stack: 0x00000005a7600000,0x00000005a7700000] [id=9908]
  0x000001b54867e800 GCTaskThread "GC Thread#1" [stack: 0x00000005a8600000,0x00000005a8700000] [id=12984]
  0x000001b527c1f000 ConcurrentGCThread "G1 Main Marker" [stack: 0x00000005a7700000,0x00000005a7800000] [id=4280]
  0x000001b527c20800 ConcurrentGCThread "G1 Conc#0" [stack: 0x00000005a7800000,0x00000005a7900000] [id=12496]
  0x000001b527c92800 ConcurrentGCThread "G1 Refine#0" [stack: 0x00000005a7900000,0x00000005a7a00000] [id=9768]
  0x000001b527c94800 ConcurrentGCThread "G1 Young RemSet Sampling" [stack: 0x00000005a7a00000,0x00000005a7b00000] [id=1592]

Threads with active compile tasks:
C2 CompilerThread0     5851 1792   !   4       java.net.URL::<init> (543 bytes)

VM state:not at safepoint (normal execution)

VM Mutex/Monitor currently owned by a thread: None

Heap address: 0x0000000088a00000, size: 1910 MB, Compressed Oops mode: 32-bit
Narrow klass base: 0x0000000800000000, Narrow klass shift: 3
Compressed class space size: 1073741824 Address: 0x0000000800b40000

Heap:
 garbage-first heap   total 122880K, used 24611K [0x0000000088a00000, 0x0000000100000000)
  region size 1024K, 23 young (23552K), 2 survivors (2048K)
 Metaspace       used 10486K, capacity 12729K, committed 12928K, reserved 1060864K
  class space    used 1278K, capacity 1575K, committed 1664K, reserved 1048576K
Heap Regions: E=young(eden), S=young(survivor), O=old, HS=humongous(starts), HC=humongous(continues), CS=collection set, F=free, A=archive, TAMS=top-at-mark-start (previous, next)
|   0|0x0000000088a00000, 0x0000000088b00000, 0x0000000088b00000|100%| O|  |TAMS 0x0000000088a00000, 0x0000000088a00000| Untracked 
|   1|0x0000000088b00000, 0x0000000088c00000, 0x0000000088c00000|100%| O|  |TAMS 0x0000000088b00000, 0x0000000088b00000| Untracked 
|   2|0x0000000088c00000, 0x0000000088c10a00, 0x0000000088d00000|  6%| O|  |TAMS 0x0000000088c00000, 0x0000000088c00000| Untracked 
|   3|0x0000000088d00000, 0x0000000088d00000, 0x0000000088e00000|  0%| F|  |TAMS 0x0000000088d00000, 0x0000000088d00000| Untracked 
|   4|0x0000000088e00000, 0x0000000088e00000, 0x0000000088f00000|  0%| F|  |TAMS 0x0000000088e00000, 0x0000000088e00000| Untracked 
|   5|0x0000000088f00000, 0x0000000088f00000, 0x0000000089000000|  0%| F|  |TAMS 0x0000000088f00000, 0x0000000088f00000| Untracked 
|   6|0x0000000089000000, 0x0000000089000000, 0x0000000089100000|  0%| F|  |TAMS 0x0000000089000000, 0x0000000089000000| Untracked 
|   7|0x0000000089100000, 0x0000000089100000, 0x0000000089200000|  0%| F|  |TAMS 0x0000000089100000, 0x0000000089100000| Untracked 
|   8|0x0000000089200000, 0x0000000089200000, 0x0000000089300000|  0%| F|  |TAMS 0x0000000089200000, 0x0000000089200000| Untracked 
|   9|0x0000000089300000, 0x0000000089300000, 0x0000000089400000|  0%| F|  |TAMS 0x0000000089300000, 0x0000000089300000| Untracked 
|  10|0x0000000089400000, 0x0000000089400000, 0x0000000089500000|  0%| F|  |TAMS 0x0000000089400000, 0x0000000089400000| Untracked 
|  11|0x0000000089500000, 0x0000000089500000, 0x0000000089600000|  0%| F|  |TAMS 0x0000000089500000, 0x0000000089500000| Untracked 
|  12|0x0000000089600000, 0x0000000089600000, 0x0000000089700000|  0%| F|  |TAMS 0x0000000089600000, 0x0000000089600000| Untracked 
|  13|0x0000000089700000, 0x0000000089700000, 0x0000000089800000|  0%| F|  |TAMS 0x0000000089700000, 0x0000000089700000| Untracked 
|  14|0x0000000089800000, 0x0000000089800000, 0x0000000089900000|  0%| F|  |TAMS 0x0000000089800000, 0x0000000089800000| Untracked 
|  15|0x0000000089900000, 0x0000000089900000, 0x0000000089a00000|  0%| F|  |TAMS 0x0000000089900000, 0x0000000089900000| Untracked 
|  16|0x0000000089a00000, 0x0000000089a00000, 0x0000000089b00000|  0%| F|  |TAMS 0x0000000089a00000, 0x0000000089a00000| Untracked 
|  17|0x0000000089b00000, 0x0000000089b00000, 0x0000000089c00000|  0%| F|  |TAMS 0x0000000089b00000, 0x0000000089b00000| Untracked 
|  18|0x0000000089c00000, 0x0000000089c00000, 0x0000000089d00000|  0%| F|  |TAMS 0x0000000089c00000, 0x0000000089c00000| Untracked 
|  19|0x0000000089d00000, 0x0000000089d00000, 0x0000000089e00000|  0%| F|  |TAMS 0x0000000089d00000, 0x0000000089d00000| Untracked 
|  20|0x0000000089e00000, 0x0000000089e00000, 0x0000000089f00000|  0%| F|  |TAMS 0x0000000089e00000, 0x0000000089e00000| Untracked 
|  21|0x0000000089f00000, 0x0000000089f00000, 0x000000008a000000|  0%| F|  |TAMS 0x0000000089f00000, 0x0000000089f00000| Untracked 
|  22|0x000000008a000000, 0x000000008a000000, 0x000000008a100000|  0%| F|  |TAMS 0x000000008a000000, 0x000000008a000000| Untracked 
|  23|0x000000008a100000, 0x000000008a100000, 0x000000008a200000|  0%| F|  |TAMS 0x000000008a100000, 0x000000008a100000| Untracked 
|  24|0x000000008a200000, 0x000000008a200000, 0x000000008a300000|  0%| F|  |TAMS 0x000000008a200000, 0x000000008a200000| Untracked 
|  25|0x000000008a300000, 0x000000008a300000, 0x000000008a400000|  0%| F|  |TAMS 0x000000008a300000, 0x000000008a300000| Untracked 
|  26|0x000000008a400000, 0x000000008a400000, 0x000000008a500000|  0%| F|  |TAMS 0x000000008a400000, 0x000000008a400000| Untracked 
|  27|0x000000008a500000, 0x000000008a500000, 0x000000008a600000|  0%| F|  |TAMS 0x000000008a500000, 0x000000008a500000| Untracked 
|  28|0x000000008a600000, 0x000000008a600000, 0x000000008a700000|  0%| F|  |TAMS 0x000000008a600000, 0x000000008a600000| Untracked 
|  29|0x000000008a700000, 0x000000008a700000, 0x000000008a800000|  0%| F|  |TAMS 0x000000008a700000, 0x000000008a700000| Untracked 
|  30|0x000000008a800000, 0x000000008a800000, 0x000000008a900000|  0%| F|  |TAMS 0x000000008a800000, 0x000000008a800000| Untracked 
|  31|0x000000008a900000, 0x000000008a900000, 0x000000008aa00000|  0%| F|  |TAMS 0x000000008a900000, 0x000000008a900000| Untracked 
|  32|0x000000008aa00000, 0x000000008aa00000, 0x000000008ab00000|  0%| F|  |TAMS 0x000000008aa00000, 0x000000008aa00000| Untracked 
|  33|0x000000008ab00000, 0x000000008ab00000, 0x000000008ac00000|  0%| F|  |TAMS 0x000000008ab00000, 0x000000008ab00000| Untracked 
|  34|0x000000008ac00000, 0x000000008ac00000, 0x000000008ad00000|  0%| F|  |TAMS 0x000000008ac00000, 0x000000008ac00000| Untracked 
|  35|0x000000008ad00000, 0x000000008ad00000, 0x000000008ae00000|  0%| F|  |TAMS 0x000000008ad00000, 0x000000008ad00000| Untracked 
|  36|0x000000008ae00000, 0x000000008ae00000, 0x000000008af00000|  0%| F|  |TAMS 0x000000008ae00000, 0x000000008ae00000| Untracked 
|  37|0x000000008af00000, 0x000000008af00000, 0x000000008b000000|  0%| F|  |TAMS 0x000000008af00000, 0x000000008af00000| Untracked 
|  38|0x000000008b000000, 0x000000008b000000, 0x000000008b100000|  0%| F|  |TAMS 0x000000008b000000, 0x000000008b000000| Untracked 
|  39|0x000000008b100000, 0x000000008b100000, 0x000000008b200000|  0%| F|  |TAMS 0x000000008b100000, 0x000000008b100000| Untracked 
|  40|0x000000008b200000, 0x000000008b200000, 0x000000008b300000|  0%| F|  |TAMS 0x000000008b200000, 0x000000008b200000| Untracked 
|  41|0x000000008b300000, 0x000000008b300000, 0x000000008b400000|  0%| F|  |TAMS 0x000000008b300000, 0x000000008b300000| Untracked 
|  42|0x000000008b400000, 0x000000008b400000, 0x000000008b500000|  0%| F|  |TAMS 0x000000008b400000, 0x000000008b400000| Untracked 
|  43|0x000000008b500000, 0x000000008b500000, 0x000000008b600000|  0%| F|  |TAMS 0x000000008b500000, 0x000000008b500000| Untracked 
|  44|0x000000008b600000, 0x000000008b600000, 0x000000008b700000|  0%| F|  |TAMS 0x000000008b600000, 0x000000008b600000| Untracked 
|  45|0x000000008b700000, 0x000000008b700000, 0x000000008b800000|  0%| F|  |TAMS 0x000000008b700000, 0x000000008b700000| Untracked 
|  46|0x000000008b800000, 0x000000008b800000, 0x000000008b900000|  0%| F|  |TAMS 0x000000008b800000, 0x000000008b800000| Untracked 
|  47|0x000000008b900000, 0x000000008b900000, 0x000000008ba00000|  0%| F|  |TAMS 0x000000008b900000, 0x000000008b900000| Untracked 
|  48|0x000000008ba00000, 0x000000008ba00000, 0x000000008bb00000|  0%| F|  |TAMS 0x000000008ba00000, 0x000000008ba00000| Untracked 
|  49|0x000000008bb00000, 0x000000008bb00000, 0x000000008bc00000|  0%| F|  |TAMS 0x000000008bb00000, 0x000000008bb00000| Untracked 
|  50|0x000000008bc00000, 0x000000008bc00000, 0x000000008bd00000|  0%| F|  |TAMS 0x000000008bc00000, 0x000000008bc00000| Untracked 
|  51|0x000000008bd00000, 0x000000008bd00000, 0x000000008be00000|  0%| F|  |TAMS 0x000000008bd00000, 0x000000008bd00000| Untracked 
|  52|0x000000008be00000, 0x000000008be00000, 0x000000008bf00000|  0%| F|  |TAMS 0x000000008be00000, 0x000000008be00000| Untracked 
|  53|0x000000008bf00000, 0x000000008bf00000, 0x000000008c000000|  0%| F|  |TAMS 0x000000008bf00000, 0x000000008bf00000| Untracked 
|  54|0x000000008c000000, 0x000000008c000000, 0x000000008c100000|  0%| F|  |TAMS 0x000000008c000000, 0x000000008c000000| Untracked 
|  55|0x000000008c100000, 0x000000008c100000, 0x000000008c200000|  0%| F|  |TAMS 0x000000008c100000, 0x000000008c100000| Untracked 
|  56|0x000000008c200000, 0x000000008c200000, 0x000000008c300000|  0%| F|  |TAMS 0x000000008c200000, 0x000000008c200000| Untracked 
|  57|0x000000008c300000, 0x000000008c300000, 0x000000008c400000|  0%| F|  |TAMS 0x000000008c300000, 0x000000008c300000| Untracked 
|  58|0x000000008c400000, 0x000000008c400000, 0x000000008c500000|  0%| F|  |TAMS 0x000000008c400000, 0x000000008c400000| Untracked 
|  59|0x000000008c500000, 0x000000008c500000, 0x000000008c600000|  0%| F|  |TAMS 0x000000008c500000, 0x000000008c500000| Untracked 
|  60|0x000000008c600000, 0x000000008c600000, 0x000000008c700000|  0%| F|  |TAMS 0x000000008c600000, 0x000000008c600000| Untracked 
|  61|0x000000008c700000, 0x000000008c700000, 0x000000008c800000|  0%| F|  |TAMS 0x000000008c700000, 0x000000008c700000| Untracked 
|  62|0x000000008c800000, 0x000000008c800000, 0x000000008c900000|  0%| F|  |TAMS 0x000000008c800000, 0x000000008c800000| Untracked 
|  63|0x000000008c900000, 0x000000008c900000, 0x000000008ca00000|  0%| F|  |TAMS 0x000000008c900000, 0x000000008c900000| Untracked 
|  64|0x000000008ca00000, 0x000000008ca00000, 0x000000008cb00000|  0%| F|  |TAMS 0x000000008ca00000, 0x000000008ca00000| Untracked 
|  65|0x000000008cb00000, 0x000000008cb00000, 0x000000008cc00000|  0%| F|  |TAMS 0x000000008cb00000, 0x000000008cb00000| Untracked 
|  66|0x000000008cc00000, 0x000000008cc00000, 0x000000008cd00000|  0%| F|  |TAMS 0x000000008cc00000, 0x000000008cc00000| Untracked 
|  67|0x000000008cd00000, 0x000000008cd00000, 0x000000008ce00000|  0%| F|  |TAMS 0x000000008cd00000, 0x000000008cd00000| Untracked 
|  68|0x000000008ce00000, 0x000000008ce00000, 0x000000008cf00000|  0%| F|  |TAMS 0x000000008ce00000, 0x000000008ce00000| Untracked 
|  69|0x000000008cf00000, 0x000000008cf00000, 0x000000008d000000|  0%| F|  |TAMS 0x000000008cf00000, 0x000000008cf00000| Untracked 
|  70|0x000000008d000000, 0x000000008d000000, 0x000000008d100000|  0%| F|  |TAMS 0x000000008d000000, 0x000000008d000000| Untracked 
|  71|0x000000008d100000, 0x000000008d100000, 0x000000008d200000|  0%| F|  |TAMS 0x000000008d100000, 0x000000008d100000| Untracked 
|  72|0x000000008d200000, 0x000000008d200000, 0x000000008d300000|  0%| F|  |TAMS 0x000000008d200000, 0x000000008d200000| Untracked 
|  73|0x000000008d300000, 0x000000008d300000, 0x000000008d400000|  0%| F|  |TAMS 0x000000008d300000, 0x000000008d300000| Untracked 
|  74|0x000000008d400000, 0x000000008d400000, 0x000000008d500000|  0%| F|  |TAMS 0x000000008d400000, 0x000000008d400000| Untracked 
|  75|0x000000008d500000, 0x000000008d500000, 0x000000008d600000|  0%| F|  |TAMS 0x000000008d500000, 0x000000008d500000| Untracked 
|  76|0x000000008d600000, 0x000000008d600000, 0x000000008d700000|  0%| F|  |TAMS 0x000000008d600000, 0x000000008d600000| Untracked 
|  77|0x000000008d700000, 0x000000008d700000, 0x000000008d800000|  0%| F|  |TAMS 0x000000008d700000, 0x000000008d700000| Untracked 
|  78|0x000000008d800000, 0x000000008d800000, 0x000000008d900000|  0%| F|  |TAMS 0x000000008d800000, 0x000000008d800000| Untracked 
|  79|0x000000008d900000, 0x000000008d900000, 0x000000008da00000|  0%| F|  |TAMS 0x000000008d900000, 0x000000008d900000| Untracked 
|  80|0x000000008da00000, 0x000000008da00000, 0x000000008db00000|  0%| F|  |TAMS 0x000000008da00000, 0x000000008da00000| Untracked 
|  81|0x000000008db00000, 0x000000008db00000, 0x000000008dc00000|  0%| F|  |TAMS 0x000000008db00000, 0x000000008db00000| Untracked 
|  82|0x000000008dc00000, 0x000000008dc00000, 0x000000008dd00000|  0%| F|  |TAMS 0x000000008dc00000, 0x000000008dc00000| Untracked 
|  83|0x000000008dd00000, 0x000000008dd00000, 0x000000008de00000|  0%| F|  |TAMS 0x000000008dd00000, 0x000000008dd00000| Untracked 
|  84|0x000000008de00000, 0x000000008de00000, 0x000000008df00000|  0%| F|  |TAMS 0x000000008de00000, 0x000000008de00000| Untracked 
|  85|0x000000008df00000, 0x000000008df00000, 0x000000008e000000|  0%| F|  |TAMS 0x000000008df00000, 0x000000008df00000| Untracked 
|  86|0x000000008e000000, 0x000000008e000000, 0x000000008e100000|  0%| F|  |TAMS 0x000000008e000000, 0x000000008e000000| Untracked 
|  87|0x000000008e100000, 0x000000008e100000, 0x000000008e200000|  0%| F|  |TAMS 0x000000008e100000, 0x000000008e100000| Untracked 
|  88|0x000000008e200000, 0x000000008e200000, 0x000000008e300000|  0%| F|  |TAMS 0x000000008e200000, 0x000000008e200000| Untracked 
|  89|0x000000008e300000, 0x000000008e300000, 0x000000008e400000|  0%| F|  |TAMS 0x000000008e300000, 0x000000008e300000| Untracked 
|  90|0x000000008e400000, 0x000000008e400000, 0x000000008e500000|  0%| F|  |TAMS 0x000000008e400000, 0x000000008e400000| Untracked 
|  91|0x000000008e500000, 0x000000008e500000, 0x000000008e600000|  0%| F|  |TAMS 0x000000008e500000, 0x000000008e500000| Untracked 
|  92|0x000000008e600000, 0x000000008e600000, 0x000000008e700000|  0%| F|  |TAMS 0x000000008e600000, 0x000000008e600000| Untracked 
|  93|0x000000008e700000, 0x000000008e700000, 0x000000008e800000|  0%| F|  |TAMS 0x000000008e700000, 0x000000008e700000| Untracked 
|  94|0x000000008e800000, 0x000000008e800000, 0x000000008e900000|  0%| F|  |TAMS 0x000000008e800000, 0x000000008e800000| Untracked 
|  95|0x000000008e900000, 0x000000008e900000, 0x000000008ea00000|  0%| F|  |TAMS 0x000000008e900000, 0x000000008e900000| Untracked 
|  96|0x000000008ea00000, 0x000000008ea00000, 0x000000008eb00000|  0%| F|  |TAMS 0x000000008ea00000, 0x000000008ea00000| Untracked 
|  97|0x000000008eb00000, 0x000000008eb80800, 0x000000008ec00000| 50%| E|  |TAMS 0x000000008eb00000, 0x000000008eb00000| Complete 
|  98|0x000000008ec00000, 0x000000008ecf8480, 0x000000008ed00000| 96%| S|CS|TAMS 0x000000008ec00000, 0x000000008ec00000| Complete 
|  99|0x000000008ed00000, 0x000000008ee00000, 0x000000008ee00000|100%| S|CS|TAMS 0x000000008ed00000, 0x000000008ed00000| Complete 
| 100|0x000000008ee00000, 0x000000008ef00000, 0x000000008ef00000|100%| E|CS|TAMS 0x000000008ee00000, 0x000000008ee00000| Complete 
| 101|0x000000008ef00000, 0x000000008f000000, 0x000000008f000000|100%| E|CS|TAMS 0x000000008ef00000, 0x000000008ef00000| Complete 
| 102|0x000000008f000000, 0x000000008f100000, 0x000000008f100000|100%| E|CS|TAMS 0x000000008f000000, 0x000000008f000000| Complete 
| 103|0x000000008f100000, 0x000000008f200000, 0x000000008f200000|100%| E|CS|TAMS 0x000000008f100000, 0x000000008f100000| Complete 
| 104|0x000000008f200000, 0x000000008f300000, 0x000000008f300000|100%| E|CS|TAMS 0x000000008f200000, 0x000000008f200000| Complete 
| 105|0x000000008f300000, 0x000000008f400000, 0x000000008f400000|100%| E|CS|TAMS 0x000000008f300000, 0x000000008f300000| Complete 
| 106|0x000000008f400000, 0x000000008f500000, 0x000000008f500000|100%| E|CS|TAMS 0x000000008f400000, 0x000000008f400000| Complete 
| 107|0x000000008f500000, 0x000000008f600000, 0x000000008f600000|100%| E|CS|TAMS 0x000000008f500000, 0x000000008f500000| Complete 
| 108|0x000000008f600000, 0x000000008f700000, 0x000000008f700000|100%| E|CS|TAMS 0x000000008f600000, 0x000000008f600000| Complete 
| 109|0x000000008f700000, 0x000000008f800000, 0x000000008f800000|100%| E|CS|TAMS 0x000000008f700000, 0x000000008f700000| Complete 
| 110|0x000000008f800000, 0x000000008f900000, 0x000000008f900000|100%| E|CS|TAMS 0x000000008f800000, 0x000000008f800000| Complete 
| 111|0x000000008f900000, 0x000000008fa00000, 0x000000008fa00000|100%| E|CS|TAMS 0x000000008f900000, 0x000000008f900000| Complete 
| 112|0x000000008fa00000, 0x000000008fb00000, 0x000000008fb00000|100%| E|CS|TAMS 0x000000008fa00000, 0x000000008fa00000| Complete 
| 113|0x000000008fb00000, 0x000000008fc00000, 0x000000008fc00000|100%| E|CS|TAMS 0x000000008fb00000, 0x000000008fb00000| Complete 
| 114|0x000000008fc00000, 0x000000008fd00000, 0x000000008fd00000|100%| E|CS|TAMS 0x000000008fc00000, 0x000000008fc00000| Complete 
| 115|0x000000008fd00000, 0x000000008fe00000, 0x000000008fe00000|100%| E|CS|TAMS 0x000000008fd00000, 0x000000008fd00000| Complete 
| 116|0x000000008fe00000, 0x000000008ff00000, 0x000000008ff00000|100%| E|CS|TAMS 0x000000008fe00000, 0x000000008fe00000| Complete 
| 117|0x000000008ff00000, 0x0000000090000000, 0x0000000090000000|100%| E|CS|TAMS 0x000000008ff00000, 0x000000008ff00000| Complete 
| 118|0x0000000090000000, 0x0000000090100000, 0x0000000090100000|100%| E|CS|TAMS 0x0000000090000000, 0x0000000090000000| Complete 
| 119|0x0000000090100000, 0x0000000090200000, 0x0000000090200000|100%| E|CS|TAMS 0x0000000090100000, 0x0000000090100000| Complete 

Card table byte_map: [0x000001b5411d0000,0x000001b541590000] _byte_map_base: 0x000001b540d8b000

Marking Bits (Prev, Next): (CMBitMap*) 0x000001b527c0f778, (CMBitMap*) 0x000001b527c0f7b8
 Prev Bits: [0x000001b541950000, 0x000001b543728000)
 Next Bits: [0x000001b543730000, 0x000001b545508000)

Polling page: 0x000001b527cb0000

Metaspace:

Usage:
  Non-class:     10.89 MB capacity,     8.99 MB ( 83%) used,     1.89 MB ( 17%) free+waste,    12.38 KB ( <1%) overhead. 
      Class:      1.54 MB capacity,     1.25 MB ( 81%) used,   290.76 KB ( 18%) free+waste,     5.81 KB ( <1%) overhead. 
       Both:     12.43 MB capacity,    10.24 MB ( 82%) used,     2.17 MB ( 17%) free+waste,    18.19 KB ( <1%) overhead. 

Virtual space:
  Non-class space:       12.00 MB reserved,      11.00 MB ( 92%) committed 
      Class space:        1.00 GB reserved,       1.63 MB ( <1%) committed 
             Both:        1.01 GB reserved,      12.63 MB (  1%) committed 

Chunk freelists:
   Non-Class:  46.00 KB
       Class:  25.00 KB
        Both:  71.00 KB

MaxMetaspaceSize: 17179869184.00 GB
CompressedClassSpaceSize: 1.00 GB

CodeHeap 'non-profiled nmethods': size=120064Kb used=694Kb max_used=694Kb free=119369Kb
 bounds [0x000001b539380000, 0x000001b5395f0000, 0x000001b5408c0000]
CodeHeap 'profiled nmethods': size=120000Kb used=4043Kb max_used=4043Kb free=115957Kb
 bounds [0x000001b531e50000, 0x000001b532250000, 0x000001b539380000]
CodeHeap 'non-nmethods': size=5696Kb used=1173Kb max_used=1188Kb free=4522Kb
 bounds [0x000001b5318c0000, 0x000001b531b30000, 0x000001b531e50000]
 total_blobs=2997 nmethods=1855 adapters=330
 compilation: enabled
              stopped_count=0, restarted_count=0
 full_count=0

Compilation events (20 events):
Event: 5.724 Thread 0x000001b547902800 1813       3       java.util.TreeMap::setColor (10 bytes)
Event: 5.724 Thread 0x000001b547902800 nmethod 1813 0x000001b53222d090 code [0x000001b53222d240, 0x000001b53222d3b8]
Event: 5.726 Thread 0x000001b547902800 1814       1       org.codehaus.plexus.classworlds.realm.Entry::getPackageName (5 bytes)
Event: 5.726 Thread 0x000001b547902800 nmethod 1814 0x000001b53942b510 code [0x000001b53942b6a0, 0x000001b53942b7d8]
Event: 5.726 Thread 0x000001b547902800 1815       3       org.codehaus.plexus.classworlds.realm.Entry::compareTo (9 bytes)
Event: 5.727 Thread 0x000001b547902800 nmethod 1815 0x000001b53222d490 code [0x000001b53222d660, 0x000001b53222d9f0]
Event: 5.727 Thread 0x000001b547902800 1816       3       java.util.TreeMap::leftOf (13 bytes)
Event: 5.727 Thread 0x000001b547902800 nmethod 1816 0x000001b53222db10 code [0x000001b53222dcc0, 0x000001b53222de78]
Event: 5.734 Thread 0x000001b547902800 1817       3       org.eclipse.sisu.bean.DeclaredMembers$MemberIterator::next (5 bytes)
Event: 5.735 Thread 0x000001b547902800 nmethod 1817 0x000001b53222df10 code [0x000001b53222e0e0, 0x000001b53222e440]
Event: 5.741 Thread 0x000001b547902800 1818       3       com.google.inject.internal.InternalContext::pushDependency (18 bytes)
Event: 5.742 Thread 0x000001b547902800 nmethod 1818 0x000001b53222e590 code [0x000001b53222e740, 0x000001b53222e950]
Event: 5.743 Thread 0x000001b547902800 1819       3       com.google.common.cache.LocalCache$Segment::drainKeyReferenceQueue (43 bytes)
Event: 5.744 Thread 0x000001b547902800 nmethod 1819 0x000001b53222ea10 code [0x000001b53222ec20, 0x000001b53222f590]
Event: 5.745 Thread 0x000001b547902800 1820       3       org.eclipse.sisu.bean.BeanPropertyField::getName (8 bytes)
Event: 5.745 Thread 0x000001b547902800 nmethod 1820 0x000001b53222f890 code [0x000001b53222fa40, 0x000001b53222fbd8]
Event: 5.752 Thread 0x000001b547902800 1821       3       com.google.common.cache.LocalCache$Segment::cleanUp (21 bytes)
Event: 5.752 Thread 0x000001b547902800 nmethod 1821 0x000001b53222fc90 code [0x000001b53222fe80, 0x000001b5322303f0]
Event: 5.752 Thread 0x000001b547902800 1822       3       java.util.concurrent.ConcurrentLinkedQueue::poll (84 bytes)
Event: 5.753 Thread 0x000001b547902800 nmethod 1822 0x000001b532230610 code [0x000001b532230860, 0x000001b532231510]

GC Heap History (8 events):
Event: 1.346 GC heap before
{Heap before GC invocations=0 (full 0):
 garbage-first heap   total 122880K, used 6144K [0x0000000088a00000, 0x0000000100000000)
  region size 1024K, 7 young (7168K), 0 survivors (0K)
 Metaspace       used 2177K, capacity 5632K, committed 5760K, reserved 1056768K
  class space    used 187K, capacity 538K, committed 640K, reserved 1048576K
}
Event: 1.417 GC heap after
{Heap after GC invocations=1 (full 0):
 garbage-first heap   total 122880K, used 2098K [0x0000000088a00000, 0x0000000100000000)
  region size 1024K, 1 young (1024K), 1 survivors (1024K)
 Metaspace       used 2177K, capacity 5632K, committed 5760K, reserved 1056768K
  class space    used 187K, capacity 538K, committed 640K, reserved 1048576K
}
Event: 2.094 GC heap before
{Heap before GC invocations=1 (full 0):
 garbage-first heap   total 122880K, used 7218K [0x0000000088a00000, 0x0000000100000000)
  region size 1024K, 6 young (6144K), 1 survivors (1024K)
 Metaspace       used 3162K, capacity 6300K, committed 6656K, reserved 1056768K
  class space    used 314K, capacity 657K, committed 768K, reserved 1048576K
}
Event: 2.100 GC heap after
{Heap after GC invocations=2 (full 0):
 garbage-first heap   total 122880K, used 3074K [0x0000000088a00000, 0x0000000100000000)
  region size 1024K, 1 young (1024K), 1 survivors (1024K)
 Metaspace       used 3162K, capacity 6300K, committed 6656K, reserved 1056768K
  class space    used 314K, capacity 657K, committed 768K, reserved 1048576K
}
Event: 3.096 GC heap before
{Heap before GC invocations=2 (full 0):
 garbage-first heap   total 122880K, used 16386K [0x0000000088a00000, 0x0000000100000000)
  region size 1024K, 14 young (14336K), 1 survivors (1024K)
 Metaspace       used 5199K, capacity 7816K, committed 8064K, reserved 1056768K
  class space    used 607K, capacity 885K, committed 896K, reserved 1048576K
}
Event: 3.102 GC heap after
{Heap after GC invocations=3 (full 0):
 garbage-first heap   total 122880K, used 3682K [0x0000000088a00000, 0x0000000100000000)
  region size 1024K, 2 young (2048K), 2 survivors (2048K)
 Metaspace       used 5199K, capacity 7816K, committed 8064K, reserved 1056768K
  class space    used 607K, capacity 885K, committed 896K, reserved 1048576K
}
Event: 4.238 GC heap before
{Heap before GC invocations=3 (full 0):
 garbage-first heap   total 122880K, used 22114K [0x0000000088a00000, 0x0000000100000000)
  region size 1024K, 20 young (20480K), 2 survivors (2048K)
 Metaspace       used 7306K, capacity 9674K, committed 9856K, reserved 1058816K
  class space    used 852K, capacity 1116K, committed 1152K, reserved 1048576K
}
Event: 4.245 GC heap after
{Heap after GC invocations=4 (full 0):
 garbage-first heap   total 122880K, used 4131K [0x0000000088a00000, 0x0000000100000000)
  region size 1024K, 2 young (2048K), 2 survivors (2048K)
 Metaspace       used 7306K, capacity 9674K, committed 9856K, reserved 1058816K
  class space    used 852K, capacity 1116K, committed 1152K, reserved 1048576K
}

Deoptimization events (20 events):
Event: 5.046 Thread 0x000001b527bcd800 DEOPT PACKING pc=0x000001b5393bfe20 sp=0x00000005a75fd520
Event: 5.046 Thread 0x000001b527bcd800 DEOPT UNPACKING pc=0x000001b53190942f sp=0x00000005a75fd4b0 mode 2
Event: 5.046 Thread 0x000001b527bcd800 Uncommon trap: trap_request=0xffffffc6 fr.pc=0x000001b5393bfe20 relative=0x00000000000005a0
Event: 5.046 Thread 0x000001b527bcd800 Uncommon trap: reason=bimorphic_or_optimized_type_check action=maybe_recompile pc=0x000001b5393bfe20 method=java.util.concurrent.ConcurrentHashMap.get(Ljava/lang/Object;)Ljava/lang/Object; @ 149 c2
Event: 5.046 Thread 0x000001b527bcd800 DEOPT PACKING pc=0x000001b5393bfe20 sp=0x00000005a75fd520
Event: 5.046 Thread 0x000001b527bcd800 DEOPT UNPACKING pc=0x000001b53190942f sp=0x00000005a75fd4b0 mode 2
Event: 5.111 Thread 0x000001b527bcd800 DEOPT PACKING pc=0x000001b53217ccc4 sp=0x00000005a75fde40
Event: 5.111 Thread 0x000001b527bcd800 DEOPT UNPACKING pc=0x000001b53190994e sp=0x00000005a75fd3c0 mode 0
Event: 5.201 Thread 0x000001b527bcd800 Uncommon trap: trap_request=0xffffffc6 fr.pc=0x000001b5393bfe20 relative=0x00000000000005a0
Event: 5.201 Thread 0x000001b527bcd800 Uncommon trap: reason=bimorphic_or_optimized_type_check action=maybe_recompile pc=0x000001b5393bfe20 method=java.util.concurrent.ConcurrentHashMap.get(Ljava/lang/Object;)Ljava/lang/Object; @ 149 c2
Event: 5.201 Thread 0x000001b527bcd800 DEOPT PACKING pc=0x000001b5393bfe20 sp=0x00000005a75fd570
Event: 5.201 Thread 0x000001b527bcd800 DEOPT UNPACKING pc=0x000001b53190942f sp=0x00000005a75fd500 mode 2
Event: 5.202 Thread 0x000001b527bcd800 Uncommon trap: trap_request=0xffffffc6 fr.pc=0x000001b5393ceef8 relative=0x00000000000008d8
Event: 5.202 Thread 0x000001b527bcd800 Uncommon trap: reason=bimorphic_or_optimized_type_check action=maybe_recompile pc=0x000001b5393ceef8 method=java.util.HashMap.putVal(ILjava/lang/Object;Ljava/lang/Object;ZZ)Ljava/lang/Object; @ 203 c2
Event: 5.202 Thread 0x000001b527bcd800 DEOPT PACKING pc=0x000001b5393ceef8 sp=0x00000005a75fd370
Event: 5.202 Thread 0x000001b527bcd800 DEOPT UNPACKING pc=0x000001b53190942f sp=0x00000005a75fd290 mode 2
Event: 5.204 Thread 0x000001b527bcd800 Uncommon trap: trap_request=0xffffffc6 fr.pc=0x000001b5393ceef8 relative=0x00000000000008d8
Event: 5.204 Thread 0x000001b527bcd800 Uncommon trap: reason=bimorphic_or_optimized_type_check action=maybe_recompile pc=0x000001b5393ceef8 method=java.util.HashMap.putVal(ILjava/lang/Object;Ljava/lang/Object;ZZ)Ljava/lang/Object; @ 203 c2
Event: 5.204 Thread 0x000001b527bcd800 DEOPT PACKING pc=0x000001b5393ceef8 sp=0x00000005a75fd3c0
Event: 5.204 Thread 0x000001b527bcd800 DEOPT UNPACKING pc=0x000001b53190942f sp=0x00000005a75fd2e0 mode 2

Classes unloaded (0 events):
No events

Classes redefined (0 events):
No events

Internal exceptions (3 events):
Event: 0.768 Thread 0x000001b527bcd800 Exception <a 'java/lang/NoSuchMethodError'{0x000000008ffef1b8}: 'int java.lang.invoke.DirectMethodHandle$Holder.invokeSpecialIFC(java.lang.Object, java.lang.Object, int)'> (0x000000008ffef1b8) 
thrown [t:/workspace/open/src/hotspot/share/interpreter/linkResolver.cpp, line 767]
Event: 5.505 Thread 0x000001b527bcd800 Exception <a 'java/lang/NoClassDefFoundError'{0x000000008ef01350}: com/google/inject/servlet/ServletModuleTargetVisitor> (0x000000008ef01350) 
thrown [t:/workspace/open/src/hotspot/share/classfile/systemDictionary.cpp, line 221]
Event: 5.505 Thread 0x000001b527bcd800 Exception <a 'java/lang/NoClassDefFoundError'{0x000000008ef04478}: javax/annotation/Priority> (0x000000008ef04478) 
thrown [t:/workspace/open/src/hotspot/share/classfile/systemDictionary.cpp, line 221]

Events (20 events):
Event: 5.747 loading class org/apache/maven/artifact/resolver/DefaultArtifactResolver$DaemonThreadCreator
Event: 5.747 loading class org/apache/maven/artifact/resolver/DefaultArtifactResolver$DaemonThreadCreator done
Event: 5.750 loading class org/apache/maven/artifact/resolver/DefaultArtifactCollector
Event: 5.750 loading class org/apache/maven/artifact/resolver/DefaultArtifactCollector done
Event: 5.751 loading class org/apache/maven/artifact/resolver/DefaultArtifactCollector
Event: 5.751 loading class org/apache/maven/artifact/resolver/DefaultArtifactCollector done
Event: 5.751 loading class org/apache/maven/artifact/resolver/DefaultArtifactCollector
Event: 5.751 loading class org/apache/maven/artifact/resolver/DefaultArtifactCollector done
Event: 5.754 loading class org/apache/maven/plugin/LegacySupport
Event: 5.754 loading class org/apache/maven/plugin/LegacySupport done
Event: 5.754 loading class org/apache/maven/repository/legacy/resolver/conflict/ConflictResolver
Event: 5.754 loading class org/apache/maven/repository/legacy/resolver/conflict/ConflictResolver done
Event: 5.755 loading class org/apache/maven/repository/legacy/resolver/conflict/FarthestConflictResolver
Event: 5.755 loading class org/apache/maven/repository/legacy/resolver/conflict/FarthestConflictResolver done
Event: 5.755 loading class org/apache/maven/repository/legacy/resolver/conflict/FarthestConflictResolver
Event: 5.755 loading class org/apache/maven/repository/legacy/resolver/conflict/FarthestConflictResolver done
Event: 5.755 loading class org/apache/maven/repository/legacy/resolver/conflict/DefaultConflictResolver
Event: 5.755 loading class org/apache/maven/repository/legacy/resolver/conflict/DefaultConflictResolver done
Event: 5.755 loading class org/apache/maven/repository/legacy/resolver/conflict/DefaultConflictResolver
Event: 5.755 loading class org/apache/maven/repository/legacy/resolver/conflict/DefaultConflictResolver done


Dynamic libraries:
0x00007ff777e80000 - 0x00007ff777e8f000 	C:\Program Files\Java\jdk-13.0.2\bin\java.exe
0x00007ffa156d0000 - 0x00007ffa158c5000 	C:\WINDOWS\SYSTEM32\ntdll.dll
0x00007ffa150e0000 - 0x00007ffa1519d000 	C:\WINDOWS\System32\KERNEL32.DLL
0x00007ffa131d0000 - 0x00007ffa13498000 	C:\WINDOWS\System32\KERNELBASE.dll
0x00007ffa12e10000 - 0x00007ffa12f10000 	C:\WINDOWS\System32\ucrtbase.dll
0x00007ff9ff4c0000 - 0x00007ff9ff4d5000 	C:\Program Files\Java\jdk-13.0.2\bin\VCRUNTIME140.dll
0x00007ff9f5300000 - 0x00007ff9f5318000 	C:\Program Files\Java\jdk-13.0.2\bin\jli.dll
0x00007ffa14a90000 - 0x00007ffa14b3c000 	C:\WINDOWS\System32\ADVAPI32.dll
0x00007ffa151a0000 - 0x00007ffa1523e000 	C:\WINDOWS\System32\msvcrt.dll
0x00007ffa13b60000 - 0x00007ffa13bfb000 	C:\WINDOWS\System32\sechost.dll
0x00007ffa15560000 - 0x00007ffa1568b000 	C:\WINDOWS\System32\RPCRT4.dll
0x00007ffa14f40000 - 0x00007ffa150e0000 	C:\WINDOWS\System32\USER32.dll
0x00007ffa130d0000 - 0x00007ffa130f2000 	C:\WINDOWS\System32\win32u.dll
0x00007ffa13990000 - 0x00007ffa139ba000 	C:\WINDOWS\System32\GDI32.dll
0x00007ffa134d0000 - 0x00007ffa135db000 	C:\WINDOWS\System32\gdi32full.dll
0x00007ffa13690000 - 0x00007ffa1372d000 	C:\WINDOWS\System32\msvcp_win.dll
0x00007ffa06c20000 - 0x00007ffa06eba000 	C:\WINDOWS\WinSxS\amd64_microsoft.windows.common-controls_6595b64144ccf1df_6.0.19041.844_none_ca00b6081b84eb1d\COMCTL32.dll
0x00007ffa098a0000 - 0x00007ffa098aa000 	C:\WINDOWS\SYSTEM32\VERSION.dll
0x00007ffa14f00000 - 0x00007ffa14f30000 	C:\WINDOWS\System32\IMM32.DLL
0x00007ff9dd460000 - 0x00007ff9dd4fb000 	C:\Program Files\Java\jdk-13.0.2\bin\msvcp140.dll
0x00007ff9d43b0000 - 0x00007ff9d4f0d000 	C:\Program Files\Java\jdk-13.0.2\bin\server\jvm.dll
0x00007ffa13ec0000 - 0x00007ffa13ec8000 	C:\WINDOWS\System32\PSAPI.DLL
0x00007ffa04cc0000 - 0x00007ffa04cc9000 	C:\WINDOWS\SYSTEM32\WSOCK32.dll
0x00007ffa13c00000 - 0x00007ffa13c6b000 	C:\WINDOWS\System32\WS2_32.dll
0x00007ffa08710000 - 0x00007ffa08737000 	C:\WINDOWS\SYSTEM32\WINMM.dll
0x00007ffa10df0000 - 0x00007ffa10e02000 	C:\WINDOWS\SYSTEM32\kernel.appcore.dll
0x00007ff9f4740000 - 0x00007ff9f4750000 	C:\Program Files\Java\jdk-13.0.2\bin\verify.dll
0x00007ffa10be0000 - 0x00007ffa10dc4000 	C:\WINDOWS\SYSTEM32\DBGHELP.DLL
0x00007ffa07170000 - 0x00007ffa0719c000 	C:\WINDOWS\SYSTEM32\dbgcore.DLL
0x00007ffa13150000 - 0x00007ffa131d0000 	C:\WINDOWS\System32\bcryptPrimitives.dll
0x00007ff9f3800000 - 0x00007ff9f3826000 	C:\Program Files\Java\jdk-13.0.2\bin\java.dll
0x00007ff9f1a70000 - 0x00007ff9f1a87000 	C:\Program Files\Java\jdk-13.0.2\bin\zip.dll
0x00007ff9f4730000 - 0x00007ff9f473a000 	C:\Program Files\Java\jdk-13.0.2\bin\jimage.dll
0x00007ffa13ed0000 - 0x00007ffa14612000 	C:\WINDOWS\System32\SHELL32.dll
0x00007ffa10f60000 - 0x00007ffa116f0000 	C:\WINDOWS\SYSTEM32\windows.storage.dll
0x00007ffa14b40000 - 0x00007ffa14e95000 	C:\WINDOWS\System32\combase.dll
0x00007ffa127b0000 - 0x00007ffa127dc000 	C:\WINDOWS\SYSTEM32\Wldp.dll
0x00007ffa15370000 - 0x00007ffa1541e000 	C:\WINDOWS\System32\SHCORE.dll
0x00007ffa14ea0000 - 0x00007ffa14ef5000 	C:\WINDOWS\System32\shlwapi.dll
0x00007ffa12d50000 - 0x00007ffa12d6f000 	C:\WINDOWS\SYSTEM32\profapi.dll
0x00007ff9f5f30000 - 0x00007ff9f5f49000 	C:\Program Files\Java\jdk-13.0.2\bin\net.dll
0x00007ffa09fb0000 - 0x00007ffa0a0bb000 	C:\WINDOWS\SYSTEM32\WINHTTP.dll
0x00007ffa12520000 - 0x00007ffa1258a000 	C:\WINDOWS\system32\mswsock.dll
0x00007ff9f5f10000 - 0x00007ff9f5f23000 	C:\Program Files\Java\jdk-13.0.2\bin\nio.dll
0x00007ff9f5f00000 - 0x00007ff9f5f0a000 	X:\ALL\Private Software\NetBeans\NetBeans-12.3\netbeans\java\maven\lib\jansi-native\windows64\jansi.dll

dbghelp: loaded successfully - version: 4.0.5 - missing functions: none
symbol engine: initialized successfully - sym options: 0x614 - pdb path: .;C:\Program Files\Java\jdk-13.0.2\bin;C:\WINDOWS\SYSTEM32;C:\WINDOWS\WinSxS\amd64_microsoft.windows.common-controls_6595b64144ccf1df_6.0.19041.844_none_ca00b6081b84eb1d;C:\Program Files\Java\jdk-13.0.2\bin\server;X:\ALL\Private Software\NetBeans\NetBeans-12.3\netbeans\java\maven\lib\jansi-native\windows64

VM Arguments:
jvm_args: -Dclassworlds.conf=X:\ALL\Private Software\NetBeans\NetBeans-12.3\netbeans\java\maven\bin\..\bin\m2.conf -Dmaven.home=X:\ALL\Private Software\NetBeans\NetBeans-12.3\netbeans\java\maven\bin\.. -Dlibrary.jansi.path=X:\ALL\Private Software\NetBeans\NetBeans-12.3\netbeans\java\maven\bin\..\lib\jansi-native -Dmaven.multiModuleProjectDirectory=C:\Users\User\Documents\NetBeansProjects\MonsterSpirit 
java_command: org.codehaus.plexus.classworlds.launcher.Launcher -Dmaven.ext.class.path=X:\ALL\Private Software\NetBeans\NetBeans-12.3\netbeans\java\maven-nblib\netbeans-eventspy.jar -Dfile.encoding=UTF-8 clean install
java_class_path (initial): X:\ALL\Private Software\NetBeans\NetBeans-12.3\netbeans\java\maven\bin\..\boot\plexus-classworlds-2.6.0.jar
Launcher Type: SUN_STANDARD

[Global flags]
     intx CICompilerCount                          = 2                                         {product} {ergonomic}
     uint ConcGCThreads                            = 1                                         {product} {ergonomic}
     uint G1ConcRefinementThreads                  = 2                                         {product} {ergonomic}
   size_t G1HeapRegionSize                         = 1048576                                   {product} {ergonomic}
    uintx GCDrainStackTargetSize                   = 64                                        {product} {ergonomic}
   size_t InitialHeapSize                          = 125829120                                 {product} {ergonomic}
   size_t MarkStackSize                            = 4194304                                   {product} {ergonomic}
   size_t MaxHeapSize                              = 2002780160                                {product} {ergonomic}
   size_t MaxNewSize                               = 1201668096                                {product} {ergonomic}
   size_t MinHeapDeltaBytes                        = 1048576                                   {product} {ergonomic}
   size_t MinHeapSize                              = 8388608                                   {product} {ergonomic}
    uintx NonNMethodCodeHeapSize                   = 5826188                                {pd product} {ergonomic}
    uintx NonProfiledCodeHeapSize                  = 122916026                              {pd product} {ergonomic}
    uintx ProfiledCodeHeapSize                     = 122916026                              {pd product} {ergonomic}
    uintx ReservedCodeCacheSize                    = 251658240                              {pd product} {ergonomic}
     bool SegmentedCodeCache                       = true                                      {product} {ergonomic}
   size_t SoftMaxHeapSize                          = 2002780160                             {manageable} {ergonomic}
     bool UseCompressedClassPointers               = true                                 {lp64_product} {ergonomic}
     bool UseCompressedOops                        = true                                 {lp64_product} {ergonomic}
     bool UseG1GC                                  = true                                      {product} {ergonomic}
     bool UseLargePagesIndividualAllocation        = false                                  {pd product} {ergonomic}

Logging:
Log output configuration:
 #0: stdout all=warning uptime,level,tags
 #1: stderr all=off uptime,level,tags

Environment Variables:
JAVA_HOME=C:\Program Files\Java\jdk-13.0.2
PATH=C:\Program Files (x86)\VMware\VMware Workstation\bin\;C:\oraclexe\app\oracle\product\11.2.0\server\bin;;C:\Program Files (x86)\Common Files\Oracle\Java\javapath;C:\ProgramData\Oracle\Java\javapath;C:\WINDOWS\system32;C:\WINDOWS;C:\WINDOWS\System32\Wbem;C:\WINDOWS\System32\WindowsPowerShell\v1.0\;C:\Program Files\Microsoft SQL Server\120\DTS\Binn\;C:\Program Files\Microsoft SQL Server\Client SDK\ODBC\110\Tools\Binn\;C:\Program Files (x86)\Microsoft SQL Server\120\Tools\Binn\;C:\Program Files\Microsoft SQL Server\120\Tools\Binn\;C:\Program Files (x86)\Microsoft SQL Server\120\Tools\Binn\ManagementStudio\;C:\Program Files (x86)\Microsoft SQL Server\120\DTS\Binn\;X:\NODES\;C:\Program Files\Java\jdk1.8.0_152\bin;C:\Program Files\Java\jre1.8.0_152\bin;C:\Users\User\AppData\Local\Android\sdk\platform-tools;C:\Program Files\Git\cmd;C:\Program Files (x86)\GtkSharp\2.12\bin;C:\WINDOWS\System32\OpenSSH\;X:\ALL\Private Software\Putty\;C:\Program Files (x86)\AOMEI Backupper;C:\Program Files\Microsoft VS Code\bin;X:\ALL\Private Software\Pyhton 3.9\Scripts\;X:\ALL\Private Software\Pyhton 3.9\;X:\ALL\Private Software\Python 3.7.8(64)\Scripts\;X:\ALL\Private Software\Python 3.7.8(64)\;C:\Users\User\AppData\Local\Microsoft\WindowsApps;C:\Users\User\AppData\Roaming\npm;;X:\ALL\Private Software\Microsoft VS Code\bin
USERNAME=User
OS=Windows_NT
PROCESSOR_IDENTIFIER=AMD64 Family 21 Model 112 Stepping 0, AuthenticAMD



---------------  S Y S T E M  ---------------

OS: Windows 10 , 64 bit Build 19041 (10.0.19041.928)

CPU:total 2 (initial active 2) (2 cores per cpu, 1 threads per core) family 21 model 112 stepping 0, cmov, cx8, fxsr, mmx, sse, sse2, sse3, ssse3, sse4.1, sse4.2, popcnt, avx, avx2, aes, clmul, mmxext, 3dnowpref, lzcnt, sse4a, tsc, tscinvbit, tscinv, bmi1, bmi2, fma

Memory: 4k page, system-wide physical 7638M (499M free)
TotalPageFile size 31190M (AvailPageFile size 5M)
current process WorkingSet (physical memory assigned to process): 88M, peak: 88M
current process commit charge ("private bytes"): 220M, peak: 221M

vm_info: Java HotSpot(TM) 64-Bit Server VM (13.0.2+8) for windows-amd64 JRE (13.0.2+8), built on Dec 11 2019 09:20:33 by "mach5one" with unknown MS VC++:1916

END.
