#
# There is insufficient memory for the Java Runtime Environment to continue.
# Native memory allocation (mmap) failed to map 125829120 bytes for Failed to commit area from 0x0000000088a00000 to 0x0000000090200000 of length 125829120.
# Possible reasons:
#   The system is out of physical RAM or swap space
#   The process is running with CompressedOops enabled, and the Java Heap may be blocking the growth of the native heap
# Possible solutions:
#   Reduce memory load on the system
#   Increase physical memory or swap space
#   Check if swap backing store is full
#   Decrease Java heap size (-Xmx/-Xms)
#   Decrease number of Java threads
#   Decrease Java thread stack sizes (-Xss)
#   Set larger code cache with -XX:ReservedCodeCacheSize=
# This output file may be truncated or incomplete.
#
#  Out of Memory Error (t:/workspace/open/src/hotspot/os/windows/os_windows.cpp:3301), pid=9356, tid=14584
#
# JRE version:  (13.0.2+8) (build )
# Java VM: Java HotSpot(TM) 64-Bit Server VM (13.0.2+8, mixed mode, aot, sharing, tiered, compressed oops, g1 gc, windows-amd64)
# No core dump will be written. Minidumps are not enabled by default on client versions of Windows
#

---------------  S U M M A R Y ------------

Command Line: -Dclassworlds.conf=X:\ALL\Private Software\NetBeans\NetBeans-12.3\netbeans\java\maven\bin\..\bin\m2.conf -Dmaven.home=X:\ALL\Private Software\NetBeans\NetBeans-12.3\netbeans\java\maven\bin\.. -Dlibrary.jansi.path=X:\ALL\Private Software\NetBeans\NetBeans-12.3\netbeans\java\maven\bin\..\lib\jansi-native -Dmaven.multiModuleProjectDirectory=C:\Users\User\Documents\NetBeansProjects\MonsterSpirit org.codehaus.plexus.classworlds.launcher.Launcher -Dexec.args=-classpath %classpath com.ish.monsterspirit.MainDashBoard -Dexec.executable=C:\Program Files\Java\jdk-13.0.2\bin\java.exe -Dmaven.ext.class.path=X:\ALL\Private Software\NetBeans\NetBeans-12.3\netbeans\java\maven-nblib\netbeans-eventspy.jar -Dfile.encoding=UTF-8 org.codehaus.mojo:exec-maven-plugin:3.0.0:exec

Host: AMD A9-9420 RADEON R5, 5 COMPUTE CORES 2C+3G   , 2 cores, 7G,  Windows 10 , 64 bit Build 19041 (10.0.19041.1023)
Time: Mon Jul 12 16:42:56 2021 SE Asia Standard Time elapsed time: 0 seconds (0d 0h 0m 0s)

---------------  T H R E A D  ---------------

Current thread (0x000001fb3db3f000):  JavaThread "Unknown thread" [_thread_in_vm, id=14584, stack(0x00000077a9000000,0x00000077a9100000)]

Stack: [0x00000077a9000000,0x00000077a9100000]
Native frames: (J=compiled Java code, j=interpreted, Vv=VM code, C=native code)
V  [jvm.dll+0x624f9a]
V  [jvm.dll+0x770cfa]
V  [jvm.dll+0x7724af]
V  [jvm.dll+0x772ab3]
V  [jvm.dll+0x24bf08]
V  [jvm.dll+0x6222aa]
V  [jvm.dll+0x6170b5]
V  [jvm.dll+0x30a88c]
V  [jvm.dll+0x30a6c2]
V  [jvm.dll+0x30fe36]
V  [jvm.dll+0x353f46]
V  [jvm.dll+0x353720]
V  [jvm.dll+0x2e550a]
V  [jvm.dll+0x2e67a2]
V  [jvm.dll+0x74dd78]
V  [jvm.dll+0x361989]
V  [jvm.dll+0x730e65]
V  [jvm.dll+0x3cc53f]
V  [jvm.dll+0x3ce861]
C  [jli.dll+0x51ff]
C  [ucrtbase.dll+0x21bb2]
C  [KERNEL32.DLL+0x17034]
C  [ntdll.dll+0x52651]


---------------  P R O C E S S  ---------------

Threads class SMR info:
_java_thread_list=0x00007ff96d64ccb8, length=0, elements={
}

Java Threads: ( => current thread )

Other Threads:
  0x000001fb3db7f800 GCTaskThread "GC Thread#0" [stack: 0x00000077a9100000,0x00000077a9200000] [id=8176]
  0x000001fb3db90000 ConcurrentGCThread "G1 Main Marker" [stack: 0x00000077a9200000,0x00000077a9300000] [id=3692]
  0x000001fb3db91000 ConcurrentGCThread "G1 Conc#0" [stack: 0x00000077a9300000,0x00000077a9400000] [id=4228]

[error occurred during error reporting (printing all threads), id 0xc0000005, EXCEPTION_ACCESS_VIOLATION (0xc0000005) at pc=0x00007ff96ce851d7]

VM state:not at safepoint (not fully initialized)

VM Mutex/Monitor currently owned by a thread:  ([mutex/lock_event])
[0x000001fb3db3bea0] Heap_lock - owner thread: 0x000001fb3db3f000

Heap address: 0x0000000088a00000, size: 1910 MB, Compressed Oops mode: Non-zero based: 0x0000000088a00000
Narrow klass base: 0x0000000000000000, Narrow klass shift: 0

GC Heap History (0 events):
No events

Deoptimization events (0 events):
No events

Classes unloaded (0 events):
No events

Classes redefined (0 events):
No events

Internal exceptions (0 events):
No events

Events (8 events):
Event: 0.019 Loaded shared library C:\Program Files\Java\jdk-13.0.2\bin\zip.dll
Event: 0.020 Loaded shared library C:\Program Files\Java\jdk-13.0.2\bin\jimage.dll
Event: 0.023 Loading shared library C:\Program Files\Java\jdk-13.0.2\lib\libjava.base-coop.dll failed, error code 126
Event: 0.023 Loading shared library C:\Program Files\Java\jdk-13.0.2\lib\libjava.logging-coop.dll failed, error code 126
Event: 0.023 Loading shared library C:\Program Files\Java\jdk-13.0.2\lib\libjdk.compiler-coop.dll failed, error code 126
Event: 0.023 Loading shared library C:\Program Files\Java\jdk-13.0.2\lib\libjdk.scripting.nashorn-coop.dll failed, error code 126
Event: 0.023 Loading shared library C:\Program Files\Java\jdk-13.0.2\lib\libjdk.internal.vm.ci-coop.dll failed, error code 126
Event: 0.023 Loading shared library C:\Program Files\Java\jdk-13.0.2\lib\libjdk.internal.vm.compiler-coop.dll failed, error code 126


Dynamic libraries:
0x00007ff613fd0000 - 0x00007ff613fdf000 	C:\Program Files\Java\jdk-13.0.2\bin\java.exe
0x00007ff9b8a30000 - 0x00007ff9b8c25000 	C:\WINDOWS\SYSTEM32\ntdll.dll
0x00007ff9b7f90000 - 0x00007ff9b804d000 	C:\WINDOWS\System32\KERNEL32.DLL
0x00007ff9b6280000 - 0x00007ff9b6549000 	C:\WINDOWS\System32\KERNELBASE.dll
0x00007ff9b66e0000 - 0x00007ff9b67e0000 	C:\WINDOWS\System32\ucrtbase.dll
0x00007ff9aa1f0000 - 0x00007ff9aa208000 	C:\Program Files\Java\jdk-13.0.2\bin\jli.dll
0x00007ff9b8940000 - 0x00007ff9b89ec000 	C:\WINDOWS\System32\ADVAPI32.dll
0x00007ff9b7c80000 - 0x00007ff9b7d1e000 	C:\WINDOWS\System32\msvcrt.dll
0x00007ff9b8500000 - 0x00007ff9b859b000 	C:\WINDOWS\System32\sechost.dll
0x00007ff9b85a0000 - 0x00007ff9b86ca000 	C:\WINDOWS\System32\RPCRT4.dll
0x00007ff9b7ab0000 - 0x00007ff9b7c50000 	C:\WINDOWS\System32\USER32.dll
0x00007ff9b6550000 - 0x00007ff9b6572000 	C:\WINDOWS\System32\win32u.dll
0x00007ff9b7c50000 - 0x00007ff9b7c7a000 	C:\WINDOWS\System32\GDI32.dll
0x00007ff9b6870000 - 0x00007ff9b697b000 	C:\WINDOWS\System32\gdi32full.dll
0x00007ff9b6a00000 - 0x00007ff9b6a9d000 	C:\WINDOWS\System32\msvcp_win.dll
0x00007ff9aa1d0000 - 0x00007ff9aa1e5000 	C:\Program Files\Java\jdk-13.0.2\bin\VCRUNTIME140.dll
0x00007ff9a5b20000 - 0x00007ff9a5dba000 	C:\WINDOWS\WinSxS\amd64_microsoft.windows.common-controls_6595b64144ccf1df_6.0.19041.1083_none_60bbe31371f34e71\COMCTL32.dll
0x00007ff9addf0000 - 0x00007ff9addfa000 	C:\WINDOWS\SYSTEM32\VERSION.dll
0x00007ff9b6f70000 - 0x00007ff9b6fa0000 	C:\WINDOWS\System32\IMM32.DLL
0x00007ff9a7a80000 - 0x00007ff9a7b1b000 	C:\Program Files\Java\jdk-13.0.2\bin\msvcp140.dll
0x00007ff96cb90000 - 0x00007ff96d6ed000 	C:\Program Files\Java\jdk-13.0.2\bin\server\jvm.dll
0x00007ff9b8050000 - 0x00007ff9b8058000 	C:\WINDOWS\System32\PSAPI.DLL
0x00007ff9a1eb0000 - 0x00007ff9a1eb9000 	C:\WINDOWS\SYSTEM32\WSOCK32.dll
0x00007ff9b7d80000 - 0x00007ff9b7deb000 	C:\WINDOWS\System32\WS2_32.dll
0x00007ff9addc0000 - 0x00007ff9adde7000 	C:\WINDOWS\SYSTEM32\WINMM.dll
0x00007ff9b4130000 - 0x00007ff9b4142000 	C:\WINDOWS\SYSTEM32\kernel.appcore.dll
0x00007ff9aea20000 - 0x00007ff9aea30000 	C:\Program Files\Java\jdk-13.0.2\bin\verify.dll
0x00007ff9b3f20000 - 0x00007ff9b4104000 	C:\WINDOWS\SYSTEM32\DBGHELP.DLL
0x00007ff9a5dc0000 - 0x00007ff9a5dec000 	C:\WINDOWS\SYSTEM32\dbgcore.DLL
0x00007ff9b67e0000 - 0x00007ff9b6863000 	C:\WINDOWS\System32\bcryptPrimitives.dll
0x00007ff997eb0000 - 0x00007ff997ed6000 	C:\Program Files\Java\jdk-13.0.2\bin\java.dll
0x00007ff9a8af0000 - 0x00007ff9a8b07000 	C:\Program Files\Java\jdk-13.0.2\bin\zip.dll
0x00007ff9ae9e0000 - 0x00007ff9ae9ea000 	C:\Program Files\Java\jdk-13.0.2\bin\jimage.dll

dbghelp: loaded successfully - version: 4.0.5 - missing functions: none
symbol engine: initialized successfully - sym options: 0x614 - pdb path: .;C:\Program Files\Java\jdk-13.0.2\bin;C:\WINDOWS\SYSTEM32;C:\WINDOWS\WinSxS\amd64_microsoft.windows.common-controls_6595b64144ccf1df_6.0.19041.1083_none_60bbe31371f34e71;C:\Program Files\Java\jdk-13.0.2\bin\server

VM Arguments:
jvm_args: -Dclassworlds.conf=X:\ALL\Private Software\NetBeans\NetBeans-12.3\netbeans\java\maven\bin\..\bin\m2.conf -Dmaven.home=X:\ALL\Private Software\NetBeans\NetBeans-12.3\netbeans\java\maven\bin\.. -Dlibrary.jansi.path=X:\ALL\Private Software\NetBeans\NetBeans-12.3\netbeans\java\maven\bin\..\lib\jansi-native -Dmaven.multiModuleProjectDirectory=C:\Users\User\Documents\NetBeansProjects\MonsterSpirit 
java_command: org.codehaus.plexus.classworlds.launcher.Launcher -Dexec.args=-classpath %classpath com.ish.monsterspirit.MainDashBoard -Dexec.executable=C:\Program Files\Java\jdk-13.0.2\bin\java.exe -Dmaven.ext.class.path=X:\ALL\Private Software\NetBeans\NetBeans-12.3\netbeans\java\maven-nblib\netbeans-eventspy.jar -Dfile.encoding=UTF-8 org.codehaus.mojo:exec-maven-plugin:3.0.0:exec
java_class_path (initial): X:\ALL\Private Software\NetBeans\NetBeans-12.3\netbeans\java\maven\bin\..\boot\plexus-classworlds-2.6.0.jar
Launcher Type: SUN_STANDARD

[Global flags]
     intx CICompilerCount                          = 2                                         {product} {ergonomic}
     uint ConcGCThreads                            = 1                                         {product} {ergonomic}
     uint G1ConcRefinementThreads                  = 2                                         {product} {ergonomic}
   size_t G1HeapRegionSize                         = 1048576                                   {product} {ergonomic}
    uintx GCDrainStackTargetSize                   = 64                                        {product} {ergonomic}
   size_t InitialHeapSize                          = 125829120                                 {product} {ergonomic}
   size_t MarkStackSize                            = 4194304                                   {product} {ergonomic}
   size_t MaxHeapSize                              = 2002780160                                {product} {ergonomic}
   size_t MinHeapDeltaBytes                        = 1048576                                   {product} {ergonomic}
   size_t MinHeapSize                              = 8388608                                   {product} {ergonomic}
    uintx NonNMethodCodeHeapSize                   = 5826188                                {pd product} {ergonomic}
    uintx NonProfiledCodeHeapSize                  = 122916026                              {pd product} {ergonomic}
    uintx ProfiledCodeHeapSize                     = 122916026                              {pd product} {ergonomic}
    uintx ReservedCodeCacheSize                    = 251658240                              {pd product} {ergonomic}
     bool SegmentedCodeCache                       = true                                      {product} {ergonomic}
   size_t SoftMaxHeapSize                          = 2002780160                             {manageable} {ergonomic}
     bool UseCompressedClassPointers               = true                                 {lp64_product} {ergonomic}
     bool UseCompressedOops                        = true                                 {lp64_product} {ergonomic}
     bool UseG1GC                                  = true                                      {product} {ergonomic}
     bool UseLargePagesIndividualAllocation        = false                                  {pd product} {ergonomic}

Logging:
Log output configuration:
 #0: stdout all=warning uptime,level,tags
 #1: stderr all=off uptime,level,tags

Environment Variables:
JAVA_HOME=C:\Program Files\Java\jdk-13.0.2
PATH=C:\Program Files (x86)\VMware\VMware Workstation\bin\;C:\oraclexe\app\oracle\product\11.2.0\server\bin;;C:\Program Files (x86)\Common Files\Oracle\Java\javapath;C:\ProgramData\Oracle\Java\javapath;C:\WINDOWS\system32;C:\WINDOWS;C:\WINDOWS\System32\Wbem;C:\WINDOWS\System32\WindowsPowerShell\v1.0\;C:\Program Files\Microsoft SQL Server\120\DTS\Binn\;C:\Program Files\Microsoft SQL Server\Client SDK\ODBC\110\Tools\Binn\;C:\Program Files (x86)\Microsoft SQL Server\120\Tools\Binn\;C:\Program Files\Microsoft SQL Server\120\Tools\Binn\;C:\Program Files (x86)\Microsoft SQL Server\120\Tools\Binn\ManagementStudio\;C:\Program Files (x86)\Microsoft SQL Server\120\DTS\Binn\;X:\NODES\;C:\Program Files\Java\jdk1.8.0_152\bin;C:\Program Files\Java\jre1.8.0_152\bin;C:\Users\User\AppData\Local\Android\sdk\platform-tools;C:\Program Files\Git\cmd;C:\Program Files (x86)\GtkSharp\2.12\bin;C:\WINDOWS\System32\OpenSSH\;X:\ALL\Private Software\Putty\;C:\Program Files (x86)\AOMEI Backupper;C:\Program Files\Microsoft VS Code\bin;X:\ALL\Private Software\Pyhton 3.9\Scripts\;X:\ALL\Private Software\Pyhton 3.9\;X:\ALL\Private Software\Python 3.7.8(64)\Scripts\;X:\ALL\Private Software\Python 3.7.8(64)\;C:\Users\User\AppData\Local\Microsoft\WindowsApps;C:\Users\User\AppData\Roaming\npm;;X:\ALL\Private Software\Microsoft VS Code\bin
USERNAME=User
OS=Windows_NT
PROCESSOR_IDENTIFIER=AMD64 Family 21 Model 112 Stepping 0, AuthenticAMD



---------------  S Y S T E M  ---------------

OS: Windows 10 , 64 bit Build 19041 (10.0.19041.1023)

CPU:total 2 (initial active 2) (2 cores per cpu, 1 threads per core) family 21 model 112 stepping 0, cmov, cx8, fxsr, mmx, sse, sse2, sse3, ssse3, sse4.1, sse4.2, popcnt, avx, avx2, aes, clmul, mmxext, 3dnowpref, lzcnt, sse4a, tsc, tscinvbit, tscinv, bmi1, bmi2, fma

Memory: 4k page, system-wide physical 7638M (2497M free)
TotalPageFile size 31190M (AvailPageFile size 71M)
current process WorkingSet (physical memory assigned to process): 10M, peak: 10M
current process commit charge ("private bytes"): 47M, peak: 167M

vm_info: Java HotSpot(TM) 64-Bit Server VM (13.0.2+8) for windows-amd64 JRE (13.0.2+8), built on Dec 11 2019 09:20:33 by "mach5one" with unknown MS VC++:1916

END.
