#
# There is insufficient memory for the Java Runtime Environment to continue.
# Native memory allocation (malloc) failed to allocate 32744 bytes for ChunkPool::allocate
# Possible reasons:
#   The system is out of physical RAM or swap space
#   The process is running with CompressedOops enabled, and the Java Heap may be blocking the growth of the native heap
# Possible solutions:
#   Reduce memory load on the system
#   Increase physical memory or swap space
#   Check if swap backing store is full
#   Decrease Java heap size (-Xmx/-Xms)
#   Decrease number of Java threads
#   Decrease Java thread stack sizes (-Xss)
#   Set larger code cache with -XX:ReservedCodeCacheSize=
#   JVM is running with Unscaled Compressed Oops mode in which the Java heap is
#     placed in the first 4GB address space. The Java Heap base address is the
#     maximum limit for the native heap growth. Please use -XX:HeapBaseMinAddress
#     to set the Java Heap base and to place the Java Heap above 4GB virtual address.
# This output file may be truncated or incomplete.
#
#  Out of Memory Error (t:/workspace/open/src/hotspot/share/memory/arena.cpp:80), pid=9748, tid=7564
#
# JRE version: Java(TM) SE Runtime Environment (13.0.2+8) (build 13.0.2+8)
# Java VM: Java HotSpot(TM) 64-Bit Server VM (13.0.2+8, mixed mode, sharing, tiered, compressed oops, g1 gc, windows-amd64)
# No core dump will be written. Minidumps are not enabled by default on client versions of Windows
#

---------------  S U M M A R Y ------------

Command Line: -Dclassworlds.conf=X:\ALL\Private Software\NetBeans\NetBeans-12.3\netbeans\java\maven\bin\..\bin\m2.conf -Dmaven.home=X:\ALL\Private Software\NetBeans\NetBeans-12.3\netbeans\java\maven\bin\.. -Dlibrary.jansi.path=X:\ALL\Private Software\NetBeans\NetBeans-12.3\netbeans\java\maven\bin\..\lib\jansi-native -Dmaven.multiModuleProjectDirectory=C:\Users\User\Documents\NetBeansProjects\MonsterSpirit org.codehaus.plexus.classworlds.launcher.Launcher -Dexec.args=-classpath %classpath com.ish.monsterspirit.MainDashBoard_Testing_septian -Dexec.executable=C:\Program Files\Java\jdk-13.0.2\bin\java.exe -Dmaven.ext.class.path=X:\ALL\Private Software\NetBeans\NetBeans-12.3\netbeans\java\maven-nblib\netbeans-eventspy.jar -Dfile.encoding=UTF-8 org.codehaus.mojo:exec-maven-plugin:3.0.0:exec

Host: AMD A9-9420 RADEON R5, 5 COMPUTE CORES 2C+3G   , 2 cores, 7G,  Windows 10 , 64 bit Build 19041 (10.0.19041.928)
Time: Mon Jul  5 11:25:03 2021 SE Asia Standard Time elapsed time: 9 seconds (0d 0h 0m 9s)

---------------  T H R E A D  ---------------

Current thread (0x000001647f8a4800):  JavaThread "C2 CompilerThread0" daemon [_thread_in_native, id=7564, stack(0x00000028ed500000,0x00000028ed600000)]


Current CompileTask:
C2:   9636 1781   !   4       java.net.URL::<init> (543 bytes)

Stack: [0x00000028ed500000,0x00000028ed600000]
Native frames: (J=compiled Java code, j=interpreted, Vv=VM code, C=native code)
V  [jvm.dll+0x624f9a]
V  [jvm.dll+0x770cfa]
V  [jvm.dll+0x7724af]
V  [jvm.dll+0x772ab3]
V  [jvm.dll+0x24bf08]
V  [jvm.dll+0xc2076]
V  [jvm.dll+0xc23cc]
V  [jvm.dll+0xc1f2d]
V  [jvm.dll+0x60763f]
V  [jvm.dll+0x656acc]
V  [jvm.dll+0x19f3bc]
V  [jvm.dll+0x205d36]
V  [jvm.dll+0x204e3f]
V  [jvm.dll+0x189c2c]
V  [jvm.dll+0x213e6d]
V  [jvm.dll+0x2120bb]
V  [jvm.dll+0x736bb6]
V  [jvm.dll+0x72fcaa]
V  [jvm.dll+0x623ea6]
C  [ucrtbase.dll+0x21bb2]
C  [KERNEL32.DLL+0x17034]
C  [ntdll.dll+0x52651]


---------------  P R O C E S S  ---------------

Threads class SMR info:
_java_thread_list=0x000001647fac29f0, length=10, elements={
0x000001647475e800, 0x000001647f881800, 0x000001647f885000, 0x000001647f8a1000,
0x000001647f8a3000, 0x000001647f8a4800, 0x000001647f8a5800, 0x000001647f90b800,
0x000001647fad0000, 0x000001647fae2000
}

Java Threads: ( => current thread )
  0x000001647475e800 JavaThread "main" [_thread_in_vm, id=10204, stack(0x00000028ec900000,0x00000028eca00000)]
  0x000001647f881800 JavaThread "Reference Handler" daemon [_thread_blocked, id=13480, stack(0x00000028ed100000,0x00000028ed200000)]
  0x000001647f885000 JavaThread "Finalizer" daemon [_thread_blocked, id=9760, stack(0x00000028ed200000,0x00000028ed300000)]
  0x000001647f8a1000 JavaThread "Signal Dispatcher" daemon [_thread_blocked, id=7384, stack(0x00000028ed300000,0x00000028ed400000)]
  0x000001647f8a3000 JavaThread "Attach Listener" daemon [_thread_blocked, id=13016, stack(0x00000028ed400000,0x00000028ed500000)]
=>0x000001647f8a4800 JavaThread "C2 CompilerThread0" daemon [_thread_in_native, id=7564, stack(0x00000028ed500000,0x00000028ed600000)]
  0x000001647f8a5800 JavaThread "C1 CompilerThread0" daemon [_thread_blocked, id=10632, stack(0x00000028ed600000,0x00000028ed700000)]
  0x000001647f90b800 JavaThread "Sweeper thread" daemon [_thread_blocked, id=7416, stack(0x00000028ed700000,0x00000028ed800000)]
  0x000001647fad0000 JavaThread "Service Thread" daemon [_thread_blocked, id=9400, stack(0x00000028ed800000,0x00000028ed900000)]
  0x000001647fae2000 JavaThread "Common-Cleaner" daemon [_thread_blocked, id=14552, stack(0x00000028eda00000,0x00000028edb00000)]

Other Threads:
  0x000001647f879000 VMThread "VM Thread" [stack: 0x00000028ed000000,0x00000028ed100000] [id=9260]
  0x000001647fadc800 WatcherThread [stack: 0x00000028ed900000,0x00000028eda00000] [id=2956]
  0x000001647479f000 GCTaskThread "GC Thread#0" [stack: 0x00000028ecb00000,0x00000028ecc00000] [id=8668]
  0x000001641555b000 GCTaskThread "GC Thread#1" [stack: 0x00000028edb00000,0x00000028edc00000] [id=11540]
  0x00000164747af800 ConcurrentGCThread "G1 Main Marker" [stack: 0x00000028ecc00000,0x00000028ecd00000] [id=728]
  0x00000164747b0800 ConcurrentGCThread "G1 Conc#0" [stack: 0x00000028ecd00000,0x00000028ece00000] [id=1752]
  0x0000016474822800 ConcurrentGCThread "G1 Refine#0" [stack: 0x00000028ece00000,0x00000028ecf00000] [id=14304]
  0x0000016474824800 ConcurrentGCThread "G1 Young RemSet Sampling" [stack: 0x00000028ecf00000,0x00000028ed000000] [id=4084]

Threads with active compile tasks:
C2 CompilerThread0     9914 1781   !   4       java.net.URL::<init> (543 bytes)

VM state:not at safepoint (normal execution)

VM Mutex/Monitor currently owned by a thread: None

Heap address: 0x0000000088a00000, size: 1910 MB, Compressed Oops mode: 32-bit
Narrow klass base: 0x0000000800000000, Narrow klass shift: 3
Compressed class space size: 1073741824 Address: 0x0000000800b40000

Heap:
 garbage-first heap   total 122880K, used 24624K [0x0000000088a00000, 0x0000000100000000)
  region size 1024K, 23 young (23552K), 2 survivors (2048K)
 Metaspace       used 10655K, capacity 12729K, committed 12928K, reserved 1060864K
  class space    used 1292K, capacity 1575K, committed 1664K, reserved 1048576K
Heap Regions: E=young(eden), S=young(survivor), O=old, HS=humongous(starts), HC=humongous(continues), CS=collection set, F=free, A=archive, TAMS=top-at-mark-start (previous, next)
|   0|0x0000000088a00000, 0x0000000088b00000, 0x0000000088b00000|100%| O|  |TAMS 0x0000000088a00000, 0x0000000088a00000| Untracked 
|   1|0x0000000088b00000, 0x0000000088c00000, 0x0000000088c00000|100%| O|  |TAMS 0x0000000088b00000, 0x0000000088b00000| Untracked 
|   2|0x0000000088c00000, 0x0000000088c16200, 0x0000000088d00000|  8%| O|  |TAMS 0x0000000088c00000, 0x0000000088c00000| Untracked 
|   3|0x0000000088d00000, 0x0000000088d00000, 0x0000000088e00000|  0%| F|  |TAMS 0x0000000088d00000, 0x0000000088d00000| Untracked 
|   4|0x0000000088e00000, 0x0000000088e00000, 0x0000000088f00000|  0%| F|  |TAMS 0x0000000088e00000, 0x0000000088e00000| Untracked 
|   5|0x0000000088f00000, 0x0000000088f00000, 0x0000000089000000|  0%| F|  |TAMS 0x0000000088f00000, 0x0000000088f00000| Untracked 
|   6|0x0000000089000000, 0x0000000089000000, 0x0000000089100000|  0%| F|  |TAMS 0x0000000089000000, 0x0000000089000000| Untracked 
|   7|0x0000000089100000, 0x0000000089100000, 0x0000000089200000|  0%| F|  |TAMS 0x0000000089100000, 0x0000000089100000| Untracked 
|   8|0x0000000089200000, 0x0000000089200000, 0x0000000089300000|  0%| F|  |TAMS 0x0000000089200000, 0x0000000089200000| Untracked 
|   9|0x0000000089300000, 0x0000000089300000, 0x0000000089400000|  0%| F|  |TAMS 0x0000000089300000, 0x0000000089300000| Untracked 
|  10|0x0000000089400000, 0x0000000089400000, 0x0000000089500000|  0%| F|  |TAMS 0x0000000089400000, 0x0000000089400000| Untracked 
|  11|0x0000000089500000, 0x0000000089500000, 0x0000000089600000|  0%| F|  |TAMS 0x0000000089500000, 0x0000000089500000| Untracked 
|  12|0x0000000089600000, 0x0000000089600000, 0x0000000089700000|  0%| F|  |TAMS 0x0000000089600000, 0x0000000089600000| Untracked 
|  13|0x0000000089700000, 0x0000000089700000, 0x0000000089800000|  0%| F|  |TAMS 0x0000000089700000, 0x0000000089700000| Untracked 
|  14|0x0000000089800000, 0x0000000089800000, 0x0000000089900000|  0%| F|  |TAMS 0x0000000089800000, 0x0000000089800000| Untracked 
|  15|0x0000000089900000, 0x0000000089900000, 0x0000000089a00000|  0%| F|  |TAMS 0x0000000089900000, 0x0000000089900000| Untracked 
|  16|0x0000000089a00000, 0x0000000089a00000, 0x0000000089b00000|  0%| F|  |TAMS 0x0000000089a00000, 0x0000000089a00000| Untracked 
|  17|0x0000000089b00000, 0x0000000089b00000, 0x0000000089c00000|  0%| F|  |TAMS 0x0000000089b00000, 0x0000000089b00000| Untracked 
|  18|0x0000000089c00000, 0x0000000089c00000, 0x0000000089d00000|  0%| F|  |TAMS 0x0000000089c00000, 0x0000000089c00000| Untracked 
|  19|0x0000000089d00000, 0x0000000089d00000, 0x0000000089e00000|  0%| F|  |TAMS 0x0000000089d00000, 0x0000000089d00000| Untracked 
|  20|0x0000000089e00000, 0x0000000089e00000, 0x0000000089f00000|  0%| F|  |TAMS 0x0000000089e00000, 0x0000000089e00000| Untracked 
|  21|0x0000000089f00000, 0x0000000089f00000, 0x000000008a000000|  0%| F|  |TAMS 0x0000000089f00000, 0x0000000089f00000| Untracked 
|  22|0x000000008a000000, 0x000000008a000000, 0x000000008a100000|  0%| F|  |TAMS 0x000000008a000000, 0x000000008a000000| Untracked 
|  23|0x000000008a100000, 0x000000008a100000, 0x000000008a200000|  0%| F|  |TAMS 0x000000008a100000, 0x000000008a100000| Untracked 
|  24|0x000000008a200000, 0x000000008a200000, 0x000000008a300000|  0%| F|  |TAMS 0x000000008a200000, 0x000000008a200000| Untracked 
|  25|0x000000008a300000, 0x000000008a300000, 0x000000008a400000|  0%| F|  |TAMS 0x000000008a300000, 0x000000008a300000| Untracked 
|  26|0x000000008a400000, 0x000000008a400000, 0x000000008a500000|  0%| F|  |TAMS 0x000000008a400000, 0x000000008a400000| Untracked 
|  27|0x000000008a500000, 0x000000008a500000, 0x000000008a600000|  0%| F|  |TAMS 0x000000008a500000, 0x000000008a500000| Untracked 
|  28|0x000000008a600000, 0x000000008a600000, 0x000000008a700000|  0%| F|  |TAMS 0x000000008a600000, 0x000000008a600000| Untracked 
|  29|0x000000008a700000, 0x000000008a700000, 0x000000008a800000|  0%| F|  |TAMS 0x000000008a700000, 0x000000008a700000| Untracked 
|  30|0x000000008a800000, 0x000000008a800000, 0x000000008a900000|  0%| F|  |TAMS 0x000000008a800000, 0x000000008a800000| Untracked 
|  31|0x000000008a900000, 0x000000008a900000, 0x000000008aa00000|  0%| F|  |TAMS 0x000000008a900000, 0x000000008a900000| Untracked 
|  32|0x000000008aa00000, 0x000000008aa00000, 0x000000008ab00000|  0%| F|  |TAMS 0x000000008aa00000, 0x000000008aa00000| Untracked 
|  33|0x000000008ab00000, 0x000000008ab00000, 0x000000008ac00000|  0%| F|  |TAMS 0x000000008ab00000, 0x000000008ab00000| Untracked 
|  34|0x000000008ac00000, 0x000000008ac00000, 0x000000008ad00000|  0%| F|  |TAMS 0x000000008ac00000, 0x000000008ac00000| Untracked 
|  35|0x000000008ad00000, 0x000000008ad00000, 0x000000008ae00000|  0%| F|  |TAMS 0x000000008ad00000, 0x000000008ad00000| Untracked 
|  36|0x000000008ae00000, 0x000000008ae00000, 0x000000008af00000|  0%| F|  |TAMS 0x000000008ae00000, 0x000000008ae00000| Untracked 
|  37|0x000000008af00000, 0x000000008af00000, 0x000000008b000000|  0%| F|  |TAMS 0x000000008af00000, 0x000000008af00000| Untracked 
|  38|0x000000008b000000, 0x000000008b000000, 0x000000008b100000|  0%| F|  |TAMS 0x000000008b000000, 0x000000008b000000| Untracked 
|  39|0x000000008b100000, 0x000000008b100000, 0x000000008b200000|  0%| F|  |TAMS 0x000000008b100000, 0x000000008b100000| Untracked 
|  40|0x000000008b200000, 0x000000008b200000, 0x000000008b300000|  0%| F|  |TAMS 0x000000008b200000, 0x000000008b200000| Untracked 
|  41|0x000000008b300000, 0x000000008b300000, 0x000000008b400000|  0%| F|  |TAMS 0x000000008b300000, 0x000000008b300000| Untracked 
|  42|0x000000008b400000, 0x000000008b400000, 0x000000008b500000|  0%| F|  |TAMS 0x000000008b400000, 0x000000008b400000| Untracked 
|  43|0x000000008b500000, 0x000000008b500000, 0x000000008b600000|  0%| F|  |TAMS 0x000000008b500000, 0x000000008b500000| Untracked 
|  44|0x000000008b600000, 0x000000008b600000, 0x000000008b700000|  0%| F|  |TAMS 0x000000008b600000, 0x000000008b600000| Untracked 
|  45|0x000000008b700000, 0x000000008b700000, 0x000000008b800000|  0%| F|  |TAMS 0x000000008b700000, 0x000000008b700000| Untracked 
|  46|0x000000008b800000, 0x000000008b800000, 0x000000008b900000|  0%| F|  |TAMS 0x000000008b800000, 0x000000008b800000| Untracked 
|  47|0x000000008b900000, 0x000000008b900000, 0x000000008ba00000|  0%| F|  |TAMS 0x000000008b900000, 0x000000008b900000| Untracked 
|  48|0x000000008ba00000, 0x000000008ba00000, 0x000000008bb00000|  0%| F|  |TAMS 0x000000008ba00000, 0x000000008ba00000| Untracked 
|  49|0x000000008bb00000, 0x000000008bb00000, 0x000000008bc00000|  0%| F|  |TAMS 0x000000008bb00000, 0x000000008bb00000| Untracked 
|  50|0x000000008bc00000, 0x000000008bc00000, 0x000000008bd00000|  0%| F|  |TAMS 0x000000008bc00000, 0x000000008bc00000| Untracked 
|  51|0x000000008bd00000, 0x000000008bd00000, 0x000000008be00000|  0%| F|  |TAMS 0x000000008bd00000, 0x000000008bd00000| Untracked 
|  52|0x000000008be00000, 0x000000008be00000, 0x000000008bf00000|  0%| F|  |TAMS 0x000000008be00000, 0x000000008be00000| Untracked 
|  53|0x000000008bf00000, 0x000000008bf00000, 0x000000008c000000|  0%| F|  |TAMS 0x000000008bf00000, 0x000000008bf00000| Untracked 
|  54|0x000000008c000000, 0x000000008c000000, 0x000000008c100000|  0%| F|  |TAMS 0x000000008c000000, 0x000000008c000000| Untracked 
|  55|0x000000008c100000, 0x000000008c100000, 0x000000008c200000|  0%| F|  |TAMS 0x000000008c100000, 0x000000008c100000| Untracked 
|  56|0x000000008c200000, 0x000000008c200000, 0x000000008c300000|  0%| F|  |TAMS 0x000000008c200000, 0x000000008c200000| Untracked 
|  57|0x000000008c300000, 0x000000008c300000, 0x000000008c400000|  0%| F|  |TAMS 0x000000008c300000, 0x000000008c300000| Untracked 
|  58|0x000000008c400000, 0x000000008c400000, 0x000000008c500000|  0%| F|  |TAMS 0x000000008c400000, 0x000000008c400000| Untracked 
|  59|0x000000008c500000, 0x000000008c500000, 0x000000008c600000|  0%| F|  |TAMS 0x000000008c500000, 0x000000008c500000| Untracked 
|  60|0x000000008c600000, 0x000000008c600000, 0x000000008c700000|  0%| F|  |TAMS 0x000000008c600000, 0x000000008c600000| Untracked 
|  61|0x000000008c700000, 0x000000008c700000, 0x000000008c800000|  0%| F|  |TAMS 0x000000008c700000, 0x000000008c700000| Untracked 
|  62|0x000000008c800000, 0x000000008c800000, 0x000000008c900000|  0%| F|  |TAMS 0x000000008c800000, 0x000000008c800000| Untracked 
|  63|0x000000008c900000, 0x000000008c900000, 0x000000008ca00000|  0%| F|  |TAMS 0x000000008c900000, 0x000000008c900000| Untracked 
|  64|0x000000008ca00000, 0x000000008ca00000, 0x000000008cb00000|  0%| F|  |TAMS 0x000000008ca00000, 0x000000008ca00000| Untracked 
|  65|0x000000008cb00000, 0x000000008cb00000, 0x000000008cc00000|  0%| F|  |TAMS 0x000000008cb00000, 0x000000008cb00000| Untracked 
|  66|0x000000008cc00000, 0x000000008cc00000, 0x000000008cd00000|  0%| F|  |TAMS 0x000000008cc00000, 0x000000008cc00000| Untracked 
|  67|0x000000008cd00000, 0x000000008cd00000, 0x000000008ce00000|  0%| F|  |TAMS 0x000000008cd00000, 0x000000008cd00000| Untracked 
|  68|0x000000008ce00000, 0x000000008ce00000, 0x000000008cf00000|  0%| F|  |TAMS 0x000000008ce00000, 0x000000008ce00000| Untracked 
|  69|0x000000008cf00000, 0x000000008cf00000, 0x000000008d000000|  0%| F|  |TAMS 0x000000008cf00000, 0x000000008cf00000| Untracked 
|  70|0x000000008d000000, 0x000000008d000000, 0x000000008d100000|  0%| F|  |TAMS 0x000000008d000000, 0x000000008d000000| Untracked 
|  71|0x000000008d100000, 0x000000008d100000, 0x000000008d200000|  0%| F|  |TAMS 0x000000008d100000, 0x000000008d100000| Untracked 
|  72|0x000000008d200000, 0x000000008d200000, 0x000000008d300000|  0%| F|  |TAMS 0x000000008d200000, 0x000000008d200000| Untracked 
|  73|0x000000008d300000, 0x000000008d300000, 0x000000008d400000|  0%| F|  |TAMS 0x000000008d300000, 0x000000008d300000| Untracked 
|  74|0x000000008d400000, 0x000000008d400000, 0x000000008d500000|  0%| F|  |TAMS 0x000000008d400000, 0x000000008d400000| Untracked 
|  75|0x000000008d500000, 0x000000008d500000, 0x000000008d600000|  0%| F|  |TAMS 0x000000008d500000, 0x000000008d500000| Untracked 
|  76|0x000000008d600000, 0x000000008d600000, 0x000000008d700000|  0%| F|  |TAMS 0x000000008d600000, 0x000000008d600000| Untracked 
|  77|0x000000008d700000, 0x000000008d700000, 0x000000008d800000|  0%| F|  |TAMS 0x000000008d700000, 0x000000008d700000| Untracked 
|  78|0x000000008d800000, 0x000000008d800000, 0x000000008d900000|  0%| F|  |TAMS 0x000000008d800000, 0x000000008d800000| Untracked 
|  79|0x000000008d900000, 0x000000008d900000, 0x000000008da00000|  0%| F|  |TAMS 0x000000008d900000, 0x000000008d900000| Untracked 
|  80|0x000000008da00000, 0x000000008da00000, 0x000000008db00000|  0%| F|  |TAMS 0x000000008da00000, 0x000000008da00000| Untracked 
|  81|0x000000008db00000, 0x000000008db00000, 0x000000008dc00000|  0%| F|  |TAMS 0x000000008db00000, 0x000000008db00000| Untracked 
|  82|0x000000008dc00000, 0x000000008dc00000, 0x000000008dd00000|  0%| F|  |TAMS 0x000000008dc00000, 0x000000008dc00000| Untracked 
|  83|0x000000008dd00000, 0x000000008dd00000, 0x000000008de00000|  0%| F|  |TAMS 0x000000008dd00000, 0x000000008dd00000| Untracked 
|  84|0x000000008de00000, 0x000000008de00000, 0x000000008df00000|  0%| F|  |TAMS 0x000000008de00000, 0x000000008de00000| Untracked 
|  85|0x000000008df00000, 0x000000008df00000, 0x000000008e000000|  0%| F|  |TAMS 0x000000008df00000, 0x000000008df00000| Untracked 
|  86|0x000000008e000000, 0x000000008e000000, 0x000000008e100000|  0%| F|  |TAMS 0x000000008e000000, 0x000000008e000000| Untracked 
|  87|0x000000008e100000, 0x000000008e100000, 0x000000008e200000|  0%| F|  |TAMS 0x000000008e100000, 0x000000008e100000| Untracked 
|  88|0x000000008e200000, 0x000000008e200000, 0x000000008e300000|  0%| F|  |TAMS 0x000000008e200000, 0x000000008e200000| Untracked 
|  89|0x000000008e300000, 0x000000008e300000, 0x000000008e400000|  0%| F|  |TAMS 0x000000008e300000, 0x000000008e300000| Untracked 
|  90|0x000000008e400000, 0x000000008e400000, 0x000000008e500000|  0%| F|  |TAMS 0x000000008e400000, 0x000000008e400000| Untracked 
|  91|0x000000008e500000, 0x000000008e500000, 0x000000008e600000|  0%| F|  |TAMS 0x000000008e500000, 0x000000008e500000| Untracked 
|  92|0x000000008e600000, 0x000000008e600000, 0x000000008e700000|  0%| F|  |TAMS 0x000000008e600000, 0x000000008e600000| Untracked 
|  93|0x000000008e700000, 0x000000008e700000, 0x000000008e800000|  0%| F|  |TAMS 0x000000008e700000, 0x000000008e700000| Untracked 
|  94|0x000000008e800000, 0x000000008e800000, 0x000000008e900000|  0%| F|  |TAMS 0x000000008e800000, 0x000000008e800000| Untracked 
|  95|0x000000008e900000, 0x000000008e900000, 0x000000008ea00000|  0%| F|  |TAMS 0x000000008e900000, 0x000000008e900000| Untracked 
|  96|0x000000008ea00000, 0x000000008ea00000, 0x000000008eb00000|  0%| F|  |TAMS 0x000000008ea00000, 0x000000008ea00000| Untracked 
|  97|0x000000008eb00000, 0x000000008ec00000, 0x000000008ec00000|100%| E|  |TAMS 0x000000008eb00000, 0x000000008eb00000| Complete 
|  98|0x000000008ec00000, 0x000000008ecf6040, 0x000000008ed00000| 96%| S|CS|TAMS 0x000000008ec00000, 0x000000008ec00000| Complete 
|  99|0x000000008ed00000, 0x000000008ee00000, 0x000000008ee00000|100%| S|CS|TAMS 0x000000008ed00000, 0x000000008ed00000| Complete 
| 100|0x000000008ee00000, 0x000000008ef00000, 0x000000008ef00000|100%| E|CS|TAMS 0x000000008ee00000, 0x000000008ee00000| Complete 
| 101|0x000000008ef00000, 0x000000008f000000, 0x000000008f000000|100%| E|CS|TAMS 0x000000008ef00000, 0x000000008ef00000| Complete 
| 102|0x000000008f000000, 0x000000008f100000, 0x000000008f100000|100%| E|CS|TAMS 0x000000008f000000, 0x000000008f000000| Complete 
| 103|0x000000008f100000, 0x000000008f200000, 0x000000008f200000|100%| E|CS|TAMS 0x000000008f100000, 0x000000008f100000| Complete 
| 104|0x000000008f200000, 0x000000008f300000, 0x000000008f300000|100%| E|CS|TAMS 0x000000008f200000, 0x000000008f200000| Complete 
| 105|0x000000008f300000, 0x000000008f400000, 0x000000008f400000|100%| E|CS|TAMS 0x000000008f300000, 0x000000008f300000| Complete 
| 106|0x000000008f400000, 0x000000008f500000, 0x000000008f500000|100%| E|CS|TAMS 0x000000008f400000, 0x000000008f400000| Complete 
| 107|0x000000008f500000, 0x000000008f600000, 0x000000008f600000|100%| E|CS|TAMS 0x000000008f500000, 0x000000008f500000| Complete 
| 108|0x000000008f600000, 0x000000008f700000, 0x000000008f700000|100%| E|CS|TAMS 0x000000008f600000, 0x000000008f600000| Complete 
| 109|0x000000008f700000, 0x000000008f800000, 0x000000008f800000|100%| E|CS|TAMS 0x000000008f700000, 0x000000008f700000| Complete 
| 110|0x000000008f800000, 0x000000008f900000, 0x000000008f900000|100%| E|CS|TAMS 0x000000008f800000, 0x000000008f800000| Complete 
| 111|0x000000008f900000, 0x000000008fa00000, 0x000000008fa00000|100%| E|CS|TAMS 0x000000008f900000, 0x000000008f900000| Complete 
| 112|0x000000008fa00000, 0x000000008fb00000, 0x000000008fb00000|100%| E|CS|TAMS 0x000000008fa00000, 0x000000008fa00000| Complete 
| 113|0x000000008fb00000, 0x000000008fc00000, 0x000000008fc00000|100%| E|CS|TAMS 0x000000008fb00000, 0x000000008fb00000| Complete 
| 114|0x000000008fc00000, 0x000000008fd00000, 0x000000008fd00000|100%| E|CS|TAMS 0x000000008fc00000, 0x000000008fc00000| Complete 
| 115|0x000000008fd00000, 0x000000008fe00000, 0x000000008fe00000|100%| E|CS|TAMS 0x000000008fd00000, 0x000000008fd00000| Complete 
| 116|0x000000008fe00000, 0x000000008ff00000, 0x000000008ff00000|100%| E|CS|TAMS 0x000000008fe00000, 0x000000008fe00000| Complete 
| 117|0x000000008ff00000, 0x0000000090000000, 0x0000000090000000|100%| E|CS|TAMS 0x000000008ff00000, 0x000000008ff00000| Complete 
| 118|0x0000000090000000, 0x0000000090100000, 0x0000000090100000|100%| E|CS|TAMS 0x0000000090000000, 0x0000000090000000| Complete 
| 119|0x0000000090100000, 0x0000000090200000, 0x0000000090200000|100%| E|CS|TAMS 0x0000000090100000, 0x0000000090100000| Complete 

Card table byte_map: [0x000001647ed30000,0x000001647f0f0000] _byte_map_base: 0x000001647e8eb000

Marking Bits (Prev, Next): (CMBitMap*) 0x000001647479fb18, (CMBitMap*) 0x000001647479fb58
 Prev Bits: [0x000001640f000000, 0x0000016410dd8000)
 Next Bits: [0x0000016410de0000, 0x0000016412bb8000)

Polling page: 0x0000016474600000

Metaspace:

Usage:
  Non-class:     10.89 MB capacity,     9.15 MB ( 84%) used,     1.73 MB ( 16%) free+waste,    12.38 KB ( <1%) overhead. 
      Class:      1.54 MB capacity,     1.26 MB ( 82%) used,   276.42 KB ( 18%) free+waste,     5.81 KB ( <1%) overhead. 
       Both:     12.43 MB capacity,    10.42 MB ( 84%) used,     2.00 MB ( 16%) free+waste,    18.19 KB ( <1%) overhead. 

Virtual space:
  Non-class space:       12.00 MB reserved,      11.00 MB ( 92%) committed 
      Class space:        1.00 GB reserved,       1.63 MB ( <1%) committed 
             Both:        1.01 GB reserved,      12.63 MB (  1%) committed 

Chunk freelists:
   Non-Class:  46.00 KB
       Class:  25.00 KB
        Both:  71.00 KB

MaxMetaspaceSize: 17179869184.00 GB
CompressedClassSpaceSize: 1.00 GB

CodeHeap 'non-profiled nmethods': size=120064Kb used=702Kb max_used=702Kb free=119361Kb
 bounds [0x0000016407ac0000, 0x0000016407d30000, 0x000001640f000000]
CodeHeap 'profiled nmethods': size=120000Kb used=3985Kb max_used=3985Kb free=116014Kb
 bounds [0x0000016400590000, 0x0000016400980000, 0x0000016407ac0000]
CodeHeap 'non-nmethods': size=5696Kb used=1176Kb max_used=1189Kb free=4519Kb
 bounds [0x0000016400000000, 0x0000016400270000, 0x0000016400590000]
 total_blobs=3023 nmethods=1805 adapters=333
 compilation: enabled
              stopped_count=0, restarted_count=0
 full_count=0

Compilation events (20 events):
Event: 9.538 Thread 0x000001647f8a5800 1877       3       com.google.common.collect.LinkedHashMultimap$ValueEntry::<init> (18 bytes)
Event: 9.539 Thread 0x000001647f8a5800 nmethod 1877 0x0000016400968d90 code [0x0000016400968f60, 0x0000016400969318]
Event: 9.540 Thread 0x000001647f8a5800 1878       3       org.eclipse.sisu.inject.Guice4::getDeclaringSource (30 bytes)
Event: 9.540 Thread 0x000001647f8a5800 nmethod 1878 0x0000016400969410 code [0x00000164009695e0, 0x0000016400969a98]
Event: 9.540 Thread 0x000001647f8a5800 1879       3       com.google.inject.internal.CycleDetectingLock$CycleDetectingLockFactory$ReentrantCycleDetectingLock::detectPotentialLocksCycle (85 bytes)
Event: 9.541 Thread 0x000001647f8a5800 nmethod 1879 0x0000016400969b90 code [0x0000016400969da0, 0x000001640096a380]
Event: 9.542 Thread 0x000001647f8a5800 1880       3       com.google.common.collect.LinkedHashMultimap::put (7 bytes)
Event: 9.542 Thread 0x000001647f8a5800 nmethod 1880 0x000001640096a590 code [0x000001640096a740, 0x000001640096a950]
Event: 9.543 Thread 0x000001647f8a5800 1881       3       com.google.common.collect.LinkedHashMultimap$ValueSet::add (144 bytes)
Event: 9.546 Thread 0x000001647f8a5800 nmethod 1881 0x000001640096aa10 code [0x000001640096ad00, 0x000001640096c2a0]
Event: 9.546 Thread 0x000001647f8a5800 1882       3       com.google.common.collect.Hashing::needsResizing (22 bytes)
Event: 9.546 Thread 0x000001647f8a5800 nmethod 1882 0x000001640096c990 code [0x000001640096cb40, 0x000001640096cd58]
Event: 9.547 Thread 0x000001647f8a5800 1883       3       com.google.common.collect.CompactLinkedHashMap::getSuccessor (8 bytes)
Event: 9.547 Thread 0x000001647f8a5800 nmethod 1883 0x000001640096ce10 code [0x000001640096cfc0, 0x000001640096d178]
Event: 9.547 Thread 0x000001647f8a5800 1884   !   3       com.google.inject.spi.InjectionPoint::forConstructorOf (241 bytes)
Event: 9.553 Thread 0x000001647f8a5800 nmethod 1884 0x000001640096d290 code [0x000001640096da60, 0x0000016400972320]
Event: 9.553 Thread 0x000001647f8a5800 1885       2       java.lang.Character::toLowerCase (6 bytes)
Event: 9.554 Thread 0x000001647f8a5800 nmethod 1885 0x0000016400974110 code [0x00000164009742c0, 0x0000016400974460]
Event: 9.558 Thread 0x000001647f8a5800 1886       3       org.eclipse.sisu.bean.BeanScheduler$CycleActivator$1::visitNoScoping (5 bytes)
Event: 9.558 Thread 0x000001647f8a5800 nmethod 1886 0x0000016400974510 code [0x00000164009746c0, 0x00000164009748b8]

GC Heap History (8 events):
Event: 2.257 GC heap before
{Heap before GC invocations=0 (full 0):
 garbage-first heap   total 122880K, used 6144K [0x0000000088a00000, 0x0000000100000000)
  region size 1024K, 7 young (7168K), 0 survivors (0K)
 Metaspace       used 2179K, capacity 5632K, committed 5760K, reserved 1056768K
  class space    used 187K, capacity 538K, committed 640K, reserved 1048576K
}
Event: 2.275 GC heap after
{Heap after GC invocations=1 (full 0):
 garbage-first heap   total 122880K, used 2097K [0x0000000088a00000, 0x0000000100000000)
  region size 1024K, 1 young (1024K), 1 survivors (1024K)
 Metaspace       used 2179K, capacity 5632K, committed 5760K, reserved 1056768K
  class space    used 187K, capacity 538K, committed 640K, reserved 1048576K
}
Event: 4.013 GC heap before
{Heap before GC invocations=1 (full 0):
 garbage-first heap   total 122880K, used 7217K [0x0000000088a00000, 0x0000000100000000)
  region size 1024K, 6 young (6144K), 1 survivors (1024K)
 Metaspace       used 3157K, capacity 6300K, committed 6656K, reserved 1056768K
  class space    used 314K, capacity 657K, committed 768K, reserved 1048576K
}
Event: 4.018 GC heap after
{Heap after GC invocations=2 (full 0):
 garbage-first heap   total 122880K, used 3096K [0x0000000088a00000, 0x0000000100000000)
  region size 1024K, 1 young (1024K), 1 survivors (1024K)
 Metaspace       used 3157K, capacity 6300K, committed 6656K, reserved 1056768K
  class space    used 314K, capacity 657K, committed 768K, reserved 1048576K
}
Event: 5.855 GC heap before
{Heap before GC invocations=2 (full 0):
 garbage-first heap   total 122880K, used 16408K [0x0000000088a00000, 0x0000000100000000)
  region size 1024K, 14 young (14336K), 1 survivors (1024K)
 Metaspace       used 5198K, capacity 7816K, committed 8064K, reserved 1056768K
  class space    used 607K, capacity 885K, committed 896K, reserved 1048576K
}
Event: 5.861 GC heap after
{Heap after GC invocations=3 (full 0):
 garbage-first heap   total 122880K, used 3660K [0x0000000088a00000, 0x0000000100000000)
  region size 1024K, 2 young (2048K), 2 survivors (2048K)
 Metaspace       used 5198K, capacity 7816K, committed 8064K, reserved 1056768K
  class space    used 607K, capacity 885K, committed 896K, reserved 1048576K
}
Event: 7.114 GC heap before
{Heap before GC invocations=3 (full 0):
 garbage-first heap   total 122880K, used 22092K [0x0000000088a00000, 0x0000000100000000)
  region size 1024K, 20 young (20480K), 2 survivors (2048K)
 Metaspace       used 7285K, capacity 9610K, committed 9856K, reserved 1058816K
  class space    used 847K, capacity 1116K, committed 1152K, reserved 1048576K
}
Event: 7.122 GC heap after
{Heap after GC invocations=4 (full 0):
 garbage-first heap   total 122880K, used 4144K [0x0000000088a00000, 0x0000000100000000)
  region size 1024K, 2 young (2048K), 2 survivors (2048K)
 Metaspace       used 7285K, capacity 9610K, committed 9856K, reserved 1058816K
  class space    used 847K, capacity 1116K, committed 1152K, reserved 1048576K
}

Deoptimization events (20 events):
Event: 8.348 Thread 0x000001647475e800 Uncommon trap: trap_request=0xffffffc6 fr.pc=0x0000016407b01320 relative=0x00000000000005a0
Event: 8.348 Thread 0x000001647475e800 Uncommon trap: reason=bimorphic_or_optimized_type_check action=maybe_recompile pc=0x0000016407b01320 method=java.util.concurrent.ConcurrentHashMap.get(Ljava/lang/Object;)Ljava/lang/Object; @ 149 c2
Event: 8.348 Thread 0x000001647475e800 DEOPT PACKING pc=0x0000016407b01320 sp=0x00000028ec9fcfb0
Event: 8.348 Thread 0x000001647475e800 DEOPT UNPACKING pc=0x000001640004942f sp=0x00000028ec9fcf40 mode 2
Event: 8.349 Thread 0x000001647475e800 Uncommon trap: trap_request=0xffffffc6 fr.pc=0x0000016407b01320 relative=0x00000000000005a0
Event: 8.349 Thread 0x000001647475e800 Uncommon trap: reason=bimorphic_or_optimized_type_check action=maybe_recompile pc=0x0000016407b01320 method=java.util.concurrent.ConcurrentHashMap.get(Ljava/lang/Object;)Ljava/lang/Object; @ 149 c2
Event: 8.349 Thread 0x000001647475e800 DEOPT PACKING pc=0x0000016407b01320 sp=0x00000028ec9fcfb0
Event: 8.349 Thread 0x000001647475e800 DEOPT UNPACKING pc=0x000001640004942f sp=0x00000028ec9fcf40 mode 2
Event: 8.425 Thread 0x000001647475e800 Uncommon trap: trap_request=0xffffffc6 fr.pc=0x0000016407b01320 relative=0x00000000000005a0
Event: 8.425 Thread 0x000001647475e800 Uncommon trap: reason=bimorphic_or_optimized_type_check action=maybe_recompile pc=0x0000016407b01320 method=java.util.concurrent.ConcurrentHashMap.get(Ljava/lang/Object;)Ljava/lang/Object; @ 149 c2
Event: 8.425 Thread 0x000001647475e800 DEOPT PACKING pc=0x0000016407b01320 sp=0x00000028ec9fceb0
Event: 8.425 Thread 0x000001647475e800 DEOPT UNPACKING pc=0x000001640004942f sp=0x00000028ec9fce40 mode 2
Event: 8.426 Thread 0x000001647475e800 Uncommon trap: trap_request=0xffffffc6 fr.pc=0x0000016407b110f8 relative=0x00000000000008d8
Event: 8.426 Thread 0x000001647475e800 Uncommon trap: reason=bimorphic_or_optimized_type_check action=maybe_recompile pc=0x0000016407b110f8 method=java.util.HashMap.putVal(ILjava/lang/Object;Ljava/lang/Object;ZZ)Ljava/lang/Object; @ 203 c2
Event: 8.426 Thread 0x000001647475e800 DEOPT PACKING pc=0x0000016407b110f8 sp=0x00000028ec9fccb0
Event: 8.426 Thread 0x000001647475e800 DEOPT UNPACKING pc=0x000001640004942f sp=0x00000028ec9fcbd0 mode 2
Event: 8.428 Thread 0x000001647475e800 Uncommon trap: trap_request=0xffffffc6 fr.pc=0x0000016407b110f8 relative=0x00000000000008d8
Event: 8.428 Thread 0x000001647475e800 Uncommon trap: reason=bimorphic_or_optimized_type_check action=maybe_recompile pc=0x0000016407b110f8 method=java.util.HashMap.putVal(ILjava/lang/Object;Ljava/lang/Object;ZZ)Ljava/lang/Object; @ 203 c2
Event: 8.428 Thread 0x000001647475e800 DEOPT PACKING pc=0x0000016407b110f8 sp=0x00000028ec9fcd00
Event: 8.428 Thread 0x000001647475e800 DEOPT UNPACKING pc=0x000001640004942f sp=0x00000028ec9fcc20 mode 2

Classes unloaded (0 events):
No events

Classes redefined (0 events):
No events

Internal exceptions (3 events):
Event: 1.188 Thread 0x000001647475e800 Exception <a 'java/lang/NoSuchMethodError'{0x000000008ffef370}: 'int java.lang.invoke.DirectMethodHandle$Holder.invokeSpecialIFC(java.lang.Object, java.lang.Object, int)'> (0x000000008ffef370) 
thrown [t:/workspace/open/src/hotspot/share/interpreter/linkResolver.cpp, line 767]
Event: 8.866 Thread 0x000001647475e800 Exception <a 'java/lang/NoClassDefFoundError'{0x000000008ef6f8d8}: com/google/inject/servlet/ServletModuleTargetVisitor> (0x000000008ef6f8d8) 
thrown [t:/workspace/open/src/hotspot/share/classfile/systemDictionary.cpp, line 221]
Event: 8.891 Thread 0x000001647475e800 Exception <a 'java/lang/NoClassDefFoundError'{0x000000008ef72cb0}: javax/annotation/Priority> (0x000000008ef72cb0) 
thrown [t:/workspace/open/src/hotspot/share/classfile/systemDictionary.cpp, line 221]

Events (20 events):
Event: 9.538 loading class org/apache/maven/repository/DefaultMirrorSelector done
Event: 9.539 loading class org/apache/maven/repository/DefaultMirrorSelector
Event: 9.539 loading class org/apache/maven/repository/DefaultMirrorSelector done
Event: 9.547 loading class org/sonatype/plexus/components/sec/dispatcher/DefaultSecDispatcher
Event: 9.547 loading class org/sonatype/plexus/components/sec/dispatcher/DefaultSecDispatcher done
Event: 9.554 loading class org/sonatype/plexus/components/sec/dispatcher/PasswordDecryptor
Event: 9.554 loading class org/sonatype/plexus/components/sec/dispatcher/PasswordDecryptor done
Event: 9.555 loading class org/sonatype/plexus/components/sec/dispatcher/PasswordDecryptor
Event: 9.555 loading class org/sonatype/plexus/components/sec/dispatcher/PasswordDecryptor done
Event: 9.556 loading class org/sonatype/plexus/components/cipher/PlexusCipher
Event: 9.556 loading class org/sonatype/plexus/components/cipher/PlexusCipher done
Event: 9.556 loading class org/sonatype/plexus/components/cipher/DefaultPlexusCipher
Event: 9.556 loading class org/sonatype/plexus/components/cipher/DefaultPlexusCipher done
Event: 9.557 loading class org/sonatype/plexus/components/cipher/DefaultPlexusCipher
Event: 9.557 loading class org/sonatype/plexus/components/cipher/DefaultPlexusCipher done
Event: 9.558 loading class org/sonatype/plexus/components/cipher/DefaultPlexusCipher
Event: 9.558 loading class org/sonatype/plexus/components/cipher/DefaultPlexusCipher done
Event: 9.559 loading class java/security/Key
Event: 9.578 loading class java/security/Key done
Event: 9.578 loading class java/security/spec/AlgorithmParameterSpec


Dynamic libraries:
0x00007ff777e80000 - 0x00007ff777e8f000 	C:\Program Files\Java\jdk-13.0.2\bin\java.exe
0x00007ffa156d0000 - 0x00007ffa158c5000 	C:\WINDOWS\SYSTEM32\ntdll.dll
0x00007ffa150e0000 - 0x00007ffa1519d000 	C:\WINDOWS\System32\KERNEL32.DLL
0x00007ffa131d0000 - 0x00007ffa13498000 	C:\WINDOWS\System32\KERNELBASE.dll
0x00007ffa12e10000 - 0x00007ffa12f10000 	C:\WINDOWS\System32\ucrtbase.dll
0x00007ff9ff4c0000 - 0x00007ff9ff4d8000 	C:\Program Files\Java\jdk-13.0.2\bin\jli.dll
0x00007ffa14a90000 - 0x00007ffa14b3c000 	C:\WINDOWS\System32\ADVAPI32.dll
0x00007ffa151a0000 - 0x00007ffa1523e000 	C:\WINDOWS\System32\msvcrt.dll
0x00007ffa13b60000 - 0x00007ffa13bfb000 	C:\WINDOWS\System32\sechost.dll
0x00007ffa15560000 - 0x00007ffa1568b000 	C:\WINDOWS\System32\RPCRT4.dll
0x00007ffa14f40000 - 0x00007ffa150e0000 	C:\WINDOWS\System32\USER32.dll
0x00007ffa130d0000 - 0x00007ffa130f2000 	C:\WINDOWS\System32\win32u.dll
0x00007ffa13990000 - 0x00007ffa139ba000 	C:\WINDOWS\System32\GDI32.dll
0x00007ffa134d0000 - 0x00007ffa135db000 	C:\WINDOWS\System32\gdi32full.dll
0x00007ffa13690000 - 0x00007ffa1372d000 	C:\WINDOWS\System32\msvcp_win.dll
0x00007ff9f5300000 - 0x00007ff9f5315000 	C:\Program Files\Java\jdk-13.0.2\bin\VCRUNTIME140.dll
0x00007ffa06c20000 - 0x00007ffa06eba000 	C:\WINDOWS\WinSxS\amd64_microsoft.windows.common-controls_6595b64144ccf1df_6.0.19041.844_none_ca00b6081b84eb1d\COMCTL32.dll
0x00007ffa098a0000 - 0x00007ffa098aa000 	C:\WINDOWS\SYSTEM32\VERSION.dll
0x00007ffa14f00000 - 0x00007ffa14f30000 	C:\WINDOWS\System32\IMM32.DLL
0x00007ff9dd460000 - 0x00007ff9dd4fb000 	C:\Program Files\Java\jdk-13.0.2\bin\msvcp140.dll
0x00007ff9d43b0000 - 0x00007ff9d4f0d000 	C:\Program Files\Java\jdk-13.0.2\bin\server\jvm.dll
0x00007ffa13ec0000 - 0x00007ffa13ec8000 	C:\WINDOWS\System32\PSAPI.DLL
0x00007ffa04cc0000 - 0x00007ffa04cc9000 	C:\WINDOWS\SYSTEM32\WSOCK32.dll
0x00007ffa13c00000 - 0x00007ffa13c6b000 	C:\WINDOWS\System32\WS2_32.dll
0x00007ffa08710000 - 0x00007ffa08737000 	C:\WINDOWS\SYSTEM32\WINMM.dll
0x00007ffa10df0000 - 0x00007ffa10e02000 	C:\WINDOWS\SYSTEM32\kernel.appcore.dll
0x00007ff9f4740000 - 0x00007ff9f4750000 	C:\Program Files\Java\jdk-13.0.2\bin\verify.dll
0x00007ffa10be0000 - 0x00007ffa10dc4000 	C:\WINDOWS\SYSTEM32\DBGHELP.DLL
0x00007ffa07170000 - 0x00007ffa0719c000 	C:\WINDOWS\SYSTEM32\dbgcore.DLL
0x00007ffa13150000 - 0x00007ffa131d0000 	C:\WINDOWS\System32\bcryptPrimitives.dll
0x00007ff9f3850000 - 0x00007ff9f3876000 	C:\Program Files\Java\jdk-13.0.2\bin\java.dll
0x00007ff9f3830000 - 0x00007ff9f3847000 	C:\Program Files\Java\jdk-13.0.2\bin\zip.dll
0x00007ff9f4730000 - 0x00007ff9f473a000 	C:\Program Files\Java\jdk-13.0.2\bin\jimage.dll
0x00007ffa13ed0000 - 0x00007ffa14612000 	C:\WINDOWS\System32\SHELL32.dll
0x00007ffa10f60000 - 0x00007ffa116f0000 	C:\WINDOWS\SYSTEM32\windows.storage.dll
0x00007ffa14b40000 - 0x00007ffa14e95000 	C:\WINDOWS\System32\combase.dll
0x00007ffa127b0000 - 0x00007ffa127dc000 	C:\WINDOWS\SYSTEM32\Wldp.dll
0x00007ffa15370000 - 0x00007ffa1541e000 	C:\WINDOWS\System32\SHCORE.dll
0x00007ffa14ea0000 - 0x00007ffa14ef5000 	C:\WINDOWS\System32\shlwapi.dll
0x00007ffa12d50000 - 0x00007ffa12d6f000 	C:\WINDOWS\SYSTEM32\profapi.dll
0x00007ff9f3810000 - 0x00007ff9f3829000 	C:\Program Files\Java\jdk-13.0.2\bin\net.dll
0x00007ffa09fb0000 - 0x00007ffa0a0bb000 	C:\WINDOWS\SYSTEM32\WINHTTP.dll
0x00007ffa12520000 - 0x00007ffa1258a000 	C:\WINDOWS\system32\mswsock.dll
0x00007ff9f37f0000 - 0x00007ff9f3803000 	C:\Program Files\Java\jdk-13.0.2\bin\nio.dll
0x00007ff9f3730000 - 0x00007ff9f373a000 	X:\ALL\Private Software\NetBeans\NetBeans-12.3\netbeans\java\maven\lib\jansi-native\windows64\jansi.dll

dbghelp: loaded successfully - version: 4.0.5 - missing functions: none
symbol engine: initialized successfully - sym options: 0x614 - pdb path: .;C:\Program Files\Java\jdk-13.0.2\bin;C:\WINDOWS\SYSTEM32;C:\WINDOWS\WinSxS\amd64_microsoft.windows.common-controls_6595b64144ccf1df_6.0.19041.844_none_ca00b6081b84eb1d;C:\Program Files\Java\jdk-13.0.2\bin\server;X:\ALL\Private Software\NetBeans\NetBeans-12.3\netbeans\java\maven\lib\jansi-native\windows64

VM Arguments:
jvm_args: -Dclassworlds.conf=X:\ALL\Private Software\NetBeans\NetBeans-12.3\netbeans\java\maven\bin\..\bin\m2.conf -Dmaven.home=X:\ALL\Private Software\NetBeans\NetBeans-12.3\netbeans\java\maven\bin\.. -Dlibrary.jansi.path=X:\ALL\Private Software\NetBeans\NetBeans-12.3\netbeans\java\maven\bin\..\lib\jansi-native -Dmaven.multiModuleProjectDirectory=C:\Users\User\Documents\NetBeansProjects\MonsterSpirit 
java_command: org.codehaus.plexus.classworlds.launcher.Launcher -Dexec.args=-classpath %classpath com.ish.monsterspirit.MainDashBoard_Testing_septian -Dexec.executable=C:\Program Files\Java\jdk-13.0.2\bin\java.exe -Dmaven.ext.class.path=X:\ALL\Private Software\NetBeans\NetBeans-12.3\netbeans\java\maven-nblib\netbeans-eventspy.jar -Dfile.encoding=UTF-8 org.codehaus.mojo:exec-maven-plugin:3.0.0:exec
java_class_path (initial): X:\ALL\Private Software\NetBeans\NetBeans-12.3\netbeans\java\maven\bin\..\boot\plexus-classworlds-2.6.0.jar
Launcher Type: SUN_STANDARD

[Global flags]
     intx CICompilerCount                          = 2                                         {product} {ergonomic}
     uint ConcGCThreads                            = 1                                         {product} {ergonomic}
     uint G1ConcRefinementThreads                  = 2                                         {product} {ergonomic}
   size_t G1HeapRegionSize                         = 1048576                                   {product} {ergonomic}
    uintx GCDrainStackTargetSize                   = 64                                        {product} {ergonomic}
   size_t InitialHeapSize                          = 125829120                                 {product} {ergonomic}
   size_t MarkStackSize                            = 4194304                                   {product} {ergonomic}
   size_t MaxHeapSize                              = 2002780160                                {product} {ergonomic}
   size_t MaxNewSize                               = 1201668096                                {product} {ergonomic}
   size_t MinHeapDeltaBytes                        = 1048576                                   {product} {ergonomic}
   size_t MinHeapSize                              = 8388608                                   {product} {ergonomic}
    uintx NonNMethodCodeHeapSize                   = 5826188                                {pd product} {ergonomic}
    uintx NonProfiledCodeHeapSize                  = 122916026                              {pd product} {ergonomic}
    uintx ProfiledCodeHeapSize                     = 122916026                              {pd product} {ergonomic}
    uintx ReservedCodeCacheSize                    = 251658240                              {pd product} {ergonomic}
     bool SegmentedCodeCache                       = true                                      {product} {ergonomic}
   size_t SoftMaxHeapSize                          = 2002780160                             {manageable} {ergonomic}
     bool UseCompressedClassPointers               = true                                 {lp64_product} {ergonomic}
     bool UseCompressedOops                        = true                                 {lp64_product} {ergonomic}
     bool UseG1GC                                  = true                                      {product} {ergonomic}
     bool UseLargePagesIndividualAllocation        = false                                  {pd product} {ergonomic}

Logging:
Log output configuration:
 #0: stdout all=warning uptime,level,tags
 #1: stderr all=off uptime,level,tags

Environment Variables:
JAVA_HOME=C:\Program Files\Java\jdk-13.0.2
PATH=C:\Program Files (x86)\VMware\VMware Workstation\bin\;C:\oraclexe\app\oracle\product\11.2.0\server\bin;;C:\Program Files (x86)\Common Files\Oracle\Java\javapath;C:\ProgramData\Oracle\Java\javapath;C:\WINDOWS\system32;C:\WINDOWS;C:\WINDOWS\System32\Wbem;C:\WINDOWS\System32\WindowsPowerShell\v1.0\;C:\Program Files\Microsoft SQL Server\120\DTS\Binn\;C:\Program Files\Microsoft SQL Server\Client SDK\ODBC\110\Tools\Binn\;C:\Program Files (x86)\Microsoft SQL Server\120\Tools\Binn\;C:\Program Files\Microsoft SQL Server\120\Tools\Binn\;C:\Program Files (x86)\Microsoft SQL Server\120\Tools\Binn\ManagementStudio\;C:\Program Files (x86)\Microsoft SQL Server\120\DTS\Binn\;X:\NODES\;C:\Program Files\Java\jdk1.8.0_152\bin;C:\Program Files\Java\jre1.8.0_152\bin;C:\Users\User\AppData\Local\Android\sdk\platform-tools;C:\Program Files\Git\cmd;C:\Program Files (x86)\GtkSharp\2.12\bin;C:\WINDOWS\System32\OpenSSH\;X:\ALL\Private Software\Putty\;C:\Program Files (x86)\AOMEI Backupper;C:\Program Files\Microsoft VS Code\bin;X:\ALL\Private Software\Pyhton 3.9\Scripts\;X:\ALL\Private Software\Pyhton 3.9\;X:\ALL\Private Software\Python 3.7.8(64)\Scripts\;X:\ALL\Private Software\Python 3.7.8(64)\;C:\Users\User\AppData\Local\Microsoft\WindowsApps;C:\Users\User\AppData\Roaming\npm;;X:\ALL\Private Software\Microsoft VS Code\bin
USERNAME=User
OS=Windows_NT
PROCESSOR_IDENTIFIER=AMD64 Family 21 Model 112 Stepping 0, AuthenticAMD



---------------  S Y S T E M  ---------------

OS: Windows 10 , 64 bit Build 19041 (10.0.19041.928)

CPU:total 2 (initial active 2) (2 cores per cpu, 1 threads per core) family 21 model 112 stepping 0, cmov, cx8, fxsr, mmx, sse, sse2, sse3, ssse3, sse4.1, sse4.2, popcnt, avx, avx2, aes, clmul, mmxext, 3dnowpref, lzcnt, sse4a, tsc, tscinvbit, tscinv, bmi1, bmi2, fma

Memory: 4k page, system-wide physical 7638M (541M free)
TotalPageFile size 31190M (AvailPageFile size 11M)
current process WorkingSet (physical memory assigned to process): 95M, peak: 95M
current process commit charge ("private bytes"): 227M, peak: 227M

vm_info: Java HotSpot(TM) 64-Bit Server VM (13.0.2+8) for windows-amd64 JRE (13.0.2+8), built on Dec 11 2019 09:20:33 by "mach5one" with unknown MS VC++:1916

END.
