#
# There is insufficient memory for the Java Runtime Environment to continue.
# Native memory allocation (malloc) failed to allocate 158896 bytes for Chunk::new
# Possible reasons:
#   The system is out of physical RAM or swap space
#   The process is running with CompressedOops enabled, and the Java Heap may be blocking the growth of the native heap
# Possible solutions:
#   Reduce memory load on the system
#   Increase physical memory or swap space
#   Check if swap backing store is full
#   Decrease Java heap size (-Xmx/-Xms)
#   Decrease number of Java threads
#   Decrease Java thread stack sizes (-Xss)
#   Set larger code cache with -XX:ReservedCodeCacheSize=
#   JVM is running with Unscaled Compressed Oops mode in which the Java heap is
#     placed in the first 4GB address space. The Java Heap base address is the
#     maximum limit for the native heap growth. Please use -XX:HeapBaseMinAddress
#     to set the Java Heap base and to place the Java Heap above 4GB virtual address.
# This output file may be truncated or incomplete.
#
#  Out of Memory Error (t:/workspace/open/src/hotspot/share/memory/arena.cpp:196), pid=9764, tid=1356
#
# JRE version: Java(TM) SE Runtime Environment (13.0.2+8) (build 13.0.2+8)
# Java VM: Java HotSpot(TM) 64-Bit Server VM (13.0.2+8, mixed mode, sharing, tiered, compressed oops, g1 gc, windows-amd64)
# No core dump will be written. Minidumps are not enabled by default on client versions of Windows
#

---------------  S U M M A R Y ------------

Command Line: com.ish.monsterspirit.MainDashBoard_Testing_septian

Host: AMD A9-9420 RADEON R5, 5 COMPUTE CORES 2C+3G   , 2 cores, 7G,  Windows 10 , 64 bit Build 19041 (10.0.19041.928)
Time: Sun Jul  4 16:12:59 2021 SE Asia Standard Time elapsed time: 10 seconds (0d 0h 0m 10s)

---------------  T H R E A D  ---------------

Current thread (0x000001ea3c61e000):  JavaThread "C2 CompilerThread0" daemon [_thread_in_native, id=1356, stack(0x000000e1dcf00000,0x000000e1dd000000)]


Current CompileTask:
C2:  10140 1879       4       sun.java2d.marlin.MarlinCache::copyAARowRLE_WithBlockFlags (733 bytes)

Stack: [0x000000e1dcf00000,0x000000e1dd000000]
Native frames: (J=compiled Java code, j=interpreted, Vv=VM code, C=native code)
V  [jvm.dll+0x624f9a]
V  [jvm.dll+0x770cfa]
V  [jvm.dll+0x7724af]
V  [jvm.dll+0x772ab3]
V  [jvm.dll+0x24bf08]
V  [jvm.dll+0xc1e47]
V  [jvm.dll+0xc23cc]
V  [jvm.dll+0x2bdbf4]
V  [jvm.dll+0x5441fd]
V  [jvm.dll+0x20de66]
V  [jvm.dll+0x207501]
V  [jvm.dll+0x204d1d]
V  [jvm.dll+0x189c2c]
V  [jvm.dll+0x213e6d]
V  [jvm.dll+0x2120bb]
V  [jvm.dll+0x736bb6]
V  [jvm.dll+0x72fcaa]
V  [jvm.dll+0x623ea6]
C  [ucrtbase.dll+0x21bb2]
C  [KERNEL32.DLL+0x17034]
C  [ntdll.dll+0x52651]


---------------  P R O C E S S  ---------------

Threads class SMR info:
_java_thread_list=0x000001ea3e0b7d50, length=17, elements={
0x000001ea3c5f9800, 0x000001ea3c5fc800, 0x000001ea3c61b800, 0x000001ea3c61c800,
0x000001ea3c61e000, 0x000001ea3c685000, 0x000001ea3c686000, 0x000001ea3d05e800,
0x000001ea3d065000, 0x000001ea3d2c6800, 0x000001ea3d2c9000, 0x000001ea3d2cf000,
0x000001ea3d37a800, 0x000001ea1e10d000, 0x000001ea3dddd800, 0x000001ea3e08b800,
0x000001ea3cfee800
}

Java Threads: ( => current thread )
  0x000001ea3c5f9800 JavaThread "Reference Handler" daemon [_thread_blocked, id=13036, stack(0x000000e1dcb00000,0x000000e1dcc00000)]
  0x000001ea3c5fc800 JavaThread "Finalizer" daemon [_thread_blocked, id=19052, stack(0x000000e1dcc00000,0x000000e1dcd00000)]
  0x000001ea3c61b800 JavaThread "Signal Dispatcher" daemon [_thread_blocked, id=15684, stack(0x000000e1dcd00000,0x000000e1dce00000)]
  0x000001ea3c61c800 JavaThread "Attach Listener" daemon [_thread_blocked, id=19584, stack(0x000000e1dce00000,0x000000e1dcf00000)]
=>0x000001ea3c61e000 JavaThread "C2 CompilerThread0" daemon [_thread_in_native, id=1356, stack(0x000000e1dcf00000,0x000000e1dd000000)]
  0x000001ea3c685000 JavaThread "C1 CompilerThread0" daemon [_thread_in_native, id=18072, stack(0x000000e1dd000000,0x000000e1dd100000)]
  0x000001ea3c686000 JavaThread "Sweeper thread" daemon [_thread_blocked, id=18052, stack(0x000000e1dd100000,0x000000e1dd200000)]
  0x000001ea3d05e800 JavaThread "Service Thread" daemon [_thread_blocked, id=12092, stack(0x000000e1dd200000,0x000000e1dd300000)]
  0x000001ea3d065000 JavaThread "Common-Cleaner" daemon [_thread_blocked, id=3804, stack(0x000000e1dd400000,0x000000e1dd500000)]
  0x000001ea3d2c6800 JavaThread "Java2D Disposer" daemon [_thread_blocked, id=12844, stack(0x000000e1dd500000,0x000000e1dd600000)]
  0x000001ea3d2c9000 JavaThread "AWT-Shutdown" [_thread_blocked, id=21108, stack(0x000000e1dd600000,0x000000e1dd700000)]
  0x000001ea3d2cf000 JavaThread "AWT-Windows" daemon [_thread_in_native, id=21224, stack(0x000000e1dd700000,0x000000e1dd800000)]
  0x000001ea3d37a800 JavaThread "AWT-EventQueue-0" [_thread_in_Java, id=12448, stack(0x000000e1dd800000,0x000000e1dd900000)]
  0x000001ea1e10d000 JavaThread "DestroyJavaVM" [_thread_blocked, id=13604, stack(0x000000e1dc400000,0x000000e1dc500000)]
  0x000001ea3dddd800 JavaThread "Abandoned connection cleanup thread" daemon [_thread_blocked, id=4908, stack(0x000000e1dde00000,0x000000e1ddf00000)]
  0x000001ea3e08b800 JavaThread "Image Fetcher 0" daemon [_thread_blocked, id=9552, stack(0x000000e1de100000,0x000000e1de200000)]
  0x000001ea3cfee800 JavaThread "D3D Screen Updater" daemon [_thread_blocked, id=17548, stack(0x000000e1de200000,0x000000e1de300000)]

Other Threads:
  0x000001ea3c5f6000 VMThread "VM Thread" [stack: 0x000000e1dca00000,0x000000e1dcb00000] [id=17484]
  0x000001ea3d063800 WatcherThread [stack: 0x000000e1dd300000,0x000000e1dd400000] [id=15660]
  0x000001ea1e14d800 GCTaskThread "GC Thread#0" [stack: 0x000000e1dc500000,0x000000e1dc600000] [id=16800]
  0x000001ea3de77000 GCTaskThread "GC Thread#1" [stack: 0x000000e1ddf00000,0x000000e1de000000] [id=12016]
  0x000001ea1e15e000 ConcurrentGCThread "G1 Main Marker" [stack: 0x000000e1dc600000,0x000000e1dc700000] [id=15532]
  0x000001ea1e15f800 ConcurrentGCThread "G1 Conc#0" [stack: 0x000000e1dc700000,0x000000e1dc800000] [id=5616]
  0x000001ea1e1d1000 ConcurrentGCThread "G1 Refine#0" [stack: 0x000000e1dc800000,0x000000e1dc900000] [id=19500]
  0x000001ea3d0fd800 ConcurrentGCThread "G1 Refine#1" [stack: 0x000000e1de000000,0x000000e1de100000] [id=8772]
  0x000001ea1e1d3000 ConcurrentGCThread "G1 Young RemSet Sampling" [stack: 0x000000e1dc900000,0x000000e1dca00000] [id=15084]

Threads with active compile tasks:
C2 CompilerThread0    10346 1879       4       sun.java2d.marlin.MarlinCache::copyAARowRLE_WithBlockFlags (733 bytes)
C1 CompilerThread0    10346 1940 %     3       sun.java2d.marlin.DRenderer::_endRendering @ 784 (2480 bytes)

VM state:not at safepoint (normal execution)

VM Mutex/Monitor currently owned by a thread: None

Heap address: 0x0000000088a00000, size: 1910 MB, Compressed Oops mode: 32-bit
Narrow klass base: 0x0000000800000000, Narrow klass shift: 3
Compressed class space size: 1073741824 Address: 0x0000000800b40000

Heap:
 garbage-first heap   total 122880K, used 11264K [0x0000000088a00000, 0x0000000100000000)
  region size 1024K, 3 young (3072K), 2 survivors (2048K)
 Metaspace       used 15956K, capacity 16371K, committed 16640K, reserved 1064960K
  class space    used 1806K, capacity 1996K, committed 2048K, reserved 1048576K
Heap Regions: E=young(eden), S=young(survivor), O=old, HS=humongous(starts), HC=humongous(continues), CS=collection set, F=free, A=archive, TAMS=top-at-mark-start (previous, next)
|   0|0x0000000088a00000, 0x0000000088b00000, 0x0000000088b00000|100%| O|  |TAMS 0x0000000088a00000, 0x0000000088a00000| Untracked 
|   1|0x0000000088b00000, 0x0000000088c00000, 0x0000000088c00000|100%| O|  |TAMS 0x0000000088b00000, 0x0000000088b00000| Untracked 
|   2|0x0000000088c00000, 0x0000000088d00000, 0x0000000088d00000|100%| O|  |TAMS 0x0000000088c00000, 0x0000000088c00000| Untracked 
|   3|0x0000000088d00000, 0x0000000088e00000, 0x0000000088e00000|100%| O|  |TAMS 0x0000000088d00000, 0x0000000088d00000| Untracked 
|   4|0x0000000088e00000, 0x0000000088f00000, 0x0000000088f00000|100%| O|  |TAMS 0x0000000088e00000, 0x0000000088e00000| Untracked 
|   5|0x0000000088f00000, 0x0000000089000000, 0x0000000089000000|100%|HS|  |TAMS 0x0000000088f00000, 0x0000000088f00000| Complete 
|   6|0x0000000089000000, 0x0000000089100000, 0x0000000089100000|100%|HC|  |TAMS 0x0000000089000000, 0x0000000089000000| Complete 
|   7|0x0000000089100000, 0x0000000089200000, 0x0000000089200000|100%|HS|  |TAMS 0x0000000089100000, 0x0000000089100000| Complete 
|   8|0x0000000089200000, 0x0000000089300000, 0x0000000089300000|100%|HC|  |TAMS 0x0000000089200000, 0x0000000089200000| Complete 
|   9|0x0000000089300000, 0x0000000089300000, 0x0000000089400000|  0%| F|  |TAMS 0x0000000089300000, 0x0000000089300000| Untracked 
|  10|0x0000000089400000, 0x0000000089400000, 0x0000000089500000|  0%| F|  |TAMS 0x0000000089400000, 0x0000000089400000| Untracked 
|  11|0x0000000089500000, 0x0000000089500000, 0x0000000089600000|  0%| F|  |TAMS 0x0000000089500000, 0x0000000089500000| Untracked 
|  12|0x0000000089600000, 0x0000000089600000, 0x0000000089700000|  0%| F|  |TAMS 0x0000000089600000, 0x0000000089600000| Untracked 
|  13|0x0000000089700000, 0x0000000089700000, 0x0000000089800000|  0%| F|  |TAMS 0x0000000089700000, 0x0000000089700000| Untracked 
|  14|0x0000000089800000, 0x0000000089800000, 0x0000000089900000|  0%| F|  |TAMS 0x0000000089800000, 0x0000000089800000| Untracked 
|  15|0x0000000089900000, 0x0000000089900000, 0x0000000089a00000|  0%| F|  |TAMS 0x0000000089900000, 0x0000000089900000| Untracked 
|  16|0x0000000089a00000, 0x0000000089a00000, 0x0000000089b00000|  0%| F|  |TAMS 0x0000000089a00000, 0x0000000089a00000| Untracked 
|  17|0x0000000089b00000, 0x0000000089b00000, 0x0000000089c00000|  0%| F|  |TAMS 0x0000000089b00000, 0x0000000089b00000| Untracked 
|  18|0x0000000089c00000, 0x0000000089c00000, 0x0000000089d00000|  0%| F|  |TAMS 0x0000000089c00000, 0x0000000089c00000| Untracked 
|  19|0x0000000089d00000, 0x0000000089d00000, 0x0000000089e00000|  0%| F|  |TAMS 0x0000000089d00000, 0x0000000089d00000| Untracked 
|  20|0x0000000089e00000, 0x0000000089e00000, 0x0000000089f00000|  0%| F|  |TAMS 0x0000000089e00000, 0x0000000089e00000| Untracked 
|  21|0x0000000089f00000, 0x0000000089f00000, 0x000000008a000000|  0%| F|  |TAMS 0x0000000089f00000, 0x0000000089f00000| Untracked 
|  22|0x000000008a000000, 0x000000008a000000, 0x000000008a100000|  0%| F|  |TAMS 0x000000008a000000, 0x000000008a000000| Untracked 
|  23|0x000000008a100000, 0x000000008a100000, 0x000000008a200000|  0%| F|  |TAMS 0x000000008a100000, 0x000000008a100000| Untracked 
|  24|0x000000008a200000, 0x000000008a200000, 0x000000008a300000|  0%| F|  |TAMS 0x000000008a200000, 0x000000008a200000| Untracked 
|  25|0x000000008a300000, 0x000000008a300000, 0x000000008a400000|  0%| F|  |TAMS 0x000000008a300000, 0x000000008a300000| Untracked 
|  26|0x000000008a400000, 0x000000008a400000, 0x000000008a500000|  0%| F|  |TAMS 0x000000008a400000, 0x000000008a400000| Untracked 
|  27|0x000000008a500000, 0x000000008a500000, 0x000000008a600000|  0%| F|  |TAMS 0x000000008a500000, 0x000000008a500000| Untracked 
|  28|0x000000008a600000, 0x000000008a600000, 0x000000008a700000|  0%| F|  |TAMS 0x000000008a600000, 0x000000008a600000| Untracked 
|  29|0x000000008a700000, 0x000000008a700000, 0x000000008a800000|  0%| F|  |TAMS 0x000000008a700000, 0x000000008a700000| Untracked 
|  30|0x000000008a800000, 0x000000008a800000, 0x000000008a900000|  0%| F|  |TAMS 0x000000008a800000, 0x000000008a800000| Untracked 
|  31|0x000000008a900000, 0x000000008a900000, 0x000000008aa00000|  0%| F|  |TAMS 0x000000008a900000, 0x000000008a900000| Untracked 
|  32|0x000000008aa00000, 0x000000008aa00000, 0x000000008ab00000|  0%| F|  |TAMS 0x000000008aa00000, 0x000000008aa00000| Untracked 
|  33|0x000000008ab00000, 0x000000008ab00000, 0x000000008ac00000|  0%| F|  |TAMS 0x000000008ab00000, 0x000000008ab00000| Untracked 
|  34|0x000000008ac00000, 0x000000008ac00000, 0x000000008ad00000|  0%| F|  |TAMS 0x000000008ac00000, 0x000000008ac00000| Untracked 
|  35|0x000000008ad00000, 0x000000008ad00000, 0x000000008ae00000|  0%| F|  |TAMS 0x000000008ad00000, 0x000000008ad00000| Untracked 
|  36|0x000000008ae00000, 0x000000008ae00000, 0x000000008af00000|  0%| F|  |TAMS 0x000000008ae00000, 0x000000008ae00000| Untracked 
|  37|0x000000008af00000, 0x000000008af00000, 0x000000008b000000|  0%| F|  |TAMS 0x000000008af00000, 0x000000008af00000| Untracked 
|  38|0x000000008b000000, 0x000000008b000000, 0x000000008b100000|  0%| F|  |TAMS 0x000000008b000000, 0x000000008b000000| Untracked 
|  39|0x000000008b100000, 0x000000008b100000, 0x000000008b200000|  0%| F|  |TAMS 0x000000008b100000, 0x000000008b100000| Untracked 
|  40|0x000000008b200000, 0x000000008b200000, 0x000000008b300000|  0%| F|  |TAMS 0x000000008b200000, 0x000000008b200000| Untracked 
|  41|0x000000008b300000, 0x000000008b300000, 0x000000008b400000|  0%| F|  |TAMS 0x000000008b300000, 0x000000008b300000| Untracked 
|  42|0x000000008b400000, 0x000000008b400000, 0x000000008b500000|  0%| F|  |TAMS 0x000000008b400000, 0x000000008b400000| Untracked 
|  43|0x000000008b500000, 0x000000008b500000, 0x000000008b600000|  0%| F|  |TAMS 0x000000008b500000, 0x000000008b500000| Untracked 
|  44|0x000000008b600000, 0x000000008b600000, 0x000000008b700000|  0%| F|  |TAMS 0x000000008b600000, 0x000000008b600000| Untracked 
|  45|0x000000008b700000, 0x000000008b700000, 0x000000008b800000|  0%| F|  |TAMS 0x000000008b700000, 0x000000008b700000| Untracked 
|  46|0x000000008b800000, 0x000000008b800000, 0x000000008b900000|  0%| F|  |TAMS 0x000000008b800000, 0x000000008b800000| Untracked 
|  47|0x000000008b900000, 0x000000008b900000, 0x000000008ba00000|  0%| F|  |TAMS 0x000000008b900000, 0x000000008b900000| Untracked 
|  48|0x000000008ba00000, 0x000000008ba00000, 0x000000008bb00000|  0%| F|  |TAMS 0x000000008ba00000, 0x000000008ba00000| Untracked 
|  49|0x000000008bb00000, 0x000000008bb00000, 0x000000008bc00000|  0%| F|  |TAMS 0x000000008bb00000, 0x000000008bb00000| Untracked 
|  50|0x000000008bc00000, 0x000000008bc00000, 0x000000008bd00000|  0%| F|  |TAMS 0x000000008bc00000, 0x000000008bc00000| Untracked 
|  51|0x000000008bd00000, 0x000000008bd00000, 0x000000008be00000|  0%| F|  |TAMS 0x000000008bd00000, 0x000000008bd00000| Untracked 
|  52|0x000000008be00000, 0x000000008be00000, 0x000000008bf00000|  0%| F|  |TAMS 0x000000008be00000, 0x000000008be00000| Untracked 
|  53|0x000000008bf00000, 0x000000008bf00000, 0x000000008c000000|  0%| F|  |TAMS 0x000000008bf00000, 0x000000008bf00000| Untracked 
|  54|0x000000008c000000, 0x000000008c000000, 0x000000008c100000|  0%| F|  |TAMS 0x000000008c000000, 0x000000008c000000| Untracked 
|  55|0x000000008c100000, 0x000000008c100000, 0x000000008c200000|  0%| F|  |TAMS 0x000000008c100000, 0x000000008c100000| Untracked 
|  56|0x000000008c200000, 0x000000008c200000, 0x000000008c300000|  0%| F|  |TAMS 0x000000008c200000, 0x000000008c200000| Untracked 
|  57|0x000000008c300000, 0x000000008c300000, 0x000000008c400000|  0%| F|  |TAMS 0x000000008c300000, 0x000000008c300000| Untracked 
|  58|0x000000008c400000, 0x000000008c400000, 0x000000008c500000|  0%| F|  |TAMS 0x000000008c400000, 0x000000008c400000| Untracked 
|  59|0x000000008c500000, 0x000000008c500000, 0x000000008c600000|  0%| F|  |TAMS 0x000000008c500000, 0x000000008c500000| Untracked 
|  60|0x000000008c600000, 0x000000008c600000, 0x000000008c700000|  0%| F|  |TAMS 0x000000008c600000, 0x000000008c600000| Untracked 
|  61|0x000000008c700000, 0x000000008c700000, 0x000000008c800000|  0%| F|  |TAMS 0x000000008c700000, 0x000000008c700000| Untracked 
|  62|0x000000008c800000, 0x000000008c800000, 0x000000008c900000|  0%| F|  |TAMS 0x000000008c800000, 0x000000008c800000| Untracked 
|  63|0x000000008c900000, 0x000000008c900000, 0x000000008ca00000|  0%| F|  |TAMS 0x000000008c900000, 0x000000008c900000| Untracked 
|  64|0x000000008ca00000, 0x000000008ca00000, 0x000000008cb00000|  0%| F|  |TAMS 0x000000008ca00000, 0x000000008ca00000| Untracked 
|  65|0x000000008cb00000, 0x000000008cb00000, 0x000000008cc00000|  0%| F|  |TAMS 0x000000008cb00000, 0x000000008cb00000| Untracked 
|  66|0x000000008cc00000, 0x000000008cc00000, 0x000000008cd00000|  0%| F|  |TAMS 0x000000008cc00000, 0x000000008cc00000| Untracked 
|  67|0x000000008cd00000, 0x000000008cd00000, 0x000000008ce00000|  0%| F|  |TAMS 0x000000008cd00000, 0x000000008cd00000| Untracked 
|  68|0x000000008ce00000, 0x000000008ce00000, 0x000000008cf00000|  0%| F|  |TAMS 0x000000008ce00000, 0x000000008ce00000| Untracked 
|  69|0x000000008cf00000, 0x000000008cf00000, 0x000000008d000000|  0%| F|  |TAMS 0x000000008cf00000, 0x000000008cf00000| Untracked 
|  70|0x000000008d000000, 0x000000008d000000, 0x000000008d100000|  0%| F|  |TAMS 0x000000008d000000, 0x000000008d000000| Untracked 
|  71|0x000000008d100000, 0x000000008d100000, 0x000000008d200000|  0%| F|  |TAMS 0x000000008d100000, 0x000000008d100000| Untracked 
|  72|0x000000008d200000, 0x000000008d200000, 0x000000008d300000|  0%| F|  |TAMS 0x000000008d200000, 0x000000008d200000| Untracked 
|  73|0x000000008d300000, 0x000000008d300000, 0x000000008d400000|  0%| F|  |TAMS 0x000000008d300000, 0x000000008d300000| Untracked 
|  74|0x000000008d400000, 0x000000008d400000, 0x000000008d500000|  0%| F|  |TAMS 0x000000008d400000, 0x000000008d400000| Untracked 
|  75|0x000000008d500000, 0x000000008d500000, 0x000000008d600000|  0%| F|  |TAMS 0x000000008d500000, 0x000000008d500000| Untracked 
|  76|0x000000008d600000, 0x000000008d600000, 0x000000008d700000|  0%| F|  |TAMS 0x000000008d600000, 0x000000008d600000| Untracked 
|  77|0x000000008d700000, 0x000000008d700000, 0x000000008d800000|  0%| F|  |TAMS 0x000000008d700000, 0x000000008d700000| Untracked 
|  78|0x000000008d800000, 0x000000008d800000, 0x000000008d900000|  0%| F|  |TAMS 0x000000008d800000, 0x000000008d800000| Untracked 
|  79|0x000000008d900000, 0x000000008d900000, 0x000000008da00000|  0%| F|  |TAMS 0x000000008d900000, 0x000000008d900000| Untracked 
|  80|0x000000008da00000, 0x000000008da00000, 0x000000008db00000|  0%| F|  |TAMS 0x000000008da00000, 0x000000008da00000| Untracked 
|  81|0x000000008db00000, 0x000000008db00000, 0x000000008dc00000|  0%| F|  |TAMS 0x000000008db00000, 0x000000008db00000| Untracked 
|  82|0x000000008dc00000, 0x000000008dc00000, 0x000000008dd00000|  0%| F|  |TAMS 0x000000008dc00000, 0x000000008dc00000| Untracked 
|  83|0x000000008dd00000, 0x000000008dd00000, 0x000000008de00000|  0%| F|  |TAMS 0x000000008dd00000, 0x000000008dd00000| Untracked 
|  84|0x000000008de00000, 0x000000008de00000, 0x000000008df00000|  0%| F|  |TAMS 0x000000008de00000, 0x000000008de00000| Untracked 
|  85|0x000000008df00000, 0x000000008df00000, 0x000000008e000000|  0%| F|  |TAMS 0x000000008df00000, 0x000000008df00000| Untracked 
|  86|0x000000008e000000, 0x000000008e000000, 0x000000008e100000|  0%| F|  |TAMS 0x000000008e000000, 0x000000008e000000| Untracked 
|  87|0x000000008e100000, 0x000000008e100000, 0x000000008e200000|  0%| F|  |TAMS 0x000000008e100000, 0x000000008e100000| Untracked 
|  88|0x000000008e200000, 0x000000008e200000, 0x000000008e300000|  0%| F|  |TAMS 0x000000008e200000, 0x000000008e200000| Untracked 
|  89|0x000000008e300000, 0x000000008e300000, 0x000000008e400000|  0%| F|  |TAMS 0x000000008e300000, 0x000000008e300000| Untracked 
|  90|0x000000008e400000, 0x000000008e400000, 0x000000008e500000|  0%| F|  |TAMS 0x000000008e400000, 0x000000008e400000| Untracked 
|  91|0x000000008e500000, 0x000000008e500000, 0x000000008e600000|  0%| F|  |TAMS 0x000000008e500000, 0x000000008e500000| Untracked 
|  92|0x000000008e600000, 0x000000008e600000, 0x000000008e700000|  0%| F|  |TAMS 0x000000008e600000, 0x000000008e600000| Untracked 
|  93|0x000000008e700000, 0x000000008e700000, 0x000000008e800000|  0%| F|  |TAMS 0x000000008e700000, 0x000000008e700000| Untracked 
|  94|0x000000008e800000, 0x000000008e800000, 0x000000008e900000|  0%| F|  |TAMS 0x000000008e800000, 0x000000008e800000| Untracked 
|  95|0x000000008e900000, 0x000000008e900000, 0x000000008ea00000|  0%| F|  |TAMS 0x000000008e900000, 0x000000008e900000| Untracked 
|  96|0x000000008ea00000, 0x000000008ea00000, 0x000000008eb00000|  0%| F|  |TAMS 0x000000008ea00000, 0x000000008ea00000| Untracked 
|  97|0x000000008eb00000, 0x000000008eb00000, 0x000000008ec00000|  0%| F|  |TAMS 0x000000008eb00000, 0x000000008eb00000| Untracked 
|  98|0x000000008ec00000, 0x000000008ec00000, 0x000000008ed00000|  0%| F|  |TAMS 0x000000008ec00000, 0x000000008ec00000| Untracked 
|  99|0x000000008ed00000, 0x000000008ed00000, 0x000000008ee00000|  0%| F|  |TAMS 0x000000008ed00000, 0x000000008ed00000| Untracked 
| 100|0x000000008ee00000, 0x000000008ee00000, 0x000000008ef00000|  0%| F|  |TAMS 0x000000008ee00000, 0x000000008ee00000| Untracked 
| 101|0x000000008ef00000, 0x000000008ef00000, 0x000000008f000000|  0%| F|  |TAMS 0x000000008ef00000, 0x000000008ef00000| Untracked 
| 102|0x000000008f000000, 0x000000008f000000, 0x000000008f100000|  0%| F|  |TAMS 0x000000008f000000, 0x000000008f000000| Untracked 
| 103|0x000000008f100000, 0x000000008f100000, 0x000000008f200000|  0%| F|  |TAMS 0x000000008f100000, 0x000000008f100000| Untracked 
| 104|0x000000008f200000, 0x000000008f200000, 0x000000008f300000|  0%| F|  |TAMS 0x000000008f200000, 0x000000008f200000| Untracked 
| 105|0x000000008f300000, 0x000000008f300000, 0x000000008f400000|  0%| F|  |TAMS 0x000000008f300000, 0x000000008f300000| Untracked 
| 106|0x000000008f400000, 0x000000008f400000, 0x000000008f500000|  0%| F|  |TAMS 0x000000008f400000, 0x000000008f400000| Untracked 
| 107|0x000000008f500000, 0x000000008f500000, 0x000000008f600000|  0%| F|  |TAMS 0x000000008f500000, 0x000000008f500000| Untracked 
| 108|0x000000008f600000, 0x000000008f700000, 0x000000008f700000|100%| S|CS|TAMS 0x000000008f600000, 0x000000008f600000| Complete 
| 109|0x000000008f700000, 0x000000008f800000, 0x000000008f800000|100%| S|CS|TAMS 0x000000008f700000, 0x000000008f700000| Complete 
| 110|0x000000008f800000, 0x000000008f800000, 0x000000008f900000|  0%| F|  |TAMS 0x000000008f800000, 0x000000008f800000| Untracked 
| 111|0x000000008f900000, 0x000000008f900000, 0x000000008fa00000|  0%| F|  |TAMS 0x000000008f900000, 0x000000008f900000| Untracked 
| 112|0x000000008fa00000, 0x000000008fa00000, 0x000000008fb00000|  0%| F|  |TAMS 0x000000008fa00000, 0x000000008fa00000| Untracked 
| 113|0x000000008fb00000, 0x000000008fb00000, 0x000000008fc00000|  0%| F|  |TAMS 0x000000008fb00000, 0x000000008fb00000| Untracked 
| 114|0x000000008fc00000, 0x000000008fc00000, 0x000000008fd00000|  0%| F|  |TAMS 0x000000008fc00000, 0x000000008fc00000| Untracked 
| 115|0x000000008fd00000, 0x000000008fd00000, 0x000000008fe00000|  0%| F|  |TAMS 0x000000008fd00000, 0x000000008fd00000| Untracked 
| 116|0x000000008fe00000, 0x000000008fe00000, 0x000000008ff00000|  0%| F|  |TAMS 0x000000008fe00000, 0x000000008fe00000| Untracked 
| 117|0x000000008ff00000, 0x000000008ff00000, 0x0000000090000000|  0%| F|  |TAMS 0x000000008ff00000, 0x000000008ff00000| Untracked 
| 118|0x0000000090000000, 0x0000000090000000, 0x0000000090100000|  0%| F|  |TAMS 0x0000000090000000, 0x0000000090000000| Untracked 
| 119|0x0000000090100000, 0x0000000090200000, 0x0000000090200000|100%| E|  |TAMS 0x0000000090100000, 0x0000000090100000| Complete 

Card table byte_map: [0x000001ea35f30000,0x000001ea362f0000] _byte_map_base: 0x000001ea35aeb000

Marking Bits (Prev, Next): (CMBitMap*) 0x000001ea1e14e428, (CMBitMap*) 0x000001ea1e14e468
 Prev Bits: [0x000001ea366b0000, 0x000001ea38488000)
 Next Bits: [0x000001ea38490000, 0x000001ea3a268000)

Polling page: 0x000001ea1c8d0000

Metaspace:

Usage:
  Non-class:     14.04 MB capacity,    13.82 MB ( 98%) used,   187.09 KB (  1%) free+waste,    38.00 KB ( <1%) overhead. 
      Class:      1.95 MB capacity,     1.76 MB ( 91%) used,   168.35 KB (  8%) free+waste,    21.06 KB (  1%) overhead. 
       Both:     15.99 MB capacity,    15.58 MB ( 97%) used,   355.45 KB (  2%) free+waste,    59.06 KB ( <1%) overhead. 

Virtual space:
  Non-class space:       16.00 MB reserved,      14.25 MB ( 89%) committed 
      Class space:        1.00 GB reserved,       2.00 MB ( <1%) committed 
             Both:        1.02 GB reserved,      16.25 MB (  2%) committed 

Chunk freelists:
   Non-Class:  25.00 KB
       Class:  20.00 KB
        Both:  45.00 KB

MaxMetaspaceSize: 17179869184.00 GB
CompressedClassSpaceSize: 1.00 GB

CodeHeap 'non-profiled nmethods': size=120064Kb used=608Kb max_used=608Kb free=119455Kb
 bounds [0x000001ea2e0e0000, 0x000001ea2e350000, 0x000001ea35620000]
CodeHeap 'profiled nmethods': size=120000Kb used=3967Kb max_used=3967Kb free=116032Kb
 bounds [0x000001ea26bb0000, 0x000001ea26f90000, 0x000001ea2e0e0000]
CodeHeap 'non-nmethods': size=5696Kb used=1395Kb max_used=1410Kb free=4300Kb
 bounds [0x000001ea26620000, 0x000001ea26890000, 0x000001ea26bb0000]
 total_blobs=3225 nmethods=1935 adapters=618
 compilation: enabled
              stopped_count=0, restarted_count=0
 full_count=0

Compilation events (20 events):
Event: 10.089 Thread 0x000001ea3c685000 1876       3       sun.awt.image.SunVolatileImage::getWidth (5 bytes)
Event: 10.089 Thread 0x000001ea3c685000 nmethod 1876 0x000001ea26f62b10 code [0x000001ea26f62cc0, 0x000001ea26f62e58]
Event: 10.089 Thread 0x000001ea3c685000 1877       3       sun.awt.image.SunVolatileImage::getHeight (5 bytes)
Event: 10.090 Thread 0x000001ea3c685000 nmethod 1877 0x000001ea26f62f10 code [0x000001ea26f630c0, 0x000001ea26f63258]
Event: 10.090 Thread 0x000001ea3c685000 1878       1       javax.swing.RepaintManager::isDoubleBufferingEnabled (5 bytes)
Event: 10.090 Thread 0x000001ea3c685000 nmethod 1878 0x000001ea2e175a90 code [0x000001ea2e175c20, 0x000001ea2e175d58]
Event: 10.097 Thread 0x000001ea3c61e000 1879       4       sun.java2d.marlin.MarlinCache::copyAARowRLE_WithBlockFlags (733 bytes)
Event: 10.099 Thread 0x000001ea3c685000 1880       1       sun.java2d.pipe.RenderBuffer::getAddress (5 bytes)
Event: 10.099 Thread 0x000001ea3c685000 nmethod 1880 0x000001ea2e175e10 code [0x000001ea2e175fa0, 0x000001ea2e1760d8]
Event: 10.099 Thread 0x000001ea3c685000 1881       3       sun.java2d.d3d.D3DBlitLoops::createPackedParams (60 bytes)
Event: 10.100 Thread 0x000001ea3c685000 nmethod 1881 0x000001ea26f63310 code [0x000001ea26f634c0, 0x000001ea26f63778]
Event: 10.100 Thread 0x000001ea3c685000 1882       3       sun.java2d.d3d.D3DBlitLoops::enqueueBlit (102 bytes)
Event: 10.101 Thread 0x000001ea3c685000 nmethod 1882 0x000001ea26f63810 code [0x000001ea26f63b00, 0x000001ea26f64db0]
Event: 10.102 Thread 0x000001ea3c685000 1883       3       sun.java2d.SunGraphics2D::drawHiDPIImage (532 bytes)
Event: 10.106 Thread 0x000001ea3c685000 nmethod 1883 0x000001ea26f65890 code [0x000001ea26f65ec0, 0x000001ea26f686c0]
Event: 10.106 Thread 0x000001ea3c685000 1884       3       sun.java2d.pipe.DrawImage::isSimpleTranslate (31 bytes)
Event: 10.106 Thread 0x000001ea3c685000 nmethod 1884 0x000001ea26f69690 code [0x000001ea26f69840, 0x000001ea26f69a78]
Event: 10.106 Thread 0x000001ea3c685000 1885       3       sun.java2d.SurfaceData::getSourceSurfaceData (110 bytes)
Event: 10.108 Thread 0x000001ea3c685000 nmethod 1885 0x000001ea26f69b10 code [0x000001ea26f69d40, 0x000001ea26f6a940]
Event: 10.113 Thread 0x000001ea3c685000 1886       3       sun.awt.SunHints$Key::isCompatibleValue (18 bytes)

GC Heap History (6 events):
Event: 3.251 GC heap before
{Heap before GC invocations=0 (full 0):
 garbage-first heap   total 122880K, used 6144K [0x0000000088a00000, 0x0000000100000000)
  region size 1024K, 7 young (7168K), 0 survivors (0K)
 Metaspace       used 10079K, capacity 10388K, committed 10624K, reserved 1058816K
  class space    used 1185K, capacity 1297K, committed 1408K, reserved 1048576K
}
Event: 3.576 GC heap after
{Heap after GC invocations=1 (full 0):
 garbage-first heap   total 122880K, used 2684K [0x0000000088a00000, 0x0000000100000000)
  region size 1024K, 1 young (1024K), 1 survivors (1024K)
 Metaspace       used 10079K, capacity 10388K, committed 10624K, reserved 1058816K
  class space    used 1185K, capacity 1297K, committed 1408K, reserved 1048576K
}
Event: 4.672 GC heap before
{Heap before GC invocations=1 (full 0):
 garbage-first heap   total 122880K, used 6780K [0x0000000088a00000, 0x0000000100000000)
  region size 1024K, 6 young (6144K), 1 survivors (1024K)
 Metaspace       used 12414K, capacity 12736K, committed 12928K, reserved 1060864K
  class space    used 1422K, capacity 1589K, committed 1664K, reserved 1048576K
}
Event: 4.681 GC heap after
{Heap after GC invocations=2 (full 0):
 garbage-first heap   total 122880K, used 4746K [0x0000000088a00000, 0x0000000100000000)
  region size 1024K, 1 young (1024K), 1 survivors (1024K)
 Metaspace       used 12414K, capacity 12736K, committed 12928K, reserved 1060864K
  class space    used 1422K, capacity 1589K, committed 1664K, reserved 1048576K
}
Event: 8.804 GC heap before
{Heap before GC invocations=2 (full 0):
 garbage-first heap   total 122880K, used 12938K [0x0000000088a00000, 0x0000000100000000)
  region size 1024K, 10 young (10240K), 1 survivors (1024K)
 Metaspace       used 15741K, capacity 16140K, committed 16384K, reserved 1062912K
  class space    used 1791K, capacity 1961K, committed 2048K, reserved 1048576K
}
Event: 8.814 GC heap after
{Heap after GC invocations=3 (full 0):
 garbage-first heap   total 122880K, used 7168K [0x0000000088a00000, 0x0000000100000000)
  region size 1024K, 2 young (2048K), 2 survivors (2048K)
 Metaspace       used 15741K, capacity 16140K, committed 16384K, reserved 1062912K
  class space    used 1791K, capacity 1961K, committed 2048K, reserved 1048576K
}

Deoptimization events (20 events):
Event: 8.658 Thread 0x000001ea3d37a800 DEOPT PACKING pc=0x000001ea26f106b7 sp=0x000000e1dd8fcd30
Event: 8.658 Thread 0x000001ea3d37a800 DEOPT UNPACKING pc=0x000001ea2666994e sp=0x000000e1dd8fc1a8 mode 0
Event: 8.658 Thread 0x000001ea3d37a800 DEOPT PACKING pc=0x000001ea26f0fc76 sp=0x000000e1dd8fccd0
Event: 8.658 Thread 0x000001ea3d37a800 DEOPT UNPACKING pc=0x000001ea2666994e sp=0x000000e1dd8fc1a8 mode 0
Event: 8.659 Thread 0x000001ea3d37a800 DEOPT PACKING pc=0x000001ea26f106b7 sp=0x000000e1dd8fcd30
Event: 8.659 Thread 0x000001ea3d37a800 DEOPT UNPACKING pc=0x000001ea2666994e sp=0x000000e1dd8fc1a8 mode 0
Event: 8.659 Thread 0x000001ea3d37a800 DEOPT PACKING pc=0x000001ea26f0fc76 sp=0x000000e1dd8fccd0
Event: 8.659 Thread 0x000001ea3d37a800 DEOPT UNPACKING pc=0x000001ea2666994e sp=0x000000e1dd8fc1a8 mode 0
Event: 8.670 Thread 0x000001ea3d37a800 DEOPT PACKING pc=0x000001ea26f106b7 sp=0x000000e1dd8fcd30
Event: 8.670 Thread 0x000001ea3d37a800 DEOPT UNPACKING pc=0x000001ea2666994e sp=0x000000e1dd8fc1a8 mode 0
Event: 8.670 Thread 0x000001ea3d37a800 DEOPT PACKING pc=0x000001ea26f106b7 sp=0x000000e1dd8fcd30
Event: 8.670 Thread 0x000001ea3d37a800 DEOPT UNPACKING pc=0x000001ea2666994e sp=0x000000e1dd8fc1a8 mode 0
Event: 8.802 Thread 0x000001ea3d37a800 DEOPT PACKING pc=0x000001ea26f50ec3 sp=0x000000e1dd8fc940
Event: 8.802 Thread 0x000001ea3d37a800 DEOPT UNPACKING pc=0x000001ea2666994e sp=0x000000e1dd8fbdf0 mode 0
Event: 8.852 Thread 0x000001ea3d37a800 DEOPT PACKING pc=0x000001ea26f541ab sp=0x000000e1dd8fd320
Event: 8.852 Thread 0x000001ea3d37a800 DEOPT UNPACKING pc=0x000001ea2666994e sp=0x000000e1dd8fc6d0 mode 0
Event: 10.096 Thread 0x000001ea3d37a800 DEOPT PACKING pc=0x000001ea26f541ab sp=0x000000e1dd8fc990
Event: 10.096 Thread 0x000001ea3d37a800 DEOPT UNPACKING pc=0x000001ea2666994e sp=0x000000e1dd8fbd40 mode 0
Event: 10.111 Thread 0x000001ea3d37a800 DEOPT PACKING pc=0x000001ea26f541ab sp=0x000000e1dd8fc990
Event: 10.111 Thread 0x000001ea3d37a800 DEOPT UNPACKING pc=0x000001ea2666994e sp=0x000000e1dd8fbd40 mode 0

Classes unloaded (0 events):
No events

Classes redefined (0 events):
No events

Internal exceptions (20 events):
Event: 1.669 Thread 0x000001ea1e10d000 Exception <a 'java/lang/ClassNotFoundException'{0x000000008fe832e8}: Tree> (0x000000008fe832e8) 
thrown [t:/workspace/open/src/hotspot/share/classfile/systemDictionary.cpp, line 232]
Event: 1.669 Thread 0x000001ea1e10d000 Exception <a 'java/lang/ClassNotFoundException'{0x000000008fe83658}: javax/swing/JTreeCell> (0x000000008fe83658) 
thrown [t:/workspace/open/src/hotspot/share/classfile/systemDictionary.cpp, line 232]
Event: 1.669 Thread 0x000001ea1e10d000 Exception <a 'java/lang/ClassNotFoundException'{0x000000008fe83958}: TreeCell> (0x000000008fe83958) 
thrown [t:/workspace/open/src/hotspot/share/classfile/systemDictionary.cpp, line 232]
Event: 1.670 Thread 0x000001ea1e10d000 Exception <a 'java/lang/ClassNotFoundException'{0x000000008fe84118}: RootPane> (0x000000008fe84118) 
thrown [t:/workspace/open/src/hotspot/share/classfile/systemDictionary.cpp, line 232]
Event: 1.674 Thread 0x000001ea1e10d000 Exception <a 'java/lang/ClassNotFoundException'{0x000000008fe86f48}: com/sun/swing/internal/plaf/metal/resources/spi/metalProvider> (0x000000008fe86f48) 
thrown [t:/workspace/open/src/hotspot/share/classfile/systemDictionary.cpp, line 232]
Event: 1.678 Thread 0x000001ea1e10d000 Exception <a 'java/lang/ClassNotFoundException'{0x000000008fe8af88}: com/sun/swing/internal/plaf/basic/resources/spi/basicProvider> (0x000000008fe8af88) 
thrown [t:/workspace/open/src/hotspot/share/classfile/systemDictionary.cpp, line 232]
Event: 2.285 Thread 0x000001ea3d37a800 Exception <a 'java/lang/ClassNotFoundException'{0x000000008fd19be8}: com/sun/swing/internal/plaf/synth/resources/spi/synthProvider> (0x000000008fd19be8) 
thrown [t:/workspace/open/src/hotspot/share/classfile/systemDictionary.cpp, line 232]
Event: 2.388 Thread 0x000001ea3d37a800 Exception <a 'java/lang/NoSuchMethodError'{0x000000008fd7b6b8}: 'void java.lang.invoke.DirectMethodHandle$Holder.invokeStaticInit(java.lang.Object)'> (0x000000008fd7b6b8) 
thrown [t:/workspace/open/src/hotspot/share/interpreter/linkResolver.cpp, line 767]
Event: 2.423 Thread 0x000001ea3d37a800 Exception <a 'java/lang/NoSuchMethodError'{0x000000008fda2750}: 'java.lang.Object java.lang.invoke.Invokers$Holder.linkToTargetMethod(java.lang.Object, int, java.lang.Object)'> (0x000000008fda2750) 
thrown [t:/workspace/open/src/hotspot/share/interpreter/linkResolver.cpp, line 767]
Event: 4.819 Thread 0x000001ea3d37a800 Exception <a 'java/lang/NoSuchMethodError'{0x0000000090071600}: 'java.lang.Object java.lang.invoke.DirectMethodHandle$Holder.invokeStatic(java.lang.Object, java.lang.Object, java.lang.Object, java.lang.Object, java.lang.Object, java.lang.Object, java.lang.Object, java.lang.Object, java.lang.Object, java.lang.Object, java.lang.Object, java.lang.Object, java.lang.Object, java.lang.Object, java.lang.Object)'> (0x0000000090071600) 
thrown [t:/workspace/open/src/hotspot/share/interpreter/linkResolver.cpp, line 
Event: 4.823 Thread 0x000001ea3d37a800 Exception <a 'java/lang/NoSuchMethodError'{0x000000009007f3d0}: 'java.lang.Object java.lang.invoke.DirectMethodHandle$Holder.invokeStatic(java.lang.Object, java.lang.Object, java.lang.Object, java.lang.Object, java.lang.Object, java.lang.Object, java.lang.Object, java.lang.Object, java.lang.Object, java.lang.Object, java.lang.Object, java.lang.Object, java.lang.Object, java.lang.Object, java.lang.Object, java.lang.Object)'> (0x000000009007f3d0) 
thrown [t:/workspace/open/src/hotspot/share/interpreter/linkR
Event: 4.831 Thread 0x000001ea3d37a800 Exception <a 'java/lang/NoSuchMethodError'{0x0000000090093708}: 'java.lang.Object java.lang.invoke.DelegatingMethodHandle$Holder.reinvoke_L(java.lang.Object, java.lang.Object, long, java.lang.Object, java.lang.Object, java.lang.Object, java.lang.Object, java.lang.Object, java.lang.Object, java.lang.Object, java.lang.Object, java.lang.Object, java.lang.Object, java.lang.Object, java.lang.Object, java.lang.Object, java.lang.Object, java.lang.Object, java.lang.Object, java.lang.Object, java.lang.Object, java.
Event: 4.904 Thread 0x000001ea3d37a800 Exception <a 'java/lang/NoSuchMethodError'{0x000000008ff2bb18}: 'java.lang.Object java.lang.invoke.DirectMethodHandle$Holder.invokeSpecial(java.lang.Object, java.lang.Object, long, java.lang.Object, java.lang.Object, java.lang.Object, java.lang.Object, java.lang.Object, java.lang.Object, java.lang.Object, java.lang.Object, java.lang.Object, java.lang.Object, java.lang.Object, java.lang.Object, java.lang.Object, java.lang.Object, java.lang.Object, java.lang.Object, java.lang.Object, java.lang.Object, java.l
Event: 4.905 Thread 0x000001ea3d37a800 Exception <a 'java/lang/NoSuchMethodError'{0x000000008ff31118}: 'java.lang.Object java.lang.invoke.DelegatingMethodHandle$Holder.reinvoke_L(java.lang.Object, long, java.lang.Object, java.lang.Object, java.lang.Object, java.lang.Object, java.lang.Object, java.lang.Object, java.lang.Object, java.lang.Object, java.lang.Object, java.lang.Object, java.lang.Object, java.lang.Object, java.lang.Object, java.lang.Object, java.lang.Object, java.lang.Object, java.lang.Object, java.lang.Object, java.lang.Object, java.
Event: 4.946 Thread 0x000001ea3d37a800 Exception <a 'java/lang/NoSuchMethodError'{0x000000008ff9eaf0}: 'java.lang.Object java.lang.invoke.Invokers$Holder.linkToTargetMethod(java.lang.Object, java.lang.Object, java.lang.Object, java.lang.Object, java.lang.Object, java.lang.Object, java.lang.Object, java.lang.Object, java.lang.Object, java.lang.Object, java.lang.Object, java.lang.Object, java.lang.Object, java.lang.Object, java.lang.Object, java.lang.Object, java.lang.Object, java.lang.Object, java.lang.Object, java.lang.Object, java.lang.Object,
Event: 5.047 Thread 0x000001ea3d37a800 Exception <a 'java/lang/NoSuchMethodError'{0x000000008fff9690}: 'java.lang.Object java.lang.invoke.DirectMethodHandle$Holder.invokeStaticInit(java.lang.Object, int, int, int, int)'> (0x000000008fff9690) 
thrown [t:/workspace/open/src/hotspot/share/interpreter/linkResolver.cpp, line 767]
Event: 7.112 Thread 0x000001ea3d37a800 Exception <a 'java/lang/NoSuchMethodError'{0x000000008fe8f788}: 'java.lang.Object java.lang.invoke.DirectMethodHandle$Holder.invokeStaticInit(java.lang.Object, java.lang.Object, int, int, int, int)'> (0x000000008fe8f788) 
thrown [t:/workspace/open/src/hotspot/share/interpreter/linkResolver.cpp, line 767]
Event: 7.255 Thread 0x000001ea3e08b800 Implicit null exception at 0x000001ea2e13f584 to 0x000001ea2e13faf2
Event: 7.256 Thread 0x000001ea3e08b800 Implicit null exception at 0x000001ea2e13e704 to 0x000001ea2e13ec5e
Event: 9.537 Thread 0x000001ea3d37a800 Exception <a 'java/lang/NoSuchMethodError'{0x000000009010b6c0}: 'void java.lang.invoke.DirectMethodHandle$Holder.invokeVirtual(java.lang.Object, java.lang.Object)'> (0x000000009010b6c0) 
thrown [t:/workspace/open/src/hotspot/share/interpreter/linkResolver.cpp, line 767]

Events (20 events):
Event: 8.839 loading class java/text/AttributedCharacterIterator done
Event: 8.839 loading class java/text/AttributedString$AttributedStringIterator done
Event: 8.841 Executing VM operation: RevokeBias
Event: 8.841 Executing VM operation: RevokeBias done
Event: 8.841 Executing VM operation: RevokeBias
Event: 8.841 Executing VM operation: RevokeBias done
Event: 8.841 Executing VM operation: RevokeBias
Event: 8.841 Executing VM operation: RevokeBias done
Event: 8.841 Executing VM operation: RevokeBias
Event: 8.841 Executing VM operation: RevokeBias done
Event: 9.521 Executing VM operation: RevokeBias
Event: 9.532 Executing VM operation: RevokeBias done
Event: 9.533 loading class java/util/WeakHashMap$KeyIterator
Event: 9.534 loading class java/util/WeakHashMap$HashIterator
Event: 9.534 loading class java/util/WeakHashMap$HashIterator done
Event: 9.534 loading class java/util/WeakHashMap$KeyIterator done
Event: 9.542 Executing VM operation: RevokeBias
Event: 9.542 Executing VM operation: RevokeBias done
Event: 9.542 loading class javax/swing/RepaintManager$DisplayChangedRunnable
Event: 9.543 loading class javax/swing/RepaintManager$DisplayChangedRunnable done


Dynamic libraries:
0x00007ff6ed460000 - 0x00007ff6ed46f000 	C:\Program Files\Java\jdk-13.0.2\bin\java.exe
0x00007ffa3a0d0000 - 0x00007ffa3a2c5000 	C:\WINDOWS\SYSTEM32\ntdll.dll
0x00007ffa38140000 - 0x00007ffa381fd000 	C:\WINDOWS\System32\KERNEL32.DLL
0x00007ffa37cd0000 - 0x00007ffa37f98000 	C:\WINDOWS\System32\KERNELBASE.dll
0x00007ffa378b0000 - 0x00007ffa379b0000 	C:\WINDOWS\System32\ucrtbase.dll
0x00007ffa2b0b0000 - 0x00007ffa2b0c8000 	C:\Program Files\Java\jdk-13.0.2\bin\jli.dll
0x00007ffa389b0000 - 0x00007ffa38a5c000 	C:\WINDOWS\System32\ADVAPI32.dll
0x00007ffa38c40000 - 0x00007ffa38cde000 	C:\WINDOWS\System32\msvcrt.dll
0x00007ffa39ff0000 - 0x00007ffa3a08b000 	C:\WINDOWS\System32\sechost.dll
0x00007ffa39dd0000 - 0x00007ffa39efb000 	C:\WINDOWS\System32\RPCRT4.dll
0x00007ffa38d00000 - 0x00007ffa38ea0000 	C:\WINDOWS\System32\USER32.dll
0x00007ffa379b0000 - 0x00007ffa379d2000 	C:\WINDOWS\System32\win32u.dll
0x00007ffa387c0000 - 0x00007ffa387ea000 	C:\WINDOWS\System32\GDI32.dll
0x00007ffa38020000 - 0x00007ffa3812b000 	C:\WINDOWS\System32\gdi32full.dll
0x00007ffa37810000 - 0x00007ffa378ad000 	C:\WINDOWS\System32\msvcp_win.dll
0x00007ffa364a0000 - 0x00007ffa3673a000 	C:\WINDOWS\WinSxS\amd64_microsoft.windows.common-controls_6595b64144ccf1df_6.0.19041.844_none_ca00b6081b84eb1d\COMCTL32.dll
0x00007ffa2f500000 - 0x00007ffa2f50a000 	C:\WINDOWS\SYSTEM32\VERSION.dll
0x00007ffa26680000 - 0x00007ffa26695000 	C:\Program Files\Java\jdk-13.0.2\bin\VCRUNTIME140.dll
0x00007ffa39180000 - 0x00007ffa391b0000 	C:\WINDOWS\System32\IMM32.DLL
0x00007ffa0a7d0000 - 0x00007ffa0a86b000 	C:\Program Files\Java\jdk-13.0.2\bin\msvcp140.dll
0x00007ff9f8c30000 - 0x00007ff9f978d000 	C:\Program Files\Java\jdk-13.0.2\bin\server\jvm.dll
0x00007ffa389a0000 - 0x00007ffa389a8000 	C:\WINDOWS\System32\PSAPI.DLL
0x00007ffa24390000 - 0x00007ffa24399000 	C:\WINDOWS\SYSTEM32\WSOCK32.dll
0x00007ffa39f80000 - 0x00007ffa39feb000 	C:\WINDOWS\System32\WS2_32.dll
0x00007ffa2f510000 - 0x00007ffa2f537000 	C:\WINDOWS\SYSTEM32\WINMM.dll
0x00007ffa352f0000 - 0x00007ffa35302000 	C:\WINDOWS\SYSTEM32\kernel.appcore.dll
0x00007ffa32bf0000 - 0x00007ffa32c00000 	C:\Program Files\Java\jdk-13.0.2\bin\verify.dll
0x00007ffa371c0000 - 0x00007ffa373a4000 	C:\WINDOWS\SYSTEM32\DBGHELP.DLL
0x00007ffa36c20000 - 0x00007ffa36c4c000 	C:\WINDOWS\SYSTEM32\dbgcore.DLL
0x00007ffa37fa0000 - 0x00007ffa38020000 	C:\WINDOWS\System32\bcryptPrimitives.dll
0x00007ffa14640000 - 0x00007ffa14666000 	C:\Program Files\Java\jdk-13.0.2\bin\java.dll
0x00007ffa14ee0000 - 0x00007ffa14ef7000 	C:\Program Files\Java\jdk-13.0.2\bin\zip.dll
0x00007ffa32bd0000 - 0x00007ffa32bda000 	C:\Program Files\Java\jdk-13.0.2\bin\jimage.dll
0x00007ffa39680000 - 0x00007ffa39dc2000 	C:\WINDOWS\System32\SHELL32.dll
0x00007ffa35310000 - 0x00007ffa35aa0000 	C:\WINDOWS\SYSTEM32\windows.storage.dll
0x00007ffa38200000 - 0x00007ffa38555000 	C:\WINDOWS\System32\combase.dll
0x00007ffa36e80000 - 0x00007ffa36eac000 	C:\WINDOWS\SYSTEM32\Wldp.dll
0x00007ffa38a70000 - 0x00007ffa38b1e000 	C:\WINDOWS\System32\SHCORE.dll
0x00007ffa39620000 - 0x00007ffa39675000 	C:\WINDOWS\System32\shlwapi.dll
0x00007ffa37750000 - 0x00007ffa3776f000 	C:\WINDOWS\SYSTEM32\profapi.dll
0x00007ffa13220000 - 0x00007ffa13239000 	C:\Program Files\Java\jdk-13.0.2\bin\net.dll
0x00007ffa2bc60000 - 0x00007ffa2bd6b000 	C:\WINDOWS\SYSTEM32\WINHTTP.dll
0x00007ffa36b60000 - 0x00007ffa36bca000 	C:\WINDOWS\system32\mswsock.dll
0x00007ffa13200000 - 0x00007ffa13213000 	C:\Program Files\Java\jdk-13.0.2\bin\nio.dll
0x00007ffa00ea0000 - 0x00007ffa01039000 	C:\Program Files\Java\jdk-13.0.2\bin\awt.dll
0x00007ffa385c0000 - 0x00007ffa3868d000 	C:\WINDOWS\System32\OLEAUT32.dll
0x00007ffa34930000 - 0x00007ffa349c0000 	C:\WINDOWS\SYSTEM32\apphelp.dll
0x00007ffa349e0000 - 0x00007ffa34a7e000 	C:\WINDOWS\system32\uxtheme.dll
0x00007ffa38b20000 - 0x00007ffa38c35000 	C:\WINDOWS\System32\MSCTF.dll
0x00007ffa38690000 - 0x00007ffa387ba000 	C:\WINDOWS\System32\ole32.dll
0x00007ffa34ae0000 - 0x00007ffa34b0f000 	C:\WINDOWS\system32\DWMAPI.DLL
0x00007ffa05410000 - 0x00007ffa05492000 	C:\Program Files\Java\jdk-13.0.2\bin\freetype.dll
0x00007ffa017a0000 - 0x00007ffa01846000 	C:\Program Files\Java\jdk-13.0.2\bin\fontmanager.dll
0x00007ffa14440000 - 0x00007ffa14566000 	C:\WINDOWS\system32\opengl32.dll
0x00007ffa32c00000 - 0x00007ffa32c2c000 	C:\WINDOWS\SYSTEM32\GLU32.dll
0x00007ff9f1960000 - 0x00007ff9f1b2e000 	C:\WINDOWS\system32\d3d9.dll
0x00007ffa2f540000 - 0x00007ffa2f6d6000 	C:\WINDOWS\System32\DriverStore\FileRepository\c0319526.inf_amd64_958fe50acfef5f2a\aticfx64.dll
0x00007ffa08e70000 - 0x00007ffa08ea2000 	C:\WINDOWS\System32\DriverStore\FileRepository\c0319526.inf_amd64_958fe50acfef5f2a\atiu9p64.dll
0x00007ff9f9b00000 - 0x00007ff9fa436000 	C:\WINDOWS\System32\DriverStore\FileRepository\c0319526.inf_amd64_958fe50acfef5f2a\atiumd64.dll
0x000000005cfb0000 - 0x000000005ddd7000 	C:\WINDOWS\System32\DriverStore\FileRepository\c0319526.inf_amd64_958fe50acfef5f2a\atiumd6a.dll
0x00007ffa375d0000 - 0x00007ffa3761b000 	C:\WINDOWS\SYSTEM32\POWRPROF.dll
0x00007ffa375b0000 - 0x00007ffa375c2000 	C:\WINDOWS\SYSTEM32\UMPDC.dll
0x00007ffa2f8e0000 - 0x00007ffa2f91b000 	C:\WINDOWS\SYSTEM32\dxcore.dll
0x00007ffa37ac0000 - 0x00007ffa37b0e000 	C:\WINDOWS\System32\cfgmgr32.dll
0x00007ffa36890000 - 0x00007ffa3695c000 	C:\WINDOWS\SYSTEM32\DNSAPI.dll
0x00007ffa36850000 - 0x00007ffa3688b000 	C:\WINDOWS\SYSTEM32\IPHLPAPI.DLL
0x00007ffa38130000 - 0x00007ffa38138000 	C:\WINDOWS\System32\NSI.dll
0x00007ffa2a8a0000 - 0x00007ffa2a8aa000 	C:\Windows\System32\rasadhlp.dll
0x00007ffa2a7c0000 - 0x00007ffa2a83f000 	C:\WINDOWS\System32\fwpuclnt.dll
0x00007ffa37a90000 - 0x00007ffa37ab7000 	C:\WINDOWS\System32\bcrypt.dll
0x00007ffa374d0000 - 0x00007ffa374e8000 	C:\WINDOWS\SYSTEM32\CRYPTSP.dll
0x00007ffa36260000 - 0x00007ffa36294000 	C:\WINDOWS\system32\rsaenh.dll
0x00007ffa376d0000 - 0x00007ffa376fe000 	C:\WINDOWS\SYSTEM32\USERENV.dll
0x00007ffa36d60000 - 0x00007ffa36d6c000 	C:\WINDOWS\SYSTEM32\CRYPTBASE.dll
0x00007ffa351f0000 - 0x00007ffa35207000 	C:\WINDOWS\SYSTEM32\dhcpcsvc6.DLL
0x00007ffa351d0000 - 0x00007ffa351ed000 	C:\WINDOWS\SYSTEM32\dhcpcsvc.DLL
0x00007ffa29d60000 - 0x00007ffa29e59000 	C:\WINDOWS\SYSTEM32\textinputframework.dll
0x00007ffa346d0000 - 0x00007ffa347c2000 	C:\WINDOWS\System32\CoreMessaging.dll
0x00007ffa34370000 - 0x00007ffa346ce000 	C:\WINDOWS\System32\CoreUIComponents.dll
0x00007ffa37490000 - 0x00007ffa374c3000 	C:\WINDOWS\SYSTEM32\ntmarta.dll
0x00007ffa33ca0000 - 0x00007ffa33df4000 	C:\WINDOWS\SYSTEM32\wintypes.dll

dbghelp: loaded successfully - version: 4.0.5 - missing functions: none
symbol engine: initialized successfully - sym options: 0x614 - pdb path: .;C:\Program Files\Java\jdk-13.0.2\bin;C:\WINDOWS\SYSTEM32;C:\WINDOWS\WinSxS\amd64_microsoft.windows.common-controls_6595b64144ccf1df_6.0.19041.844_none_ca00b6081b84eb1d;C:\Program Files\Java\jdk-13.0.2\bin\server;C:\WINDOWS\System32\DriverStore\FileRepository\c0319526.inf_amd64_958fe50acfef5f2a

VM Arguments:
java_command: com.ish.monsterspirit.MainDashBoard_Testing_septian
java_class_path (initial): C:\Users\User\Documents\NetBeansProjects\MonsterSpirit\target\classes;C:\Users\User\.m2\repository\mysql\mysql-connector-java\5.1.36\mysql-connector-java-5.1.36.jar;C:\Users\User\.m2\repository\unknown\binary\AbsoluteLayout\SNAPSHOT\AbsoluteLayout-SNAPSHOT.jar
Launcher Type: SUN_STANDARD

[Global flags]
     intx CICompilerCount                          = 2                                         {product} {ergonomic}
     uint ConcGCThreads                            = 1                                         {product} {ergonomic}
     uint G1ConcRefinementThreads                  = 2                                         {product} {ergonomic}
   size_t G1HeapRegionSize                         = 1048576                                   {product} {ergonomic}
    uintx GCDrainStackTargetSize                   = 64                                        {product} {ergonomic}
   size_t InitialHeapSize                          = 125829120                                 {product} {ergonomic}
   size_t MarkStackSize                            = 4194304                                   {product} {ergonomic}
   size_t MaxHeapSize                              = 2002780160                                {product} {ergonomic}
   size_t MaxNewSize                               = 1201668096                                {product} {ergonomic}
   size_t MinHeapDeltaBytes                        = 1048576                                   {product} {ergonomic}
   size_t MinHeapSize                              = 8388608                                   {product} {ergonomic}
    uintx NonNMethodCodeHeapSize                   = 5826188                                {pd product} {ergonomic}
    uintx NonProfiledCodeHeapSize                  = 122916026                              {pd product} {ergonomic}
    uintx ProfiledCodeHeapSize                     = 122916026                              {pd product} {ergonomic}
    uintx ReservedCodeCacheSize                    = 251658240                              {pd product} {ergonomic}
     bool SegmentedCodeCache                       = true                                      {product} {ergonomic}
   size_t SoftMaxHeapSize                          = 2002780160                             {manageable} {ergonomic}
     bool UseCompressedClassPointers               = true                                 {lp64_product} {ergonomic}
     bool UseCompressedOops                        = true                                 {lp64_product} {ergonomic}
     bool UseG1GC                                  = true                                      {product} {ergonomic}
     bool UseLargePagesIndividualAllocation        = false                                  {pd product} {ergonomic}

Logging:
Log output configuration:
 #0: stdout all=warning uptime,level,tags
 #1: stderr all=off uptime,level,tags

Environment Variables:
JAVA_HOME=C:\Program Files\Java\jdk-13.0.2
PATH=C:\Program Files (x86)\VMware\VMware Workstation\bin\;C:\oraclexe\app\oracle\product\11.2.0\server\bin;;C:\Program Files (x86)\Common Files\Oracle\Java\javapath;C:\ProgramData\Oracle\Java\javapath;C:\WINDOWS\system32;C:\WINDOWS;C:\WINDOWS\System32\Wbem;C:\WINDOWS\System32\WindowsPowerShell\v1.0\;C:\Program Files\Microsoft SQL Server\120\DTS\Binn\;C:\Program Files\Microsoft SQL Server\Client SDK\ODBC\110\Tools\Binn\;C:\Program Files (x86)\Microsoft SQL Server\120\Tools\Binn\;C:\Program Files\Microsoft SQL Server\120\Tools\Binn\;C:\Program Files (x86)\Microsoft SQL Server\120\Tools\Binn\ManagementStudio\;C:\Program Files (x86)\Microsoft SQL Server\120\DTS\Binn\;X:\NODES\;C:\Program Files\Java\jdk1.8.0_152\bin;C:\Program Files\Java\jre1.8.0_152\bin;C:\Users\User\AppData\Local\Android\sdk\platform-tools;C:\Program Files\Git\cmd;C:\Program Files (x86)\GtkSharp\2.12\bin;C:\WINDOWS\System32\OpenSSH\;X:\ALL\Private Software\Putty\;C:\Program Files (x86)\AOMEI Backupper;C:\Program Files\Microsoft VS Code\bin;X:\ALL\Private Software\Pyhton 3.9\Scripts\;X:\ALL\Private Software\Pyhton 3.9\;X:\ALL\Private Software\Python 3.7.8(64)\Scripts\;X:\ALL\Private Software\Python 3.7.8(64)\;C:\Users\User\AppData\Local\Microsoft\WindowsApps;C:\Users\User\AppData\Roaming\npm;;X:\ALL\Private Software\Microsoft VS Code\bin
USERNAME=User
OS=Windows_NT
PROCESSOR_IDENTIFIER=AMD64 Family 21 Model 112 Stepping 0, AuthenticAMD



---------------  S Y S T E M  ---------------

OS: Windows 10 , 64 bit Build 19041 (10.0.19041.928)

CPU:total 2 (initial active 2) (2 cores per cpu, 1 threads per core) family 21 model 112 stepping 0, cmov, cx8, fxsr, mmx, sse, sse2, sse3, ssse3, sse4.1, sse4.2, popcnt, avx, avx2, aes, clmul, mmxext, 3dnowpref, lzcnt, sse4a, tsc, tscinvbit, tscinv, bmi1, bmi2, fma

Memory: 4k page, system-wide physical 7638M (1907M free)
TotalPageFile size 31190M (AvailPageFile size 5M)
current process WorkingSet (physical memory assigned to process): 125M, peak: 125M
current process commit charge ("private bytes"): 260M, peak: 261M

vm_info: Java HotSpot(TM) 64-Bit Server VM (13.0.2+8) for windows-amd64 JRE (13.0.2+8), built on Dec 11 2019 09:20:33 by "mach5one" with unknown MS VC++:1916

END.
