#
# There is insufficient memory for the Java Runtime Environment to continue.
# Native memory allocation (malloc) failed to allocate 148816 bytes for Chunk::new
# Possible reasons:
#   The system is out of physical RAM or swap space
#   The process is running with CompressedOops enabled, and the Java Heap may be blocking the growth of the native heap
# Possible solutions:
#   Reduce memory load on the system
#   Increase physical memory or swap space
#   Check if swap backing store is full
#   Decrease Java heap size (-Xmx/-Xms)
#   Decrease number of Java threads
#   Decrease Java thread stack sizes (-Xss)
#   Set larger code cache with -XX:ReservedCodeCacheSize=
#   JVM is running with Unscaled Compressed Oops mode in which the Java heap is
#     placed in the first 4GB address space. The Java Heap base address is the
#     maximum limit for the native heap growth. Please use -XX:HeapBaseMinAddress
#     to set the Java Heap base and to place the Java Heap above 4GB virtual address.
# This output file may be truncated or incomplete.
#
#  Out of Memory Error (t:/workspace/open/src/hotspot/share/memory/arena.cpp:196), pid=4032, tid=14944
#
# JRE version: Java(TM) SE Runtime Environment (13.0.2+8) (build 13.0.2+8)
# Java VM: Java HotSpot(TM) 64-Bit Server VM (13.0.2+8, mixed mode, sharing, tiered, compressed oops, g1 gc, windows-amd64)
# No core dump will be written. Minidumps are not enabled by default on client versions of Windows
#

---------------  S U M M A R Y ------------

Command Line: com.ish.monsterspirit.MainDashBoard_Testing_septian

Host: AMD A9-9420 RADEON R5, 5 COMPUTE CORES 2C+3G   , 2 cores, 7G,  Windows 10 , 64 bit Build 19041 (10.0.19041.928)
Time: Tue Jul  6 09:48:35 2021 SE Asia Standard Time elapsed time: 1 seconds (0d 0h 0m 1s)

---------------  T H R E A D  ---------------

Current thread (0x000002522b05e800):  JavaThread "C2 CompilerThread0" daemon [_thread_in_native, id=14944, stack(0x000000ebe3e00000,0x000000ebe3f00000)]


Current CompileTask:
C2:   1266  556       4       java.util.HashMap::putVal (300 bytes)

Stack: [0x000000ebe3e00000,0x000000ebe3f00000]
Native frames: (J=compiled Java code, j=interpreted, Vv=VM code, C=native code)
V  [jvm.dll+0x624f9a]
V  [jvm.dll+0x770cfa]
V  [jvm.dll+0x7724af]
V  [jvm.dll+0x772ab3]
V  [jvm.dll+0x24bf08]
V  [jvm.dll+0xc1e47]
V  [jvm.dll+0xc23cc]
V  [jvm.dll+0x35c068]
V  [jvm.dll+0x327803]
V  [jvm.dll+0x326bda]
V  [jvm.dll+0x205c27]
V  [jvm.dll+0x204e3f]
V  [jvm.dll+0x189c2c]
V  [jvm.dll+0x213e6d]
V  [jvm.dll+0x2120bb]
V  [jvm.dll+0x736bb6]
V  [jvm.dll+0x72fcaa]
V  [jvm.dll+0x623ea6]
C  [ucrtbase.dll+0x21bb2]
C  [KERNEL32.DLL+0x17034]
C  [ntdll.dll+0x52651]


---------------  P R O C E S S  ---------------

Threads class SMR info:
_java_thread_list=0x000002522c174500, length=14, elements={
0x000002522b03a000, 0x000002522b03d000, 0x000002522b05c000, 0x000002522b05d800,
0x000002522b05e800, 0x000002522b0c6000, 0x000002522bdd4800, 0x000002522bea7000,
0x000002522beb1800, 0x000002522c0bd000, 0x000002522c0c0000, 0x000002522c102000,
0x000002522c1bc800, 0x000002520cb1d000
}

Java Threads: ( => current thread )
  0x000002522b03a000 JavaThread "Reference Handler" daemon [_thread_blocked, id=3388, stack(0x000000ebe3a00000,0x000000ebe3b00000)]
  0x000002522b03d000 JavaThread "Finalizer" daemon [_thread_blocked, id=12008, stack(0x000000ebe3b00000,0x000000ebe3c00000)]
  0x000002522b05c000 JavaThread "Signal Dispatcher" daemon [_thread_blocked, id=2968, stack(0x000000ebe3c00000,0x000000ebe3d00000)]
  0x000002522b05d800 JavaThread "Attach Listener" daemon [_thread_blocked, id=15104, stack(0x000000ebe3d00000,0x000000ebe3e00000)]
=>0x000002522b05e800 JavaThread "C2 CompilerThread0" daemon [_thread_in_native, id=14944, stack(0x000000ebe3e00000,0x000000ebe3f00000)]
  0x000002522b0c6000 JavaThread "C1 CompilerThread0" daemon [_thread_blocked, id=12440, stack(0x000000ebe3f00000,0x000000ebe4000000)]
  0x000002522bdd4800 JavaThread "Sweeper thread" daemon [_thread_blocked, id=3096, stack(0x000000ebe4000000,0x000000ebe4100000)]
  0x000002522bea7000 JavaThread "Service Thread" daemon [_thread_blocked, id=14984, stack(0x000000ebe4100000,0x000000ebe4200000)]
  0x000002522beb1800 JavaThread "Common-Cleaner" daemon [_thread_blocked, id=14296, stack(0x000000ebe4300000,0x000000ebe4400000)]
  0x000002522c0bd000 JavaThread "Java2D Disposer" daemon [_thread_blocked, id=12128, stack(0x000000ebe4400000,0x000000ebe4500000)]
  0x000002522c0c0000 JavaThread "AWT-Shutdown" [_thread_blocked, id=3176, stack(0x000000ebe4500000,0x000000ebe4600000)]
  0x000002522c102000 JavaThread "AWT-Windows" daemon [_thread_in_native, id=8236, stack(0x000000ebe4600000,0x000000ebe4700000)]
  0x000002522c1bc800 JavaThread "AWT-EventQueue-0" [_thread_blocked, id=14796, stack(0x000000ebe4700000,0x000000ebe4800000)]
  0x000002520cb1d000 JavaThread "DestroyJavaVM" [_thread_blocked, id=14732, stack(0x000000ebe3300000,0x000000ebe3400000)]

Other Threads:
  0x000002522b036000 VMThread "VM Thread" [stack: 0x000000ebe3900000,0x000000ebe3a00000] [id=3632]
  0x000002522beac000 WatcherThread [stack: 0x000000ebe4200000,0x000000ebe4300000] [id=12664]
  0x000002520cb5c800 GCTaskThread "GC Thread#0" [stack: 0x000000ebe3400000,0x000000ebe3500000] [id=13276]
  0x000002522ca0c800 GCTaskThread "GC Thread#1" [stack: 0x0000000000000000,0x0000000000000000] [id=13300]
  0x000002520cb6e000 ConcurrentGCThread "G1 Main Marker" [stack: 0x000000ebe3500000,0x000000ebe3600000] [id=2516]
  0x000002520cb6f800 ConcurrentGCThread "G1 Conc#0" [stack: 0x000000ebe3600000,0x000000ebe3700000] [id=12252]
  0x000002520cbe2800 ConcurrentGCThread "G1 Refine#0" [stack: 0x000000ebe3700000,0x000000ebe3800000] [id=4088]
  0x000002520cbe4800 ConcurrentGCThread "G1 Young RemSet Sampling" [stack: 0x000000ebe3800000,0x000000ebe3900000] [id=1472]

Threads with active compile tasks:
C2 CompilerThread0     1334  556       4       java.util.HashMap::putVal (300 bytes)

VM state:at safepoint (normal execution)

VM Mutex/Monitor currently owned by a thread:  ([mutex/lock_event])
[0x000002520cb19510] Threads_lock - owner thread: 0x000002522b036000
[0x000002520cb18280] Heap_lock - owner thread: 0x000002522c1bc800

Heap address: 0x0000000088a00000, size: 1910 MB, Compressed Oops mode: 32-bit
Narrow klass base: 0x0000000800000000, Narrow klass shift: 3
Compressed class space size: 1073741824 Address: 0x0000000800b40000

Heap:
 garbage-first heap   total 122880K, used 4528K [0x0000000088a00000, 0x0000000100000000)
  region size 1024K, 6 young (6144K), 1 survivors (1024K)
 Metaspace       used 6462K, capacity 6688K, committed 6784K, reserved 1062912K
  class space    used 768K, capacity 867K, committed 896K, reserved 1048576K
Heap Regions: E=young(eden), S=young(survivor), O=old, HS=humongous(starts), HC=humongous(continues), CS=collection set, F=free, A=archive, TAMS=top-at-mark-start (previous, next)
|   0|0x0000000088a00000, 0x0000000088ab1608, 0x0000000088b00000| 69%| O|  |TAMS 0x0000000088a00000, 0x0000000088a00000| Untracked 
|   1|0x0000000088b00000, 0x0000000088b00000, 0x0000000088c00000|  0%| F|  |TAMS 0x0000000088b00000, 0x0000000088b00000| Untracked 
|   2|0x0000000088c00000, 0x0000000088c00000, 0x0000000088d00000|  0%| F|  |TAMS 0x0000000088c00000, 0x0000000088c00000| Untracked 
|   3|0x0000000088d00000, 0x0000000088d00000, 0x0000000088e00000|  0%| F|  |TAMS 0x0000000088d00000, 0x0000000088d00000| Untracked 
|   4|0x0000000088e00000, 0x0000000088e00000, 0x0000000088f00000|  0%| F|  |TAMS 0x0000000088e00000, 0x0000000088e00000| Untracked 
|   5|0x0000000088f00000, 0x0000000088f00000, 0x0000000089000000|  0%| F|  |TAMS 0x0000000088f00000, 0x0000000088f00000| Untracked 
|   6|0x0000000089000000, 0x0000000089000000, 0x0000000089100000|  0%| F|  |TAMS 0x0000000089000000, 0x0000000089000000| Untracked 
|   7|0x0000000089100000, 0x0000000089100000, 0x0000000089200000|  0%| F|  |TAMS 0x0000000089100000, 0x0000000089100000| Untracked 
|   8|0x0000000089200000, 0x0000000089200000, 0x0000000089300000|  0%| F|  |TAMS 0x0000000089200000, 0x0000000089200000| Untracked 
|   9|0x0000000089300000, 0x0000000089300000, 0x0000000089400000|  0%| F|  |TAMS 0x0000000089300000, 0x0000000089300000| Untracked 
|  10|0x0000000089400000, 0x0000000089400000, 0x0000000089500000|  0%| F|  |TAMS 0x0000000089400000, 0x0000000089400000| Untracked 
|  11|0x0000000089500000, 0x0000000089500000, 0x0000000089600000|  0%| F|  |TAMS 0x0000000089500000, 0x0000000089500000| Untracked 
|  12|0x0000000089600000, 0x0000000089600000, 0x0000000089700000|  0%| F|  |TAMS 0x0000000089600000, 0x0000000089600000| Untracked 
|  13|0x0000000089700000, 0x0000000089700000, 0x0000000089800000|  0%| F|  |TAMS 0x0000000089700000, 0x0000000089700000| Untracked 
|  14|0x0000000089800000, 0x0000000089800000, 0x0000000089900000|  0%| F|  |TAMS 0x0000000089800000, 0x0000000089800000| Untracked 
|  15|0x0000000089900000, 0x0000000089900000, 0x0000000089a00000|  0%| F|  |TAMS 0x0000000089900000, 0x0000000089900000| Untracked 
|  16|0x0000000089a00000, 0x0000000089a00000, 0x0000000089b00000|  0%| F|  |TAMS 0x0000000089a00000, 0x0000000089a00000| Untracked 
|  17|0x0000000089b00000, 0x0000000089b00000, 0x0000000089c00000|  0%| F|  |TAMS 0x0000000089b00000, 0x0000000089b00000| Untracked 
|  18|0x0000000089c00000, 0x0000000089c00000, 0x0000000089d00000|  0%| F|  |TAMS 0x0000000089c00000, 0x0000000089c00000| Untracked 
|  19|0x0000000089d00000, 0x0000000089d00000, 0x0000000089e00000|  0%| F|  |TAMS 0x0000000089d00000, 0x0000000089d00000| Untracked 
|  20|0x0000000089e00000, 0x0000000089e00000, 0x0000000089f00000|  0%| F|  |TAMS 0x0000000089e00000, 0x0000000089e00000| Untracked 
|  21|0x0000000089f00000, 0x0000000089f00000, 0x000000008a000000|  0%| F|  |TAMS 0x0000000089f00000, 0x0000000089f00000| Untracked 
|  22|0x000000008a000000, 0x000000008a000000, 0x000000008a100000|  0%| F|  |TAMS 0x000000008a000000, 0x000000008a000000| Untracked 
|  23|0x000000008a100000, 0x000000008a100000, 0x000000008a200000|  0%| F|  |TAMS 0x000000008a100000, 0x000000008a100000| Untracked 
|  24|0x000000008a200000, 0x000000008a200000, 0x000000008a300000|  0%| F|  |TAMS 0x000000008a200000, 0x000000008a200000| Untracked 
|  25|0x000000008a300000, 0x000000008a300000, 0x000000008a400000|  0%| F|  |TAMS 0x000000008a300000, 0x000000008a300000| Untracked 
|  26|0x000000008a400000, 0x000000008a400000, 0x000000008a500000|  0%| F|  |TAMS 0x000000008a400000, 0x000000008a400000| Untracked 
|  27|0x000000008a500000, 0x000000008a500000, 0x000000008a600000|  0%| F|  |TAMS 0x000000008a500000, 0x000000008a500000| Untracked 
|  28|0x000000008a600000, 0x000000008a600000, 0x000000008a700000|  0%| F|  |TAMS 0x000000008a600000, 0x000000008a600000| Untracked 
|  29|0x000000008a700000, 0x000000008a700000, 0x000000008a800000|  0%| F|  |TAMS 0x000000008a700000, 0x000000008a700000| Untracked 
|  30|0x000000008a800000, 0x000000008a800000, 0x000000008a900000|  0%| F|  |TAMS 0x000000008a800000, 0x000000008a800000| Untracked 
|  31|0x000000008a900000, 0x000000008a900000, 0x000000008aa00000|  0%| F|  |TAMS 0x000000008a900000, 0x000000008a900000| Untracked 
|  32|0x000000008aa00000, 0x000000008aa00000, 0x000000008ab00000|  0%| F|  |TAMS 0x000000008aa00000, 0x000000008aa00000| Untracked 
|  33|0x000000008ab00000, 0x000000008ab00000, 0x000000008ac00000|  0%| F|  |TAMS 0x000000008ab00000, 0x000000008ab00000| Untracked 
|  34|0x000000008ac00000, 0x000000008ac00000, 0x000000008ad00000|  0%| F|  |TAMS 0x000000008ac00000, 0x000000008ac00000| Untracked 
|  35|0x000000008ad00000, 0x000000008ad00000, 0x000000008ae00000|  0%| F|  |TAMS 0x000000008ad00000, 0x000000008ad00000| Untracked 
|  36|0x000000008ae00000, 0x000000008ae00000, 0x000000008af00000|  0%| F|  |TAMS 0x000000008ae00000, 0x000000008ae00000| Untracked 
|  37|0x000000008af00000, 0x000000008af00000, 0x000000008b000000|  0%| F|  |TAMS 0x000000008af00000, 0x000000008af00000| Untracked 
|  38|0x000000008b000000, 0x000000008b000000, 0x000000008b100000|  0%| F|  |TAMS 0x000000008b000000, 0x000000008b000000| Untracked 
|  39|0x000000008b100000, 0x000000008b100000, 0x000000008b200000|  0%| F|  |TAMS 0x000000008b100000, 0x000000008b100000| Untracked 
|  40|0x000000008b200000, 0x000000008b200000, 0x000000008b300000|  0%| F|  |TAMS 0x000000008b200000, 0x000000008b200000| Untracked 
|  41|0x000000008b300000, 0x000000008b300000, 0x000000008b400000|  0%| F|  |TAMS 0x000000008b300000, 0x000000008b300000| Untracked 
|  42|0x000000008b400000, 0x000000008b400000, 0x000000008b500000|  0%| F|  |TAMS 0x000000008b400000, 0x000000008b400000| Untracked 
|  43|0x000000008b500000, 0x000000008b500000, 0x000000008b600000|  0%| F|  |TAMS 0x000000008b500000, 0x000000008b500000| Untracked 
|  44|0x000000008b600000, 0x000000008b600000, 0x000000008b700000|  0%| F|  |TAMS 0x000000008b600000, 0x000000008b600000| Untracked 
|  45|0x000000008b700000, 0x000000008b700000, 0x000000008b800000|  0%| F|  |TAMS 0x000000008b700000, 0x000000008b700000| Untracked 
|  46|0x000000008b800000, 0x000000008b800000, 0x000000008b900000|  0%| F|  |TAMS 0x000000008b800000, 0x000000008b800000| Untracked 
|  47|0x000000008b900000, 0x000000008b900000, 0x000000008ba00000|  0%| F|  |TAMS 0x000000008b900000, 0x000000008b900000| Untracked 
|  48|0x000000008ba00000, 0x000000008ba00000, 0x000000008bb00000|  0%| F|  |TAMS 0x000000008ba00000, 0x000000008ba00000| Untracked 
|  49|0x000000008bb00000, 0x000000008bb00000, 0x000000008bc00000|  0%| F|  |TAMS 0x000000008bb00000, 0x000000008bb00000| Untracked 
|  50|0x000000008bc00000, 0x000000008bc00000, 0x000000008bd00000|  0%| F|  |TAMS 0x000000008bc00000, 0x000000008bc00000| Untracked 
|  51|0x000000008bd00000, 0x000000008bd00000, 0x000000008be00000|  0%| F|  |TAMS 0x000000008bd00000, 0x000000008bd00000| Untracked 
|  52|0x000000008be00000, 0x000000008be00000, 0x000000008bf00000|  0%| F|  |TAMS 0x000000008be00000, 0x000000008be00000| Untracked 
|  53|0x000000008bf00000, 0x000000008bf00000, 0x000000008c000000|  0%| F|  |TAMS 0x000000008bf00000, 0x000000008bf00000| Untracked 
|  54|0x000000008c000000, 0x000000008c000000, 0x000000008c100000|  0%| F|  |TAMS 0x000000008c000000, 0x000000008c000000| Untracked 
|  55|0x000000008c100000, 0x000000008c100000, 0x000000008c200000|  0%| F|  |TAMS 0x000000008c100000, 0x000000008c100000| Untracked 
|  56|0x000000008c200000, 0x000000008c200000, 0x000000008c300000|  0%| F|  |TAMS 0x000000008c200000, 0x000000008c200000| Untracked 
|  57|0x000000008c300000, 0x000000008c300000, 0x000000008c400000|  0%| F|  |TAMS 0x000000008c300000, 0x000000008c300000| Untracked 
|  58|0x000000008c400000, 0x000000008c400000, 0x000000008c500000|  0%| F|  |TAMS 0x000000008c400000, 0x000000008c400000| Untracked 
|  59|0x000000008c500000, 0x000000008c500000, 0x000000008c600000|  0%| F|  |TAMS 0x000000008c500000, 0x000000008c500000| Untracked 
|  60|0x000000008c600000, 0x000000008c600000, 0x000000008c700000|  0%| F|  |TAMS 0x000000008c600000, 0x000000008c600000| Untracked 
|  61|0x000000008c700000, 0x000000008c700000, 0x000000008c800000|  0%| F|  |TAMS 0x000000008c700000, 0x000000008c700000| Untracked 
|  62|0x000000008c800000, 0x000000008c800000, 0x000000008c900000|  0%| F|  |TAMS 0x000000008c800000, 0x000000008c800000| Untracked 
|  63|0x000000008c900000, 0x000000008c900000, 0x000000008ca00000|  0%| F|  |TAMS 0x000000008c900000, 0x000000008c900000| Untracked 
|  64|0x000000008ca00000, 0x000000008ca00000, 0x000000008cb00000|  0%| F|  |TAMS 0x000000008ca00000, 0x000000008ca00000| Untracked 
|  65|0x000000008cb00000, 0x000000008cb00000, 0x000000008cc00000|  0%| F|  |TAMS 0x000000008cb00000, 0x000000008cb00000| Untracked 
|  66|0x000000008cc00000, 0x000000008cc00000, 0x000000008cd00000|  0%| F|  |TAMS 0x000000008cc00000, 0x000000008cc00000| Untracked 
|  67|0x000000008cd00000, 0x000000008cd00000, 0x000000008ce00000|  0%| F|  |TAMS 0x000000008cd00000, 0x000000008cd00000| Untracked 
|  68|0x000000008ce00000, 0x000000008ce00000, 0x000000008cf00000|  0%| F|  |TAMS 0x000000008ce00000, 0x000000008ce00000| Untracked 
|  69|0x000000008cf00000, 0x000000008cf00000, 0x000000008d000000|  0%| F|  |TAMS 0x000000008cf00000, 0x000000008cf00000| Untracked 
|  70|0x000000008d000000, 0x000000008d000000, 0x000000008d100000|  0%| F|  |TAMS 0x000000008d000000, 0x000000008d000000| Untracked 
|  71|0x000000008d100000, 0x000000008d100000, 0x000000008d200000|  0%| F|  |TAMS 0x000000008d100000, 0x000000008d100000| Untracked 
|  72|0x000000008d200000, 0x000000008d200000, 0x000000008d300000|  0%| F|  |TAMS 0x000000008d200000, 0x000000008d200000| Untracked 
|  73|0x000000008d300000, 0x000000008d300000, 0x000000008d400000|  0%| F|  |TAMS 0x000000008d300000, 0x000000008d300000| Untracked 
|  74|0x000000008d400000, 0x000000008d400000, 0x000000008d500000|  0%| F|  |TAMS 0x000000008d400000, 0x000000008d400000| Untracked 
|  75|0x000000008d500000, 0x000000008d500000, 0x000000008d600000|  0%| F|  |TAMS 0x000000008d500000, 0x000000008d500000| Untracked 
|  76|0x000000008d600000, 0x000000008d600000, 0x000000008d700000|  0%| F|  |TAMS 0x000000008d600000, 0x000000008d600000| Untracked 
|  77|0x000000008d700000, 0x000000008d700000, 0x000000008d800000|  0%| F|  |TAMS 0x000000008d700000, 0x000000008d700000| Untracked 
|  78|0x000000008d800000, 0x000000008d800000, 0x000000008d900000|  0%| F|  |TAMS 0x000000008d800000, 0x000000008d800000| Untracked 
|  79|0x000000008d900000, 0x000000008d900000, 0x000000008da00000|  0%| F|  |TAMS 0x000000008d900000, 0x000000008d900000| Untracked 
|  80|0x000000008da00000, 0x000000008da00000, 0x000000008db00000|  0%| F|  |TAMS 0x000000008da00000, 0x000000008da00000| Untracked 
|  81|0x000000008db00000, 0x000000008db00000, 0x000000008dc00000|  0%| F|  |TAMS 0x000000008db00000, 0x000000008db00000| Untracked 
|  82|0x000000008dc00000, 0x000000008dc00000, 0x000000008dd00000|  0%| F|  |TAMS 0x000000008dc00000, 0x000000008dc00000| Untracked 
|  83|0x000000008dd00000, 0x000000008dd00000, 0x000000008de00000|  0%| F|  |TAMS 0x000000008dd00000, 0x000000008dd00000| Untracked 
|  84|0x000000008de00000, 0x000000008de00000, 0x000000008df00000|  0%| F|  |TAMS 0x000000008de00000, 0x000000008de00000| Untracked 
|  85|0x000000008df00000, 0x000000008df00000, 0x000000008e000000|  0%| F|  |TAMS 0x000000008df00000, 0x000000008df00000| Untracked 
|  86|0x000000008e000000, 0x000000008e000000, 0x000000008e100000|  0%| F|  |TAMS 0x000000008e000000, 0x000000008e000000| Untracked 
|  87|0x000000008e100000, 0x000000008e100000, 0x000000008e200000|  0%| F|  |TAMS 0x000000008e100000, 0x000000008e100000| Untracked 
|  88|0x000000008e200000, 0x000000008e200000, 0x000000008e300000|  0%| F|  |TAMS 0x000000008e200000, 0x000000008e200000| Untracked 
|  89|0x000000008e300000, 0x000000008e300000, 0x000000008e400000|  0%| F|  |TAMS 0x000000008e300000, 0x000000008e300000| Untracked 
|  90|0x000000008e400000, 0x000000008e400000, 0x000000008e500000|  0%| F|  |TAMS 0x000000008e400000, 0x000000008e400000| Untracked 
|  91|0x000000008e500000, 0x000000008e500000, 0x000000008e600000|  0%| F|  |TAMS 0x000000008e500000, 0x000000008e500000| Untracked 
|  92|0x000000008e600000, 0x000000008e600000, 0x000000008e700000|  0%| F|  |TAMS 0x000000008e600000, 0x000000008e600000| Untracked 
|  93|0x000000008e700000, 0x000000008e700000, 0x000000008e800000|  0%| F|  |TAMS 0x000000008e700000, 0x000000008e700000| Untracked 
|  94|0x000000008e800000, 0x000000008e800000, 0x000000008e900000|  0%| F|  |TAMS 0x000000008e800000, 0x000000008e800000| Untracked 
|  95|0x000000008e900000, 0x000000008e900000, 0x000000008ea00000|  0%| F|  |TAMS 0x000000008e900000, 0x000000008e900000| Untracked 
|  96|0x000000008ea00000, 0x000000008ea00000, 0x000000008eb00000|  0%| F|  |TAMS 0x000000008ea00000, 0x000000008ea00000| Untracked 
|  97|0x000000008eb00000, 0x000000008eb00000, 0x000000008ec00000|  0%| F|  |TAMS 0x000000008eb00000, 0x000000008eb00000| Untracked 
|  98|0x000000008ec00000, 0x000000008ec00000, 0x000000008ed00000|  0%| F|  |TAMS 0x000000008ec00000, 0x000000008ec00000| Untracked 
|  99|0x000000008ed00000, 0x000000008ed00000, 0x000000008ee00000|  0%| F|  |TAMS 0x000000008ed00000, 0x000000008ed00000| Untracked 
| 100|0x000000008ee00000, 0x000000008ee00000, 0x000000008ef00000|  0%| F|  |TAMS 0x000000008ee00000, 0x000000008ee00000| Untracked 
| 101|0x000000008ef00000, 0x000000008ef00000, 0x000000008f000000|  0%| F|  |TAMS 0x000000008ef00000, 0x000000008ef00000| Untracked 
| 102|0x000000008f000000, 0x000000008f000000, 0x000000008f100000|  0%| F|  |TAMS 0x000000008f000000, 0x000000008f000000| Untracked 
| 103|0x000000008f100000, 0x000000008f100000, 0x000000008f200000|  0%| F|  |TAMS 0x000000008f100000, 0x000000008f100000| Untracked 
| 104|0x000000008f200000, 0x000000008f200000, 0x000000008f300000|  0%| F|  |TAMS 0x000000008f200000, 0x000000008f200000| Untracked 
| 105|0x000000008f300000, 0x000000008f300000, 0x000000008f400000|  0%| F|  |TAMS 0x000000008f300000, 0x000000008f300000| Untracked 
| 106|0x000000008f400000, 0x000000008f400000, 0x000000008f500000|  0%| F|  |TAMS 0x000000008f400000, 0x000000008f400000| Untracked 
| 107|0x000000008f500000, 0x000000008f500000, 0x000000008f600000|  0%| F|  |TAMS 0x000000008f500000, 0x000000008f500000| Untracked 
| 108|0x000000008f600000, 0x000000008f600000, 0x000000008f700000|  0%| F|  |TAMS 0x000000008f600000, 0x000000008f600000| Untracked 
| 109|0x000000008f700000, 0x000000008f700000, 0x000000008f800000|  0%| F|  |TAMS 0x000000008f700000, 0x000000008f700000| Untracked 
| 110|0x000000008f800000, 0x000000008f800000, 0x000000008f900000|  0%| F|  |TAMS 0x000000008f800000, 0x000000008f800000| Untracked 
| 111|0x000000008f900000, 0x000000008f900000, 0x000000008fa00000|  0%| F|  |TAMS 0x000000008f900000, 0x000000008f900000| Untracked 
| 112|0x000000008fa00000, 0x000000008fa00000, 0x000000008fb00000|  0%| F|  |TAMS 0x000000008fa00000, 0x000000008fa00000| Untracked 
| 113|0x000000008fb00000, 0x000000008fb00000, 0x000000008fc00000|  0%| F|  |TAMS 0x000000008fb00000, 0x000000008fb00000| Untracked 
| 114|0x000000008fc00000, 0x000000008fd00000, 0x000000008fd00000|100%| S|  |TAMS 0x000000008fc00000, 0x000000008fc00000| Complete 
| 115|0x000000008fd00000, 0x000000008fd6c0b0, 0x000000008fe00000| 42%| E|CS|TAMS 0x000000008fd00000, 0x000000008fd6c0b0| Complete 
| 116|0x000000008fe00000, 0x000000008ff00000, 0x000000008ff00000|100%| E|CS|TAMS 0x000000008fe00000, 0x000000008ff00000| Complete 
| 117|0x000000008ff00000, 0x0000000090000000, 0x0000000090000000|100%| E|CS|TAMS 0x000000008ff00000, 0x0000000090000000| Complete 
| 118|0x0000000090000000, 0x0000000090100000, 0x0000000090100000|100%| E|CS|TAMS 0x0000000090000000, 0x0000000090100000| Complete 
| 119|0x0000000090100000, 0x0000000090200000, 0x0000000090200000|100%| E|CS|TAMS 0x0000000090100000, 0x0000000090200000| Complete 

Card table byte_map: [0x0000025224930000,0x0000025224cf0000] _byte_map_base: 0x00000252244eb000

Marking Bits (Prev, Next): (CMBitMap*) 0x000002520cb5e5d8, (CMBitMap*) 0x000002520cb5e618
 Prev Bits: [0x00000252250b0000, 0x0000025226e88000)
 Next Bits: [0x0000025226e90000, 0x0000025228c68000)

Polling page: 0x000002520b140000

Metaspace:

Usage:
  Non-class:      5.68 MB capacity,     5.56 MB ( 98%) used,   108.10 KB (  2%) free+waste,    19.38 KB ( <1%) overhead. 
      Class:    867.00 KB capacity,   768.74 KB ( 89%) used,    87.51 KB ( 10%) free+waste,    10.75 KB (  1%) overhead. 
       Both:      6.53 MB capacity,     6.31 MB ( 97%) used,   195.61 KB (  3%) free+waste,    30.13 KB ( <1%) overhead. 

Virtual space:
  Non-class space:       14.00 MB reserved,       5.75 MB ( 41%) committed 
      Class space:        1.00 GB reserved,     896.00 KB ( <1%) committed 
             Both:        1.01 GB reserved,       6.63 MB ( <1%) committed 

Chunk freelists:
   Non-Class:  3.00 KB
       Class:  29.00 KB
        Both:  32.00 KB

MaxMetaspaceSize: 17179869184.00 GB
CompressedClassSpaceSize: 1.00 GB

CodeHeap 'non-profiled nmethods': size=120064Kb used=152Kb max_used=152Kb free=119911Kb
 bounds [0x000002521caf0000, 0x000002521cd60000, 0x0000025224030000]
CodeHeap 'profiled nmethods': size=120000Kb used=975Kb max_used=975Kb free=119024Kb
 bounds [0x00000252155c0000, 0x0000025215830000, 0x000002521caf0000]
CodeHeap 'non-nmethods': size=5696Kb used=1227Kb max_used=1227Kb free=4468Kb
 bounds [0x0000025215030000, 0x00000252152a0000, 0x00000252155c0000]
 total_blobs=1412 nmethods=572 adapters=407
 compilation: enabled
              stopped_count=0, restarted_count=0
 full_count=0

Compilation events (20 events):
Event: 1.209 Thread 0x000002522b05e800  556       4       java.util.HashMap::putVal (300 bytes)
Event: 1.217 Thread 0x000002522b0c6000 nmethod 546 0x0000025215698390 code [0x0000025215699600, 0x00000252156a5650]
Event: 1.217 Thread 0x000002522b0c6000  549       3       java.util.HashSet::add (20 bytes)
Event: 1.217 Thread 0x000002522b0c6000 nmethod 549 0x00000252156a8590 code [0x00000252156a8740, 0x00000252156a8a10]
Event: 1.217 Thread 0x000002522b0c6000  552       3       java.util.Hashtable$Enumerator::hasMoreElements (53 bytes)
Event: 1.217 Thread 0x000002522b0c6000 nmethod 552 0x00000252156a8b10 code [0x00000252156a8cc0, 0x00000252156a9018]
Event: 1.217 Thread 0x000002522b0c6000  550       3       java.util.Objects::hashCode (13 bytes)
Event: 1.218 Thread 0x000002522b0c6000 nmethod 550 0x00000252156a9110 code [0x00000252156a92c0, 0x00000252156a9530]
Event: 1.218 Thread 0x000002522b0c6000  551       3       java.util.Hashtable$Enumerator::hasNext (5 bytes)
Event: 1.218 Thread 0x000002522b0c6000 nmethod 551 0x00000252156a9610 code [0x00000252156a97c0, 0x00000252156a9970]
Event: 1.218 Thread 0x000002522b0c6000  553       3       java.util.Hashtable$Enumerator::next (27 bytes)
Event: 1.218 Thread 0x000002522b0c6000 nmethod 553 0x00000252156a9a10 code [0x00000252156a9be0, 0x00000252156a9e60]
Event: 1.218 Thread 0x000002522b0c6000  554       3       java.util.Hashtable$Enumerator::nextElement (111 bytes)
Event: 1.219 Thread 0x000002522b0c6000 nmethod 554 0x00000252156a9f90 code [0x00000252156aa180, 0x00000252156aa6b0]
Event: 1.219 Thread 0x000002522b0c6000  555       3       java.util.Hashtable$Entry::hashCode (13 bytes)
Event: 1.219 Thread 0x000002522b0c6000 nmethod 555 0x00000252156aa810 code [0x00000252156aa9c0, 0x00000252156aacd0]
Event: 1.219 Thread 0x000002522b0c6000  547       3       java.util.ResourceBundle::getObject (82 bytes)
Event: 1.220 Thread 0x000002522b0c6000 nmethod 547 0x00000252156aae10 code [0x00000252156ab100, 0x00000252156abf00]
Event: 1.220 Thread 0x000002522b0c6000  548       3       java.util.ListResourceBundle::handleGetObject (34 bytes)
Event: 1.221 Thread 0x000002522b0c6000 nmethod 548 0x00000252156ac390 code [0x00000252156ac560, 0x00000252156ac950]

GC Heap History (0 events):
No events

Deoptimization events (4 events):
Event: 0.255 Thread 0x000002520cb1d000 Uncommon trap: trap_request=0xffffff45 fr.pc=0x000002521caf4b4c relative=0x00000000000001ac
Event: 0.255 Thread 0x000002520cb1d000 Uncommon trap: reason=unstable_if action=reinterpret pc=0x000002521caf4b4c method=java.lang.String.hashCode()I @ 42 c2
Event: 0.255 Thread 0x000002520cb1d000 DEOPT PACKING pc=0x000002521caf4b4c sp=0x000000ebe33fdfc0
Event: 0.255 Thread 0x000002520cb1d000 DEOPT UNPACKING pc=0x000002521507942f sp=0x000000ebe33fdf58 mode 2

Classes unloaded (0 events):
No events

Classes redefined (0 events):
No events

Internal exceptions (20 events):
Event: 1.081 Thread 0x000002520cb1d000 Exception <a 'java/lang/ClassNotFoundException'{0x000000008fe7d3d8}: PasswordField> (0x000000008fe7d3d8) 
thrown [t:/workspace/open/src/hotspot/share/classfile/systemDictionary.cpp, line 232]
Event: 1.082 Thread 0x000002520cb1d000 Exception <a 'java/lang/ClassNotFoundException'{0x000000008fe7d930}: TextArea> (0x000000008fe7d930) 
thrown [t:/workspace/open/src/hotspot/share/classfile/systemDictionary.cpp, line 232]
Event: 1.084 Thread 0x000002520cb1d000 Exception <a 'java/lang/ClassNotFoundException'{0x000000008fe7e270}: TextPane> (0x000000008fe7e270) 
thrown [t:/workspace/open/src/hotspot/share/classfile/systemDictionary.cpp, line 232]
Event: 1.085 Thread 0x000002520cb1d000 Exception <a 'java/lang/ClassNotFoundException'{0x000000008fe7e6d8}: EditorPane> (0x000000008fe7e6d8) 
thrown [t:/workspace/open/src/hotspot/share/classfile/systemDictionary.cpp, line 232]
Event: 1.085 Thread 0x000002520cb1d000 Exception <a 'java/lang/ClassNotFoundException'{0x000000008fe7f038}: ToolBar> (0x000000008fe7f038) 
thrown [t:/workspace/open/src/hotspot/share/classfile/systemDictionary.cpp, line 232]
Event: 1.086 Thread 0x000002520cb1d000 Exception <a 'java/lang/ClassNotFoundException'{0x000000008fe7f530}: ToolBar> (0x000000008fe7f530) 
thrown [t:/workspace/open/src/hotspot/share/classfile/systemDictionary.cpp, line 232]
Event: 1.086 Thread 0x000002520cb1d000 Exception <a 'java/lang/ClassNotFoundException'{0x000000008fe7f890}: Button> (0x000000008fe7f890) 
thrown [t:/workspace/open/src/hotspot/share/classfile/systemDictionary.cpp, line 232]
Event: 1.086 Thread 0x000002520cb1d000 Exception <a 'java/lang/ClassNotFoundException'{0x000000008fe7fd58}: ToolBar> (0x000000008fe7fd58) 
thrown [t:/workspace/open/src/hotspot/share/classfile/systemDictionary.cpp, line 232]
Event: 1.086 Thread 0x000002520cb1d000 Exception <a 'java/lang/ClassNotFoundException'{0x000000008fe800c8}: ToggleButton> (0x000000008fe800c8) 
thrown [t:/workspace/open/src/hotspot/share/classfile/systemDictionary.cpp, line 232]
Event: 1.086 Thread 0x000002520cb1d000 Exception <a 'java/lang/ClassNotFoundException'{0x000000008fe80508}: javax/swing/JToolBarSeparator> (0x000000008fe80508) 
thrown [t:/workspace/open/src/hotspot/share/classfile/systemDictionary.cpp, line 232]
Event: 1.086 Thread 0x000002520cb1d000 Exception <a 'java/lang/ClassNotFoundException'{0x000000008fe80810}: ToolBarSeparator> (0x000000008fe80810) 
thrown [t:/workspace/open/src/hotspot/share/classfile/systemDictionary.cpp, line 232]
Event: 1.087 Thread 0x000002520cb1d000 Exception <a 'java/lang/ClassNotFoundException'{0x000000008fe80d28}: ToolTip> (0x000000008fe80d28) 
thrown [t:/workspace/open/src/hotspot/share/classfile/systemDictionary.cpp, line 232]
Event: 1.089 Thread 0x000002520cb1d000 Exception <a 'java/lang/ClassNotFoundException'{0x000000008fe81678}: Tree> (0x000000008fe81678) 
thrown [t:/workspace/open/src/hotspot/share/classfile/systemDictionary.cpp, line 232]
Event: 1.089 Thread 0x000002520cb1d000 Exception <a 'java/lang/ClassNotFoundException'{0x000000008fe81b70}: Tree> (0x000000008fe81b70) 
thrown [t:/workspace/open/src/hotspot/share/classfile/systemDictionary.cpp, line 232]
Event: 1.089 Thread 0x000002520cb1d000 Exception <a 'java/lang/ClassNotFoundException'{0x000000008fe81ee0}: javax/swing/JTreeCell> (0x000000008fe81ee0) 
thrown [t:/workspace/open/src/hotspot/share/classfile/systemDictionary.cpp, line 232]
Event: 1.089 Thread 0x000002520cb1d000 Exception <a 'java/lang/ClassNotFoundException'{0x000000008fe821e0}: TreeCell> (0x000000008fe821e0) 
thrown [t:/workspace/open/src/hotspot/share/classfile/systemDictionary.cpp, line 232]
Event: 1.090 Thread 0x000002520cb1d000 Exception <a 'java/lang/ClassNotFoundException'{0x000000008fe829a0}: RootPane> (0x000000008fe829a0) 
thrown [t:/workspace/open/src/hotspot/share/classfile/systemDictionary.cpp, line 232]
Event: 1.095 Thread 0x000002520cb1d000 Exception <a 'java/lang/ClassNotFoundException'{0x000000008fe857d0}: com/sun/swing/internal/plaf/metal/resources/spi/metalProvider> (0x000000008fe857d0) 
thrown [t:/workspace/open/src/hotspot/share/classfile/systemDictionary.cpp, line 232]
Event: 1.098 Thread 0x000002520cb1d000 Exception <a 'java/lang/ClassNotFoundException'{0x000000008fe89810}: com/sun/swing/internal/plaf/basic/resources/spi/basicProvider> (0x000000008fe89810) 
thrown [t:/workspace/open/src/hotspot/share/classfile/systemDictionary.cpp, line 232]
Event: 1.196 Thread 0x000002522c1bc800 Exception <a 'java/lang/ClassNotFoundException'{0x000000008fd18e28}: com/sun/swing/internal/plaf/synth/resources/spi/synthProvider> (0x000000008fd18e28) 
thrown [t:/workspace/open/src/hotspot/share/classfile/systemDictionary.cpp, line 232]

Events (20 events):
Event: 1.201 loading class javax/swing/plaf/synth/SynthContext
Event: 1.201 loading class javax/swing/plaf/synth/SynthContext done
Event: 1.201 loading class javax/swing/plaf/nimbus/NimbusStyle
Event: 1.201 loading class javax/swing/plaf/nimbus/NimbusStyle done
Event: 1.202 loading class javax/swing/plaf/nimbus/NimbusStyle$1
Event: 1.202 loading class javax/swing/plaf/nimbus/NimbusStyle$1 done
Event: 1.202 loading class javax/swing/plaf/nimbus/NimbusStyle$CacheKey
Event: 1.202 loading class javax/swing/plaf/nimbus/NimbusStyle$CacheKey done
Event: 1.202 loading class javax/swing/plaf/nimbus/SynthPainterImpl
Event: 1.203 loading class javax/swing/plaf/synth/SynthPainter
Event: 1.204 loading class javax/swing/plaf/synth/SynthPainter done
Event: 1.204 loading class javax/swing/plaf/nimbus/SynthPainterImpl done
Event: 1.204 loading class javax/swing/plaf/synth/SynthPainter$1
Event: 1.204 loading class javax/swing/plaf/synth/SynthPainter$1 done
Event: 1.204 loading class javax/swing/plaf/synth/SynthBorder
Event: 1.205 loading class javax/swing/plaf/synth/SynthBorder done
Event: 1.205 loading class javax/swing/plaf/nimbus/NimbusStyle$Values
Event: 1.205 loading class javax/swing/plaf/nimbus/NimbusStyle$Values done
Event: 1.205 loading class java/util/Hashtable$EntrySet
Event: 1.205 loading class java/util/Hashtable$EntrySet done


Dynamic libraries:
0x00007ff70eac0000 - 0x00007ff70eacf000 	C:\Program Files\Java\jdk-13.0.2\bin\java.exe
0x00007fffdca70000 - 0x00007fffdcc65000 	C:\WINDOWS\SYSTEM32\ntdll.dll
0x00007fffdc6b0000 - 0x00007fffdc76d000 	C:\WINDOWS\System32\KERNEL32.DLL
0x00007fffda410000 - 0x00007fffda6d8000 	C:\WINDOWS\System32\KERNELBASE.dll
0x00007fffda290000 - 0x00007fffda390000 	C:\WINDOWS\System32\ucrtbase.dll
0x00007fffcb010000 - 0x00007fffcb028000 	C:\Program Files\Java\jdk-13.0.2\bin\jli.dll
0x00007fffdbbd0000 - 0x00007fffdbc7c000 	C:\WINDOWS\System32\ADVAPI32.dll
0x00007fffdc930000 - 0x00007fffdc9ce000 	C:\WINDOWS\System32\msvcrt.dll
0x00007fffdbb30000 - 0x00007fffdbbcb000 	C:\WINDOWS\System32\sechost.dll
0x00007fffdc7a0000 - 0x00007fffdc8cb000 	C:\WINDOWS\System32\RPCRT4.dll
0x00007fffdae80000 - 0x00007fffdb020000 	C:\WINDOWS\System32\USER32.dll
0x00007fffda1b0000 - 0x00007fffda1d2000 	C:\WINDOWS\System32\win32u.dll
0x00007fffdac70000 - 0x00007fffdac9a000 	C:\WINDOWS\System32\GDI32.dll
0x00007fffda740000 - 0x00007fffda84b000 	C:\WINDOWS\System32\gdi32full.dll
0x00007fffda850000 - 0x00007fffda8ed000 	C:\WINDOWS\System32\msvcp_win.dll
0x00007fffcaf40000 - 0x00007fffcaf55000 	C:\Program Files\Java\jdk-13.0.2\bin\VCRUNTIME140.dll
0x00007fffc7670000 - 0x00007fffc790a000 	C:\WINDOWS\WinSxS\amd64_microsoft.windows.common-controls_6595b64144ccf1df_6.0.19041.844_none_ca00b6081b84eb1d\COMCTL32.dll
0x00007fffd0be0000 - 0x00007fffd0bea000 	C:\WINDOWS\SYSTEM32\VERSION.dll
0x00007fffdc770000 - 0x00007fffdc7a0000 	C:\WINDOWS\System32\IMM32.DLL
0x00007fffbc300000 - 0x00007fffbc39b000 	C:\Program Files\Java\jdk-13.0.2\bin\msvcp140.dll
0x00007fff9e080000 - 0x00007fff9ebdd000 	C:\Program Files\Java\jdk-13.0.2\bin\server\jvm.dll
0x00007fffdbb20000 - 0x00007fffdbb28000 	C:\WINDOWS\System32\PSAPI.DLL
0x00007fffc6890000 - 0x00007fffc6899000 	C:\WINDOWS\SYSTEM32\WSOCK32.dll
0x00007fffdbab0000 - 0x00007fffdbb1b000 	C:\WINDOWS\System32\WS2_32.dll
0x00007fffd0bb0000 - 0x00007fffd0bd7000 	C:\WINDOWS\SYSTEM32\WINMM.dll
0x00007fffd8bd0000 - 0x00007fffd8be2000 	C:\WINDOWS\SYSTEM32\kernel.appcore.dll
0x00007fffd69d0000 - 0x00007fffd69e0000 	C:\Program Files\Java\jdk-13.0.2\bin\verify.dll
0x00007fffd80d0000 - 0x00007fffd82b4000 	C:\WINDOWS\SYSTEM32\DBGHELP.DLL
0x00007fffc7cd0000 - 0x00007fffc7cfc000 	C:\WINDOWS\SYSTEM32\dbgcore.DLL
0x00007fffda390000 - 0x00007fffda410000 	C:\WINDOWS\System32\bcryptPrimitives.dll
0x00007fffc9aa0000 - 0x00007fffc9ac6000 	C:\Program Files\Java\jdk-13.0.2\bin\java.dll
0x00007fffc9790000 - 0x00007fffc97a7000 	C:\Program Files\Java\jdk-13.0.2\bin\zip.dll
0x00007fffd56c0000 - 0x00007fffd56ca000 	C:\Program Files\Java\jdk-13.0.2\bin\jimage.dll
0x00007fffdb2b0000 - 0x00007fffdb9f2000 	C:\WINDOWS\System32\SHELL32.dll
0x00007fffd82e0000 - 0x00007fffd8a70000 	C:\WINDOWS\SYSTEM32\windows.storage.dll
0x00007fffdbc80000 - 0x00007fffdbfd5000 	C:\WINDOWS\System32\combase.dll
0x00007fffd9b50000 - 0x00007fffd9b7c000 	C:\WINDOWS\SYSTEM32\Wldp.dll
0x00007fffdba00000 - 0x00007fffdbaae000 	C:\WINDOWS\System32\SHCORE.dll
0x00007fffdc9d0000 - 0x00007fffdca25000 	C:\WINDOWS\System32\shlwapi.dll
0x00007fffda0f0000 - 0x00007fffda10f000 	C:\WINDOWS\SYSTEM32\profapi.dll
0x00007fffbc2e0000 - 0x00007fffbc2f9000 	C:\Program Files\Java\jdk-13.0.2\bin\net.dll
0x00007fffceb30000 - 0x00007fffcec3b000 	C:\WINDOWS\SYSTEM32\WINHTTP.dll
0x00007fffd98c0000 - 0x00007fffd992a000 	C:\WINDOWS\system32\mswsock.dll
0x00007fffbc2c0000 - 0x00007fffbc2d3000 	C:\Program Files\Java\jdk-13.0.2\bin\nio.dll
0x00007fffbc120000 - 0x00007fffbc2b9000 	C:\Program Files\Java\jdk-13.0.2\bin\awt.dll
0x00007fffdaca0000 - 0x00007fffdad6d000 	C:\WINDOWS\System32\OLEAUT32.dll
0x00007fffd74d0000 - 0x00007fffd7560000 	C:\WINDOWS\SYSTEM32\apphelp.dll
0x00007fffd75d0000 - 0x00007fffd766e000 	C:\WINDOWS\system32\uxtheme.dll
0x00007fffdab50000 - 0x00007fffdac65000 	C:\WINDOWS\System32\MSCTF.dll
0x00007fffdb120000 - 0x00007fffdb24a000 	C:\WINDOWS\System32\ole32.dll
0x00007fffd76b0000 - 0x00007fffd76df000 	C:\WINDOWS\system32\DWMAPI.DLL
0x00007fffbc090000 - 0x00007fffbc112000 	C:\Program Files\Java\jdk-13.0.2\bin\freetype.dll
0x00007fffba420000 - 0x00007fffba4c6000 	C:\Program Files\Java\jdk-13.0.2\bin\fontmanager.dll
0x00007fffa3260000 - 0x00007fffa3386000 	C:\WINDOWS\system32\opengl32.dll
0x00007fffc80f0000 - 0x00007fffc811c000 	C:\WINDOWS\SYSTEM32\GLU32.dll
0x00007fffa6bf0000 - 0x00007fffa6dbe000 	C:\WINDOWS\system32\d3d9.dll
0x00007fffd01b0000 - 0x00007fffd08a6000 	C:\WINDOWS\SYSTEM32\d3d10warp.dll
0x00007fffd57c0000 - 0x00007fffd57fb000 	C:\WINDOWS\SYSTEM32\dxcore.dll
0x00007fffdaa80000 - 0x00007fffdaace000 	C:\WINDOWS\System32\cfgmgr32.dll

dbghelp: loaded successfully - version: 4.0.5 - missing functions: none
symbol engine: initialized successfully - sym options: 0x614 - pdb path: .;C:\Program Files\Java\jdk-13.0.2\bin;C:\WINDOWS\SYSTEM32;C:\WINDOWS\WinSxS\amd64_microsoft.windows.common-controls_6595b64144ccf1df_6.0.19041.844_none_ca00b6081b84eb1d;C:\Program Files\Java\jdk-13.0.2\bin\server

VM Arguments:
java_command: com.ish.monsterspirit.MainDashBoard_Testing_septian
java_class_path (initial): C:\Users\User\Documents\NetBeansProjects\MonsterSpirit\target\classes;C:\Users\User\.m2\repository\mysql\mysql-connector-java\5.1.36\mysql-connector-java-5.1.36.jar;C:\Users\User\.m2\repository\unknown\binary\AbsoluteLayout\SNAPSHOT\AbsoluteLayout-SNAPSHOT.jar
Launcher Type: SUN_STANDARD

[Global flags]
     intx CICompilerCount                          = 2                                         {product} {ergonomic}
     uint ConcGCThreads                            = 1                                         {product} {ergonomic}
     uint G1ConcRefinementThreads                  = 2                                         {product} {ergonomic}
   size_t G1HeapRegionSize                         = 1048576                                   {product} {ergonomic}
    uintx GCDrainStackTargetSize                   = 64                                        {product} {ergonomic}
   size_t InitialHeapSize                          = 125829120                                 {product} {ergonomic}
   size_t MarkStackSize                            = 4194304                                   {product} {ergonomic}
   size_t MaxHeapSize                              = 2002780160                                {product} {ergonomic}
   size_t MaxNewSize                               = 1201668096                                {product} {ergonomic}
   size_t MinHeapDeltaBytes                        = 1048576                                   {product} {ergonomic}
   size_t MinHeapSize                              = 8388608                                   {product} {ergonomic}
    uintx NonNMethodCodeHeapSize                   = 5826188                                {pd product} {ergonomic}
    uintx NonProfiledCodeHeapSize                  = 122916026                              {pd product} {ergonomic}
    uintx ProfiledCodeHeapSize                     = 122916026                              {pd product} {ergonomic}
    uintx ReservedCodeCacheSize                    = 251658240                              {pd product} {ergonomic}
     bool SegmentedCodeCache                       = true                                      {product} {ergonomic}
   size_t SoftMaxHeapSize                          = 2002780160                             {manageable} {ergonomic}
     bool UseCompressedClassPointers               = true                                 {lp64_product} {ergonomic}
     bool UseCompressedOops                        = true                                 {lp64_product} {ergonomic}
     bool UseG1GC                                  = true                                      {product} {ergonomic}
     bool UseLargePagesIndividualAllocation        = false                                  {pd product} {ergonomic}

Logging:
Log output configuration:
 #0: stdout all=warning uptime,level,tags
 #1: stderr all=off uptime,level,tags

Environment Variables:
JAVA_HOME=C:\Program Files\Java\jdk-13.0.2
PATH=C:\Program Files (x86)\VMware\VMware Workstation\bin\;C:\oraclexe\app\oracle\product\11.2.0\server\bin;;C:\Program Files (x86)\Common Files\Oracle\Java\javapath;C:\ProgramData\Oracle\Java\javapath;C:\WINDOWS\system32;C:\WINDOWS;C:\WINDOWS\System32\Wbem;C:\WINDOWS\System32\WindowsPowerShell\v1.0\;C:\Program Files\Microsoft SQL Server\120\DTS\Binn\;C:\Program Files\Microsoft SQL Server\Client SDK\ODBC\110\Tools\Binn\;C:\Program Files (x86)\Microsoft SQL Server\120\Tools\Binn\;C:\Program Files\Microsoft SQL Server\120\Tools\Binn\;C:\Program Files (x86)\Microsoft SQL Server\120\Tools\Binn\ManagementStudio\;C:\Program Files (x86)\Microsoft SQL Server\120\DTS\Binn\;X:\NODES\;C:\Program Files\Java\jdk1.8.0_152\bin;C:\Program Files\Java\jre1.8.0_152\bin;C:\Users\User\AppData\Local\Android\sdk\platform-tools;C:\Program Files\Git\cmd;C:\Program Files (x86)\GtkSharp\2.12\bin;C:\WINDOWS\System32\OpenSSH\;X:\ALL\Private Software\Putty\;C:\Program Files (x86)\AOMEI Backupper;C:\Program Files\Microsoft VS Code\bin;X:\ALL\Private Software\Pyhton 3.9\Scripts\;X:\ALL\Private Software\Pyhton 3.9\;X:\ALL\Private Software\Python 3.7.8(64)\Scripts\;X:\ALL\Private Software\Python 3.7.8(64)\;C:\Users\User\AppData\Local\Microsoft\WindowsApps;C:\Users\User\AppData\Roaming\npm;;X:\ALL\Private Software\Microsoft VS Code\bin
USERNAME=User
OS=Windows_NT
PROCESSOR_IDENTIFIER=AMD64 Family 21 Model 112 Stepping 0, AuthenticAMD



---------------  S Y S T E M  ---------------

OS: Windows 10 , 64 bit Build 19041 (10.0.19041.928)

CPU:total 2 (initial active 2) (2 cores per cpu, 1 threads per core) family 21 model 112 stepping 0, cmov, cx8, fxsr, mmx, sse, sse2, sse3, ssse3, sse4.1, sse4.2, popcnt, avx, avx2, aes, clmul, mmxext, 3dnowpref, lzcnt, sse4a, tsc, tscinvbit, tscinv, bmi1, bmi2, fma

Memory: 4k page, system-wide physical 7638M (2032M free)
TotalPageFile size 31190M (AvailPageFile size 3M)
current process WorkingSet (physical memory assigned to process): 54M, peak: 54M
current process commit charge ("private bytes"): 202M, peak: 202M

vm_info: Java HotSpot(TM) 64-Bit Server VM (13.0.2+8) for windows-amd64 JRE (13.0.2+8), built on Dec 11 2019 09:20:33 by "mach5one" with unknown MS VC++:1916

END.
